#
# There is insufficient memory for the Java Runtime Environment to continue.
# Native memory allocation (malloc) failed to allocate 1125776 bytes for Chunk::new
# Possible reasons:
#   The system is out of physical RAM or swap space
#   The process is running with CompressedOops enabled, and the Java Heap may be blocking the growth of the native heap
# Possible solutions:
#   Reduce memory load on the system
#   Increase physical memory or swap space
#   Check if swap backing store is full
#   Decrease Java heap size (-Xmx/-Xms)
#   Decrease number of Java threads
#   Decrease Java thread stack sizes (-Xss)
#   Set larger code cache with -XX:ReservedCodeCacheSize=
#   JVM is running with Unscaled Compressed Oops mode in which the Java heap is
#     placed in the first 4GB address space. The Java Heap base address is the
#     maximum limit for the native heap growth. Please use -XX:HeapBaseMinAddress
#     to set the Java Heap base and to place the Java Heap above 4GB virtual address.
# This output file may be truncated or incomplete.
#
#  Out of Memory Error (src/hotspot/share/memory/arena.cpp:197), pid=9400, tid=1272
#
# JRE version: OpenJDK Runtime Environment (11.0.15) (build 11.0.15+0-b2043.56-8887301)
# Java VM: OpenJDK 64-Bit Server VM (11.0.15+0-b2043.56-8887301, mixed mode, tiered, compressed oops, g1 gc, windows-amd64)
# No core dump will be written. Minidumps are not enabled by default on client versions of Windows
#

---------------  S U M M A R Y ------------

Command Line: --add-opens=java.base/java.util=ALL-UNNAMED --add-opens=java.base/java.lang=ALL-UNNAMED --add-opens=java.base/java.lang.invoke=ALL-UNNAMED --add-opens=java.base/java.util=ALL-UNNAMED --add-opens=java.prefs/java.util.prefs=ALL-UNNAMED --add-opens=java.prefs/java.util.prefs=ALL-UNNAMED --add-opens=java.base/java.nio.charset=ALL-UNNAMED --add-opens=java.base/java.net=ALL-UNNAMED --add-opens=java.base/java.util.concurrent.atomic=ALL-UNNAMED -Xmx2048m -Dfile.encoding=UTF-8 -Duser.country=US -Duser.language=en -Duser.variant org.gradle.launcher.daemon.bootstrap.GradleDaemon 7.5

Host: Intel(R) Core(TM) i3-7020U CPU @ 2.30GHz, 4 cores, 3G,  Windows 10 , 64 bit Build 19041 (10.0.19041.2364)
Time: Fri Jan 27 13:42:54 2023 GTB Standard Time elapsed time: 297.214298 seconds (0d 0h 4m 57s)

---------------  T H R E A D  ---------------

Current thread (0x00000287fd193800):  JavaThread "C2 CompilerThread1" daemon [_thread_in_native, id=1272, stack(0x000000ca5dd00000,0x000000ca5de00000)]


Current CompileTask:
C2: 297214 18676       4       org.apache.xerces.dom.DeferredElementNSImpl::synchronizeData (232 bytes)

Stack: [0x000000ca5dd00000,0x000000ca5de00000]
Native frames: (J=compiled Java code, j=interpreted, Vv=VM code, C=native code)
V  [jvm.dll+0x64135a]
V  [jvm.dll+0x7d39f9]
V  [jvm.dll+0x7d51b9]
V  [jvm.dll+0x7d58a3]
V  [jvm.dll+0x2691c5]
V  [jvm.dll+0xc1a5c]
V  [jvm.dll+0xc200c]
V  [jvm.dll+0x377462]
V  [jvm.dll+0x1b3732]
V  [jvm.dll+0x22163e]
V  [jvm.dll+0x220498]
V  [jvm.dll+0x19e851]
V  [jvm.dll+0x230479]
V  [jvm.dll+0x22e5ef]
V  [jvm.dll+0x794de1]
V  [jvm.dll+0x78dc24]
V  [jvm.dll+0x6400f6]
C  [ucrtbase.dll+0x21bb2]
C  [KERNEL32.DLL+0x17614]
C  [ntdll.dll+0x526a1]


---------------  P R O C E S S  ---------------

Threads class SMR info:
_java_thread_list=0x000002879721aed0, length=90, elements={
0x00000287ef9f4800, 0x00000287fc4ff000, 0x00000287fc502800, 0x00000287fc566000,
0x00000287fc567000, 0x00000287fc56a000, 0x00000287fc56b000, 0x00000287fceeb000,
0x00000287fcefe000, 0x00000287fd01f000, 0x00000287fe817800, 0x00000287fe49b800,
0x00000287fe7fd800, 0x00000287fd31d000, 0x00000287fd323000, 0x00000287fd320800,
0x00000287fd31e800, 0x00000287fd322000, 0x00000287fd321000, 0x0000028790d25800,
0x0000028790d26800, 0x0000028790d22800, 0x0000028790d28000, 0x0000028790d29000,
0x00000287905b4000, 0x00000287905b4800, 0x000002879142d800, 0x0000028791425800,
0x0000028791429800, 0x00000287fd336000, 0x0000028790d2a800, 0x00000287fcfb5000,
0x00000287fcfb3800, 0x00000287fcfb2800, 0x00000287fcfb2000, 0x00000287fcfb4800,
0x00000287fcfb1000, 0x00000287fcfaf800, 0x00000287fcfb6000, 0x00000287fcfb0800,
0x00000287fd331000, 0x00000287fd32f800, 0x00000287fd32e000, 0x00000287fd332000,
0x00000287fd332800, 0x00000287fd330000, 0x00000287fd32d000, 0x00000287fd333800,
0x00000287fd334800, 0x00000287fd32e800, 0x00000287fd337000, 0x00000287fd337800,
0x00000287fd339000, 0x00000287fd33b000, 0x00000287fd338800, 0x00000287fd335000,
0x00000287fd33a000, 0x00000287fd33b800, 0x00000287905a6800, 0x00000287905a7800,
0x00000287905a9000, 0x00000287905ab800, 0x00000287905a6000, 0x00000287905ac800,
0x00000287905ad800, 0x00000287905aa000, 0x00000287905ae000, 0x00000287905ab000,
0x00000287905a8800, 0x00000287905af000, 0x00000287905b1800, 0x00000287905af800,
0x00000287905b2000, 0x00000287905b3000, 0x00000287905b0800, 0x0000028791426000,
0x000002879142a000, 0x0000028791427000, 0x0000028791428800, 0x0000028791424800,
0x000002879142c000, 0x000002879142f000, 0x000002879142e000, 0x0000028791430800,
0x000002879142c800, 0x000002879142b000, 0x0000028791433000, 0x0000028791431800,
0x0000028791432800, 0x00000287fd193800
}

Java Threads: ( => current thread )
  0x00000287ef9f4800 JavaThread "main" [_thread_blocked, id=3436, stack(0x000000ca57c00000,0x000000ca57d00000)]
  0x00000287fc4ff000 JavaThread "Reference Handler" daemon [_thread_blocked, id=8196, stack(0x000000ca58300000,0x000000ca58400000)]
  0x00000287fc502800 JavaThread "Finalizer" daemon [_thread_blocked, id=7148, stack(0x000000ca58400000,0x000000ca58500000)]
  0x00000287fc566000 JavaThread "Signal Dispatcher" daemon [_thread_blocked, id=7140, stack(0x000000ca58500000,0x000000ca58600000)]
  0x00000287fc567000 JavaThread "Attach Listener" daemon [_thread_blocked, id=14320, stack(0x000000ca58600000,0x000000ca58700000)]
  0x00000287fc56a000 JavaThread "Service Thread" daemon [_thread_blocked, id=360, stack(0x000000ca58700000,0x000000ca58800000)]
  0x00000287fc56b000 JavaThread "C2 CompilerThread0" daemon [_thread_in_native, id=9428, stack(0x000000ca58800000,0x000000ca58900000)]
  0x00000287fceeb000 JavaThread "C1 CompilerThread0" daemon [_thread_in_native, id=10212, stack(0x000000ca58900000,0x000000ca58a00000)]
  0x00000287fcefe000 JavaThread "Sweeper thread" daemon [_thread_blocked, id=4092, stack(0x000000ca58a00000,0x000000ca58b00000)]
  0x00000287fd01f000 JavaThread "Common-Cleaner" daemon [_thread_blocked, id=9104, stack(0x000000ca58b00000,0x000000ca58c00000)]
  0x00000287fe817800 JavaThread "Daemon health stats" [_thread_blocked, id=6256, stack(0x000000ca58e00000,0x000000ca58f00000)]
  0x00000287fe49b800 JavaThread "Incoming local TCP Connector on port 54366" [_thread_in_native, id=10184, stack(0x000000ca59100000,0x000000ca59200000)]
  0x00000287fe7fd800 JavaThread "Daemon periodic checks" [_thread_blocked, id=14332, stack(0x000000ca59200000,0x000000ca59300000)]
  0x00000287fd31d000 JavaThread "Cache worker for journal cache (C:\Users\ankas\.gradle\caches\journal-1)" [_thread_blocked, id=2512, stack(0x000000ca59a00000,0x000000ca59b00000)]
  0x00000287fd323000 JavaThread "File lock request listener" [_thread_in_native, id=8708, stack(0x000000ca59b00000,0x000000ca59c00000)]
  0x00000287fd320800 JavaThread "Cache worker for file hash cache (C:\Users\ankas\.gradle\caches\7.5\fileHashes)" [_thread_blocked, id=13440, stack(0x000000ca59c00000,0x000000ca59d00000)]
  0x00000287fd31e800 JavaThread "File watcher server" daemon [_thread_in_native, id=1900, stack(0x000000ca59e00000,0x000000ca59f00000)]
  0x00000287fd322000 JavaThread "File watcher consumer" daemon [_thread_blocked, id=1892, stack(0x000000ca59f00000,0x000000ca5a000000)]
  0x00000287fd321000 JavaThread "Cache worker for file content cache (C:\Users\ankas\.gradle\caches\7.5\fileContent)" [_thread_blocked, id=1944, stack(0x000000ca5a200000,0x000000ca5a300000)]
  0x0000028790d25800 JavaThread "Cache worker for execution history cache (C:\Users\ankas\.gradle\caches\7.5\executionHistory)" [_thread_blocked, id=10680, stack(0x000000ca5a500000,0x000000ca5a600000)]
  0x0000028790d26800 JavaThread "jar transforms" [_thread_blocked, id=12824, stack(0x000000ca5a600000,0x000000ca5a700000)]
  0x0000028790d22800 JavaThread "jar transforms Thread 2" [_thread_blocked, id=14144, stack(0x000000ca5a700000,0x000000ca5a800000)]
  0x0000028790d28000 JavaThread "jar transforms Thread 3" [_thread_blocked, id=8284, stack(0x000000ca5a800000,0x000000ca5a900000)]
  0x0000028790d29000 JavaThread "jar transforms Thread 4" [_thread_blocked, id=7108, stack(0x000000ca5a900000,0x000000ca5aa00000)]
  0x00000287905b4000 JavaThread "Memory manager" [_thread_blocked, id=12060, stack(0x000000ca5d500000,0x000000ca5d600000)]
  0x00000287905b4800 JavaThread "Cache worker for Java compile cache (C:\Users\ankas\.gradle\caches\7.5\javaCompile)" [_thread_blocked, id=5876, stack(0x000000ca5db00000,0x000000ca5dc00000)]
  0x000002879142d800 JavaThread "ForkJoinPool.commonPool-worker-3" daemon [_thread_blocked, id=13240, stack(0x000000ca5ab00000,0x000000ca5ac00000)]
  0x0000028791425800 JavaThread "Daemon Thread 2" [_thread_blocked, id=14048, stack(0x000000ca57a00000,0x000000ca57b00000)]
  0x0000028791429800 JavaThread "Daemon worker Thread 2" [_thread_blocked, id=5504, stack(0x000000ca59400000,0x000000ca59500000)]
  0x00000287fd336000 JavaThread "ForkJoinPool.commonPool-worker-5" daemon [_thread_blocked, id=13552, stack(0x000000ca5d300000,0x000000ca5d400000)]
  0x0000028790d2a800 JavaThread "included builds" [_thread_blocked, id=12256, stack(0x000000ca5d700000,0x000000ca5d800000)]
  0x00000287fcfb5000 JavaThread "ForkJoinPool.commonPool-worker-7" daemon [_thread_blocked, id=2252, stack(0x000000ca5d400000,0x000000ca5d500000)]
  0x00000287fcfb3800 JavaThread "Handler for socket connection from /127.0.0.1:54366 to /127.0.0.1:54586" [_thread_in_native, id=10500, stack(0x000000ca57b00000,0x000000ca57c00000)]
  0x00000287fcfb2800 JavaThread "Cancel handler" [_thread_blocked, id=13572, stack(0x000000ca59300000,0x000000ca59400000)]
  0x00000287fcfb2000 JavaThread "Asynchronous log dispatcher for DefaultDaemonConnection: socket connection from /127.0.0.1:54366 to /127.0.0.1:54586" [_thread_blocked, id=9052, stack(0x000000ca59500000,0x000000ca59600000)]
  0x00000287fcfb4800 JavaThread "Stdin handler" [_thread_blocked, id=4924, stack(0x000000ca59600000,0x000000ca59700000)]
  0x00000287fcfb1000 JavaThread "Daemon client event forwarder" [_thread_blocked, id=10200, stack(0x000000ca59700000,0x000000ca59800000)]
  0x00000287fcfaf800 JavaThread "Cache worker for checksums cache (C:\Users\ankas\AndroidStudioProjects\app\.gradle\7.5\checksums)" [_thread_blocked, id=2968, stack(0x000000ca59800000,0x000000ca59900000)]
  0x00000287fcfb6000 JavaThread "Cache worker for cache directory md-rule (C:\Users\ankas\.gradle\caches\7.5\md-rule)" [_thread_blocked, id=9444, stack(0x000000ca59900000,0x000000ca59a00000)]
  0x00000287fcfb0800 JavaThread "Cache worker for file hash cache (C:\Users\ankas\AndroidStudioProjects\app\.gradle\7.5\fileHashes)" [_thread_blocked, id=6272, stack(0x000000ca59d00000,0x000000ca59e00000)]
  0x00000287fd331000 JavaThread "Cache worker for cache directory md-supplier (C:\Users\ankas\.gradle\caches\7.5\md-supplier)" [_thread_blocked, id=13980, stack(0x000000ca5a000000,0x000000ca5a100000)]
  0x00000287fd32f800 JavaThread "Cache worker for dependencies-accessors (C:\Users\ankas\AndroidStudioProjects\app\.gradle\7.5\dependencies-accessors)" [_thread_blocked, id=1516, stack(0x000000ca5a100000,0x000000ca5a200000)]
  0x00000287fd32e000 JavaThread "Cache worker for Build Output Cleanup Cache (C:\Users\ankas\AndroidStudioProjects\app\.gradle\buildOutputCleanup)" [_thread_blocked, id=9156, stack(0x000000ca5a300000,0x000000ca5a400000)]
  0x00000287fd332000 JavaThread "Unconstrained build operations" [_thread_blocked, id=8896, stack(0x000000ca5a400000,0x000000ca5a500000)]
  0x00000287fd332800 JavaThread "Unconstrained build operations Thread 2" [_thread_blocked, id=8628, stack(0x000000ca5aa00000,0x000000ca5ab00000)]
  0x00000287fd330000 JavaThread "Unconstrained build operations Thread 3" [_thread_blocked, id=8532, stack(0x000000ca5ac00000,0x000000ca5ad00000)]
  0x00000287fd32d000 JavaThread "Unconstrained build operations Thread 4" [_thread_blocked, id=7924, stack(0x000000ca5ad00000,0x000000ca5ae00000)]
  0x00000287fd333800 JavaThread "Unconstrained build operations Thread 5" [_thread_blocked, id=8908, stack(0x000000ca5ae00000,0x000000ca5af00000)]
  0x00000287fd334800 JavaThread "Unconstrained build operations Thread 6" [_thread_blocked, id=6524, stack(0x000000ca5af00000,0x000000ca5b000000)]
  0x00000287fd32e800 JavaThread "Unconstrained build operations Thread 7" [_thread_blocked, id=8324, stack(0x000000ca5b000000,0x000000ca5b100000)]
  0x00000287fd337000 JavaThread "Unconstrained build operations Thread 8" [_thread_blocked, id=8356, stack(0x000000ca5b100000,0x000000ca5b200000)]
  0x00000287fd337800 JavaThread "Unconstrained build operations Thread 9" [_thread_blocked, id=8280, stack(0x000000ca5b200000,0x000000ca5b300000)]
  0x00000287fd339000 JavaThread "Unconstrained build operations Thread 10" [_thread_blocked, id=11764, stack(0x000000ca5b300000,0x000000ca5b400000)]
  0x00000287fd33b000 JavaThread "Unconstrained build operations Thread 11" [_thread_blocked, id=11712, stack(0x000000ca5b400000,0x000000ca5b500000)]
  0x00000287fd338800 JavaThread "Unconstrained build operations Thread 12" [_thread_blocked, id=11700, stack(0x000000ca5b500000,0x000000ca5b600000)]
  0x00000287fd335000 JavaThread "Unconstrained build operations Thread 13" [_thread_blocked, id=14172, stack(0x000000ca5b600000,0x000000ca5b700000)]
  0x00000287fd33a000 JavaThread "Unconstrained build operations Thread 14" [_thread_blocked, id=14056, stack(0x000000ca5b700000,0x000000ca5b800000)]
  0x00000287fd33b800 JavaThread "Unconstrained build operations Thread 15" [_thread_blocked, id=13984, stack(0x000000ca5b800000,0x000000ca5b900000)]
  0x00000287905a6800 JavaThread "Unconstrained build operations Thread 16" [_thread_blocked, id=13648, stack(0x000000ca5b900000,0x000000ca5ba00000)]
  0x00000287905a7800 JavaThread "Unconstrained build operations Thread 17" [_thread_blocked, id=13428, stack(0x000000ca5ba00000,0x000000ca5bb00000)]
  0x00000287905a9000 JavaThread "Unconstrained build operations Thread 18" [_thread_blocked, id=13328, stack(0x000000ca5bb00000,0x000000ca5bc00000)]
  0x00000287905ab800 JavaThread "Unconstrained build operations Thread 19" [_thread_blocked, id=13692, stack(0x000000ca5bc00000,0x000000ca5bd00000)]
  0x00000287905a6000 JavaThread "Unconstrained build operations Thread 20" [_thread_blocked, id=8960, stack(0x000000ca5bd00000,0x000000ca5be00000)]
  0x00000287905ac800 JavaThread "Unconstrained build operations Thread 21" [_thread_blocked, id=11976, stack(0x000000ca5be00000,0x000000ca5bf00000)]
  0x00000287905ad800 JavaThread "Unconstrained build operations Thread 22" [_thread_blocked, id=12856, stack(0x000000ca5bf00000,0x000000ca5c000000)]
  0x00000287905aa000 JavaThread "Unconstrained build operations Thread 23" [_thread_blocked, id=13028, stack(0x000000ca5c000000,0x000000ca5c100000)]
  0x00000287905ae000 JavaThread "Unconstrained build operations Thread 24" [_thread_blocked, id=10656, stack(0x000000ca5c100000,0x000000ca5c200000)]
  0x00000287905ab000 JavaThread "Unconstrained build operations Thread 25" [_thread_blocked, id=11992, stack(0x000000ca5c200000,0x000000ca5c300000)]
  0x00000287905a8800 JavaThread "Unconstrained build operations Thread 26" [_thread_blocked, id=5672, stack(0x000000ca5c300000,0x000000ca5c400000)]
  0x00000287905af000 JavaThread "Unconstrained build operations Thread 27" [_thread_blocked, id=9552, stack(0x000000ca5c400000,0x000000ca5c500000)]
  0x00000287905b1800 JavaThread "Unconstrained build operations Thread 28" [_thread_blocked, id=12764, stack(0x000000ca5c500000,0x000000ca5c600000)]
  0x00000287905af800 JavaThread "Unconstrained build operations Thread 29" [_thread_blocked, id=2800, stack(0x000000ca5c600000,0x000000ca5c700000)]
  0x00000287905b2000 JavaThread "Unconstrained build operations Thread 30" [_thread_blocked, id=5352, stack(0x000000ca5c700000,0x000000ca5c800000)]
  0x00000287905b3000 JavaThread "Unconstrained build operations Thread 31" [_thread_blocked, id=13360, stack(0x000000ca5c800000,0x000000ca5c900000)]
  0x00000287905b0800 JavaThread "Unconstrained build operations Thread 32" [_thread_blocked, id=8312, stack(0x000000ca5c900000,0x000000ca5ca00000)]
  0x0000028791426000 JavaThread "Unconstrained build operations Thread 33" [_thread_blocked, id=13432, stack(0x000000ca5ca00000,0x000000ca5cb00000)]
  0x000002879142a000 JavaThread "Unconstrained build operations Thread 34" [_thread_blocked, id=12916, stack(0x000000ca5cb00000,0x000000ca5cc00000)]
  0x0000028791427000 JavaThread "Unconstrained build operations Thread 35" [_thread_blocked, id=13968, stack(0x000000ca5cc00000,0x000000ca5cd00000)]
  0x0000028791428800 JavaThread "Unconstrained build operations Thread 36" [_thread_blocked, id=13128, stack(0x000000ca5cd00000,0x000000ca5ce00000)]
  0x0000028791424800 JavaThread "Unconstrained build operations Thread 37" [_thread_blocked, id=3372, stack(0x000000ca5ce00000,0x000000ca5cf00000)]
  0x000002879142c000 JavaThread "Unconstrained build operations Thread 38" [_thread_blocked, id=3144, stack(0x000000ca5cf00000,0x000000ca5d000000)]
  0x000002879142f000 JavaThread "Unconstrained build operations Thread 39" [_thread_blocked, id=7680, stack(0x000000ca5d000000,0x000000ca5d100000)]
  0x000002879142e000 JavaThread "Unconstrained build operations Thread 40" [_thread_blocked, id=12276, stack(0x000000ca5d100000,0x000000ca5d200000)]
  0x0000028791430800 JavaThread "build event listener" [_thread_blocked, id=11384, stack(0x000000ca5d200000,0x000000ca5d300000)]
  0x000002879142c800 JavaThread "included builds" [_thread_blocked, id=10492, stack(0x000000ca5d600000,0x000000ca5d700000)]
  0x000002879142b000 JavaThread "Execution worker" [_thread_blocked, id=6752, stack(0x000000ca5d800000,0x000000ca5d900000)]
  0x0000028791433000 JavaThread "Execution worker Thread 2" [_thread_in_vm, id=11872, stack(0x000000ca5d900000,0x000000ca5da00000)]
  0x0000028791431800 JavaThread "Execution worker Thread 3" [_thread_blocked, id=3364, stack(0x000000ca5da00000,0x000000ca5db00000)]
  0x0000028791432800 JavaThread "Cache worker for execution history cache (C:\Users\ankas\AndroidStudioProjects\app\.gradle\7.5\executionHistory)" [_thread_blocked, id=6628, stack(0x000000ca5dc00000,0x000000ca5dd00000)]
=>0x00000287fd193800 JavaThread "C2 CompilerThread1" daemon [_thread_in_native, id=1272, stack(0x000000ca5dd00000,0x000000ca5de00000)]

Other Threads:
  0x00000287fc4fd000 VMThread "VM Thread" [stack: 0x000000ca58200000,0x000000ca58300000] [id=9548]
  0x00000287fd056000 WatcherThread [stack: 0x000000ca58c00000,0x000000ca58d00000] [id=3748]
  0x00000287efa0f000 GCTaskThread "GC Thread#0" [stack: 0x000000ca57d00000,0x000000ca57e00000] [id=3852]
  0x00000287fd1fc800 GCTaskThread "GC Thread#1" [stack: 0x000000ca58d00000,0x000000ca58e00000] [id=4796]
  0x00000287ff0d9000 GCTaskThread "GC Thread#2" [stack: 0x000000ca58f00000,0x000000ca59000000] [id=6896]
  0x00000287fdd11000 GCTaskThread "GC Thread#3" [stack: 0x000000ca59000000,0x000000ca59100000] [id=8228]
  0x00000287efa40800 ConcurrentGCThread "G1 Main Marker" [stack: 0x000000ca57e00000,0x000000ca57f00000] [id=14248]
  0x00000287efa41800 ConcurrentGCThread "G1 Conc#0" [stack: 0x000000ca57f00000,0x000000ca58000000] [id=3996]
  0x00000287efa9c000 ConcurrentGCThread "G1 Refine#0" [stack: 0x000000ca58000000,0x000000ca58100000] [id=13556]
  0x00000287efa9d000 ConcurrentGCThread "G1 Young RemSet Sampling" [stack: 0x000000ca58100000,0x000000ca58200000] [id=2344]

Threads with active compile tasks:
C2 CompilerThread0   297310 18675       4       org.apache.xerces.dom.ElementNSImpl::getNamespaceURI (16 bytes)
C2 CompilerThread1   297310 18676       4       org.apache.xerces.dom.DeferredElementNSImpl::synchronizeData (232 bytes)

VM state:not at safepoint (normal execution)

VM Mutex/Monitor currently owned by a thread: None

Heap address: 0x0000000080000000, size: 2048 MB, Compressed Oops mode: 32-bit
Narrow klass base: 0x0000000000000000, Narrow klass shift: 3
Compressed class space size: 1073741824 Address: 0x0000000100000000

Heap:
 garbage-first heap   total 268288K, used 159872K [0x0000000080000000, 0x0000000100000000)
  region size 1024K, 33 young (33792K), 2 survivors (2048K)
 Metaspace       used 119863K, capacity 123742K, committed 123856K, reserved 1157120K
  class space    used 15462K, capacity 16960K, committed 16972K, reserved 1048576K
Heap Regions: E=young(eden), S=young(survivor), O=old, HS=humongous(starts), HC=humongous(continues), CS=collection set, F=free, A=archive, TAMS=top-at-mark-start (previous, next)
|   0|0x0000000080000000, 0x0000000080100000, 0x0000000080100000|100%|HS|  |TAMS 0x0000000080100000, 0x0000000080000000| Complete 
|   1|0x0000000080100000, 0x0000000080200000, 0x0000000080200000|100%|HC|  |TAMS 0x0000000080200000, 0x0000000080100000| Complete 
|   2|0x0000000080200000, 0x0000000080300000, 0x0000000080300000|100%|HC|  |TAMS 0x0000000080300000, 0x0000000080200000| Complete 
|   3|0x0000000080300000, 0x0000000080400000, 0x0000000080400000|100%| O|  |TAMS 0x0000000080400000, 0x0000000080300000| Untracked 
|   4|0x0000000080400000, 0x0000000080500000, 0x0000000080500000|100%| O|  |TAMS 0x0000000080500000, 0x0000000080400000| Untracked 
|   5|0x0000000080500000, 0x0000000080600000, 0x0000000080600000|100%| O|  |TAMS 0x0000000080600000, 0x0000000080500000| Untracked 
|   6|0x0000000080600000, 0x0000000080700000, 0x0000000080700000|100%| O|  |TAMS 0x0000000080700000, 0x0000000080600000| Untracked 
|   7|0x0000000080700000, 0x0000000080800000, 0x0000000080800000|100%| O|  |TAMS 0x0000000080800000, 0x0000000080700000| Untracked 
|   8|0x0000000080800000, 0x0000000080900000, 0x0000000080900000|100%| O|  |TAMS 0x0000000080900000, 0x0000000080800000| Untracked 
|   9|0x0000000080900000, 0x0000000080a00000, 0x0000000080a00000|100%| O|  |TAMS 0x0000000080a00000, 0x0000000080900000| Untracked 
|  10|0x0000000080a00000, 0x0000000080b00000, 0x0000000080b00000|100%| O|  |TAMS 0x0000000080b00000, 0x0000000080a00000| Untracked 
|  11|0x0000000080b00000, 0x0000000080c00000, 0x0000000080c00000|100%| O|  |TAMS 0x0000000080c00000, 0x0000000080b00000| Untracked 
|  12|0x0000000080c00000, 0x0000000080d00000, 0x0000000080d00000|100%| O|  |TAMS 0x0000000080d00000, 0x0000000080c00000| Untracked 
|  13|0x0000000080d00000, 0x0000000080e00000, 0x0000000080e00000|100%| O|  |TAMS 0x0000000080e00000, 0x0000000080d00000| Untracked 
|  14|0x0000000080e00000, 0x0000000080f00000, 0x0000000080f00000|100%| O|  |TAMS 0x0000000080f00000, 0x0000000080e00000| Untracked 
|  15|0x0000000080f00000, 0x0000000081000000, 0x0000000081000000|100%| O|  |TAMS 0x0000000081000000, 0x0000000080f00000| Untracked 
|  16|0x0000000081000000, 0x0000000081100000, 0x0000000081100000|100%| O|  |TAMS 0x0000000081100000, 0x0000000081000000| Untracked 
|  17|0x0000000081100000, 0x0000000081200000, 0x0000000081200000|100%| O|  |TAMS 0x0000000081200000, 0x0000000081100000| Untracked 
|  18|0x0000000081200000, 0x0000000081300000, 0x0000000081300000|100%| O|  |TAMS 0x0000000081300000, 0x0000000081200000| Untracked 
|  19|0x0000000081300000, 0x0000000081400000, 0x0000000081400000|100%| O|  |TAMS 0x0000000081400000, 0x0000000081300000| Untracked 
|  20|0x0000000081400000, 0x0000000081500000, 0x0000000081500000|100%| O|  |TAMS 0x0000000081500000, 0x0000000081400000| Untracked 
|  21|0x0000000081500000, 0x0000000081600000, 0x0000000081600000|100%| O|  |TAMS 0x0000000081600000, 0x0000000081500000| Untracked 
|  22|0x0000000081600000, 0x0000000081700000, 0x0000000081700000|100%| O|  |TAMS 0x0000000081700000, 0x0000000081600000| Untracked 
|  23|0x0000000081700000, 0x0000000081800000, 0x0000000081800000|100%| O|  |TAMS 0x0000000081800000, 0x0000000081700000| Untracked 
|  24|0x0000000081800000, 0x0000000081900000, 0x0000000081900000|100%| O|  |TAMS 0x0000000081900000, 0x0000000081800000| Untracked 
|  25|0x0000000081900000, 0x0000000081a00000, 0x0000000081a00000|100%| O|  |TAMS 0x0000000081a00000, 0x0000000081900000| Untracked 
|  26|0x0000000081a00000, 0x0000000081b00000, 0x0000000081b00000|100%| O|  |TAMS 0x0000000081b00000, 0x0000000081a00000| Untracked 
|  27|0x0000000081b00000, 0x0000000081c00000, 0x0000000081c00000|100%| O|  |TAMS 0x0000000081c00000, 0x0000000081b00000| Untracked 
|  28|0x0000000081c00000, 0x0000000081d00000, 0x0000000081d00000|100%| O|  |TAMS 0x0000000081d00000, 0x0000000081c00000| Untracked 
|  29|0x0000000081d00000, 0x0000000081e00000, 0x0000000081e00000|100%|HS|  |TAMS 0x0000000081e00000, 0x0000000081d00000| Complete 
|  30|0x0000000081e00000, 0x0000000081f00000, 0x0000000081f00000|100%| O|  |TAMS 0x0000000081f00000, 0x0000000081e00000| Untracked 
|  31|0x0000000081f00000, 0x0000000082000000, 0x0000000082000000|100%|HS|  |TAMS 0x0000000082000000, 0x0000000081f00000| Complete 
|  32|0x0000000082000000, 0x0000000082100000, 0x0000000082100000|100%| O|  |TAMS 0x0000000082100000, 0x0000000082000000| Untracked 
|  33|0x0000000082100000, 0x0000000082200000, 0x0000000082200000|100%| O|  |TAMS 0x0000000082200000, 0x0000000082100000| Untracked 
|  34|0x0000000082200000, 0x0000000082300000, 0x0000000082300000|100%| O|  |TAMS 0x0000000082300000, 0x0000000082200000| Untracked 
|  35|0x0000000082300000, 0x0000000082400000, 0x0000000082400000|100%| O|  |TAMS 0x0000000082400000, 0x0000000082300000| Untracked 
|  36|0x0000000082400000, 0x0000000082500000, 0x0000000082500000|100%| O|  |TAMS 0x0000000082500000, 0x0000000082400000| Untracked 
|  37|0x0000000082500000, 0x0000000082600000, 0x0000000082600000|100%| O|  |TAMS 0x0000000082600000, 0x0000000082500000| Untracked 
|  38|0x0000000082600000, 0x0000000082700000, 0x0000000082700000|100%| O|  |TAMS 0x0000000082600000, 0x0000000082600000| Untracked 
|  39|0x0000000082700000, 0x0000000082800000, 0x0000000082800000|100%| O|  |TAMS 0x0000000082800000, 0x0000000082700000| Untracked 
|  40|0x0000000082800000, 0x0000000082900000, 0x0000000082900000|100%| O|  |TAMS 0x0000000082900000, 0x0000000082800000| Untracked 
|  41|0x0000000082900000, 0x0000000082a00000, 0x0000000082a00000|100%| O|  |TAMS 0x0000000082a00000, 0x0000000082900000| Untracked 
|  42|0x0000000082a00000, 0x0000000082b00000, 0x0000000082b00000|100%| O|  |TAMS 0x0000000082b00000, 0x0000000082a00000| Untracked 
|  43|0x0000000082b00000, 0x0000000082c00000, 0x0000000082c00000|100%| O|  |TAMS 0x0000000082c00000, 0x0000000082b00000| Untracked 
|  44|0x0000000082c00000, 0x0000000082d00000, 0x0000000082d00000|100%| O|  |TAMS 0x0000000082d00000, 0x0000000082c00000| Untracked 
|  45|0x0000000082d00000, 0x0000000082e00000, 0x0000000082e00000|100%| O|  |TAMS 0x0000000082e00000, 0x0000000082d00000| Untracked 
|  46|0x0000000082e00000, 0x0000000082f00000, 0x0000000082f00000|100%| O|  |TAMS 0x0000000082f00000, 0x0000000082e00000| Untracked 
|  47|0x0000000082f00000, 0x0000000083000000, 0x0000000083000000|100%| O|  |TAMS 0x0000000083000000, 0x0000000082f00000| Untracked 
|  48|0x0000000083000000, 0x0000000083100000, 0x0000000083100000|100%| O|  |TAMS 0x0000000083100000, 0x0000000083000000| Untracked 
|  49|0x0000000083100000, 0x0000000083200000, 0x0000000083200000|100%| O|  |TAMS 0x0000000083200000, 0x0000000083100000| Untracked 
|  50|0x0000000083200000, 0x0000000083300000, 0x0000000083300000|100%| O|  |TAMS 0x0000000083300000, 0x0000000083200000| Untracked 
|  51|0x0000000083300000, 0x0000000083400000, 0x0000000083400000|100%| O|  |TAMS 0x0000000083400000, 0x0000000083300000| Untracked 
|  52|0x0000000083400000, 0x0000000083500000, 0x0000000083500000|100%| O|  |TAMS 0x0000000083500000, 0x0000000083400000| Untracked 
|  53|0x0000000083500000, 0x0000000083600000, 0x0000000083600000|100%| O|  |TAMS 0x0000000083600000, 0x0000000083500000| Untracked 
|  54|0x0000000083600000, 0x0000000083700000, 0x0000000083700000|100%| O|  |TAMS 0x0000000083700000, 0x0000000083600000| Untracked 
|  55|0x0000000083700000, 0x0000000083800000, 0x0000000083800000|100%| O|  |TAMS 0x0000000083800000, 0x0000000083700000| Untracked 
|  56|0x0000000083800000, 0x0000000083900000, 0x0000000083900000|100%| O|  |TAMS 0x0000000083900000, 0x0000000083800000| Untracked 
|  57|0x0000000083900000, 0x0000000083900000, 0x0000000083a00000|  0%| F|  |TAMS 0x0000000083900000, 0x0000000083900000| Untracked 
|  58|0x0000000083a00000, 0x0000000083b00000, 0x0000000083b00000|100%| O|  |TAMS 0x0000000083b00000, 0x0000000083a00000| Untracked 
|  59|0x0000000083b00000, 0x0000000083c00000, 0x0000000083c00000|100%| O|  |TAMS 0x0000000083c00000, 0x0000000083b00000| Untracked 
|  60|0x0000000083c00000, 0x0000000083d00000, 0x0000000083d00000|100%| O|  |TAMS 0x0000000083d00000, 0x0000000083c00000| Untracked 
|  61|0x0000000083d00000, 0x0000000083e00000, 0x0000000083e00000|100%| O|  |TAMS 0x0000000083e00000, 0x0000000083d00000| Untracked 
|  62|0x0000000083e00000, 0x0000000083f00000, 0x0000000083f00000|100%| O|  |TAMS 0x0000000083f00000, 0x0000000083e00000| Untracked 
|  63|0x0000000083f00000, 0x0000000084000000, 0x0000000084000000|100%| O|  |TAMS 0x0000000084000000, 0x0000000083f00000| Untracked 
|  64|0x0000000084000000, 0x0000000084100000, 0x0000000084100000|100%| O|  |TAMS 0x0000000084100000, 0x0000000084000000| Untracked 
|  65|0x0000000084100000, 0x0000000084200000, 0x0000000084200000|100%| O|  |TAMS 0x0000000084200000, 0x0000000084100000| Untracked 
|  66|0x0000000084200000, 0x0000000084300000, 0x0000000084300000|100%| O|  |TAMS 0x0000000084300000, 0x0000000084200000| Untracked 
|  67|0x0000000084300000, 0x0000000084400000, 0x0000000084400000|100%| O|  |TAMS 0x0000000084400000, 0x0000000084300000| Untracked 
|  68|0x0000000084400000, 0x0000000084500000, 0x0000000084500000|100%| O|  |TAMS 0x0000000084500000, 0x0000000084400000| Untracked 
|  69|0x0000000084500000, 0x0000000084600000, 0x0000000084600000|100%| O|  |TAMS 0x0000000084600000, 0x0000000084500000| Untracked 
|  70|0x0000000084600000, 0x0000000084700000, 0x0000000084700000|100%| O|  |TAMS 0x0000000084700000, 0x0000000084600000| Untracked 
|  71|0x0000000084700000, 0x0000000084800000, 0x0000000084800000|100%| O|  |TAMS 0x0000000084800000, 0x0000000084700000| Untracked 
|  72|0x0000000084800000, 0x0000000084900000, 0x0000000084900000|100%| O|  |TAMS 0x0000000084900000, 0x0000000084800000| Untracked 
|  73|0x0000000084900000, 0x0000000084a00000, 0x0000000084a00000|100%| O|  |TAMS 0x0000000084a00000, 0x0000000084900000| Untracked 
|  74|0x0000000084a00000, 0x0000000084b00000, 0x0000000084b00000|100%| O|  |TAMS 0x0000000084b00000, 0x0000000084a00000| Untracked 
|  75|0x0000000084b00000, 0x0000000084c00000, 0x0000000084c00000|100%|HS|  |TAMS 0x0000000084c00000, 0x0000000084b00000| Complete 
|  76|0x0000000084c00000, 0x0000000084d00000, 0x0000000084d00000|100%|HC|  |TAMS 0x0000000084d00000, 0x0000000084c00000| Complete 
|  77|0x0000000084d00000, 0x0000000084e00000, 0x0000000084e00000|100%| O|  |TAMS 0x0000000084e00000, 0x0000000084d00000| Untracked 
|  78|0x0000000084e00000, 0x0000000084f00000, 0x0000000084f00000|100%| O|  |TAMS 0x0000000084f00000, 0x0000000084e00000| Untracked 
|  79|0x0000000084f00000, 0x0000000085000000, 0x0000000085000000|100%| O|  |TAMS 0x0000000085000000, 0x0000000084f00000| Untracked 
|  80|0x0000000085000000, 0x0000000085100000, 0x0000000085100000|100%| O|  |TAMS 0x0000000085100000, 0x0000000085000000| Untracked 
|  81|0x0000000085100000, 0x0000000085100000, 0x0000000085200000|  0%| F|  |TAMS 0x0000000085100000, 0x0000000085100000| Untracked 
|  82|0x0000000085200000, 0x0000000085300000, 0x0000000085300000|100%| O|  |TAMS 0x0000000085300000, 0x0000000085200000| Untracked 
|  83|0x0000000085300000, 0x0000000085400000, 0x0000000085400000|100%| O|  |TAMS 0x0000000085400000, 0x0000000085300000| Untracked 
|  84|0x0000000085400000, 0x0000000085500000, 0x0000000085500000|100%| O|  |TAMS 0x0000000085500000, 0x0000000085400000| Untracked 
|  85|0x0000000085500000, 0x0000000085600000, 0x0000000085600000|100%| O|  |TAMS 0x0000000085600000, 0x0000000085500000| Untracked 
|  86|0x0000000085600000, 0x0000000085700000, 0x0000000085700000|100%| O|  |TAMS 0x0000000085700000, 0x0000000085600000| Untracked 
|  87|0x0000000085700000, 0x0000000085800000, 0x0000000085800000|100%| O|  |TAMS 0x0000000085800000, 0x0000000085700000| Untracked 
|  88|0x0000000085800000, 0x0000000085900000, 0x0000000085900000|100%| O|  |TAMS 0x0000000085900000, 0x0000000085800000| Untracked 
|  89|0x0000000085900000, 0x0000000085a00000, 0x0000000085a00000|100%| O|  |TAMS 0x0000000085a00000, 0x0000000085900000| Untracked 
|  90|0x0000000085a00000, 0x0000000085b00000, 0x0000000085b00000|100%| O|  |TAMS 0x0000000085b00000, 0x0000000085a00000| Untracked 
|  91|0x0000000085b00000, 0x0000000085c00000, 0x0000000085c00000|100%| O|  |TAMS 0x0000000085c00000, 0x0000000085b00000| Untracked 
|  92|0x0000000085c00000, 0x0000000085d00000, 0x0000000085d00000|100%| O|  |TAMS 0x0000000085d00000, 0x0000000085c00000| Untracked 
|  93|0x0000000085d00000, 0x0000000085e00000, 0x0000000085e00000|100%| O|  |TAMS 0x0000000085e00000, 0x0000000085d00000| Untracked 
|  94|0x0000000085e00000, 0x0000000085f00000, 0x0000000085f00000|100%| O|  |TAMS 0x0000000085e00000, 0x0000000085e00000| Untracked 
|  95|0x0000000085f00000, 0x0000000086000000, 0x0000000086000000|100%| O|  |TAMS 0x0000000086000000, 0x0000000085f00000| Untracked 
|  96|0x0000000086000000, 0x0000000086100000, 0x0000000086100000|100%| O|  |TAMS 0x0000000086100000, 0x0000000086000000| Untracked 
|  97|0x0000000086100000, 0x0000000086200000, 0x0000000086200000|100%| O|  |TAMS 0x0000000086200000, 0x0000000086100000| Untracked 
|  98|0x0000000086200000, 0x0000000086300000, 0x0000000086300000|100%| O|  |TAMS 0x0000000086300000, 0x0000000086200000| Untracked 
|  99|0x0000000086300000, 0x0000000086400000, 0x0000000086400000|100%| O|  |TAMS 0x0000000086400000, 0x0000000086300000| Untracked 
| 100|0x0000000086400000, 0x0000000086500000, 0x0000000086500000|100%| O|  |TAMS 0x0000000086500000, 0x0000000086400000| Untracked 
| 101|0x0000000086500000, 0x0000000086500000, 0x0000000086600000|  0%| F|  |TAMS 0x0000000086500000, 0x0000000086500000| Untracked 
| 102|0x0000000086600000, 0x0000000086700000, 0x0000000086700000|100%| O|  |TAMS 0x00000000866ed600, 0x0000000086600000| Untracked 
| 103|0x0000000086700000, 0x0000000086700000, 0x0000000086800000|  0%| F|  |TAMS 0x0000000086700000, 0x0000000086700000| Untracked 
| 104|0x0000000086800000, 0x0000000086800000, 0x0000000086900000|  0%| F|  |TAMS 0x0000000086800000, 0x0000000086800000| Untracked 
| 105|0x0000000086900000, 0x0000000086900000, 0x0000000086a00000|  0%| F|  |TAMS 0x0000000086900000, 0x0000000086900000| Untracked 
| 106|0x0000000086a00000, 0x0000000086b00000, 0x0000000086b00000|100%| O|  |TAMS 0x0000000086a00000, 0x0000000086a00000| Untracked 
| 107|0x0000000086b00000, 0x0000000086c00000, 0x0000000086c00000|100%| O|  |TAMS 0x0000000086b00000, 0x0000000086b00000| Untracked 
| 108|0x0000000086c00000, 0x0000000086d00000, 0x0000000086d00000|100%| O|  |TAMS 0x0000000086c00000, 0x0000000086c00000| Untracked 
| 109|0x0000000086d00000, 0x0000000086e00000, 0x0000000086e00000|100%| O|  |TAMS 0x0000000086e00000, 0x0000000086d00000| Untracked 
| 110|0x0000000086e00000, 0x0000000086f00000, 0x0000000086f00000|100%| O|  |TAMS 0x0000000086f00000, 0x0000000086e00000| Untracked 
| 111|0x0000000086f00000, 0x0000000087000000, 0x0000000087000000|100%| O|  |TAMS 0x0000000087000000, 0x0000000086f00000| Untracked 
| 112|0x0000000087000000, 0x0000000087000000, 0x0000000087100000|  0%| F|  |TAMS 0x0000000087000000, 0x0000000087000000| Untracked 
| 113|0x0000000087100000, 0x0000000087100000, 0x0000000087200000|  0%| F|  |TAMS 0x0000000087100000, 0x0000000087100000| Untracked 
| 114|0x0000000087200000, 0x0000000087200000, 0x0000000087300000|  0%| F|  |TAMS 0x0000000087200000, 0x0000000087200000| Untracked 
| 115|0x0000000087300000, 0x0000000087400000, 0x0000000087400000|100%| O|  |TAMS 0x0000000087300000, 0x0000000087300000| Untracked 
| 116|0x0000000087400000, 0x0000000087500000, 0x0000000087500000|100%|HS|  |TAMS 0x0000000087500000, 0x0000000087400000| Complete 
| 117|0x0000000087500000, 0x0000000087600000, 0x0000000087600000|100%|HC|  |TAMS 0x0000000087600000, 0x0000000087500000| Complete 
| 118|0x0000000087600000, 0x0000000087600000, 0x0000000087700000|  0%| F|  |TAMS 0x0000000087600000, 0x0000000087600000| Untracked 
| 119|0x0000000087700000, 0x0000000087700000, 0x0000000087800000|  0%| F|  |TAMS 0x0000000087700000, 0x0000000087700000| Untracked 
| 120|0x0000000087800000, 0x0000000087800000, 0x0000000087900000|  0%| F|  |TAMS 0x0000000087800000, 0x0000000087800000| Untracked 
| 121|0x0000000087900000, 0x0000000087900000, 0x0000000087a00000|  0%| F|  |TAMS 0x0000000087900000, 0x0000000087900000| Untracked 
| 122|0x0000000087a00000, 0x0000000087b00000, 0x0000000087b00000|100%| O|  |TAMS 0x0000000087b00000, 0x0000000087a00000| Untracked 
| 123|0x0000000087b00000, 0x0000000087c00000, 0x0000000087c00000|100%| O|  |TAMS 0x0000000087b00000, 0x0000000087b00000| Untracked 
| 124|0x0000000087c00000, 0x0000000087d00000, 0x0000000087d00000|100%| O|  |TAMS 0x0000000087c00000, 0x0000000087c00000| Untracked 
| 125|0x0000000087d00000, 0x0000000087e00000, 0x0000000087e00000|100%| O|  |TAMS 0x0000000087d00000, 0x0000000087d00000| Untracked 
| 126|0x0000000087e00000, 0x0000000087e00000, 0x0000000087f00000|  0%| F|  |TAMS 0x0000000087e00000, 0x0000000087e00000| Untracked 
| 127|0x0000000087f00000, 0x0000000088000000, 0x0000000088000000|100%| O|  |TAMS 0x0000000087f00000, 0x0000000087f00000| Untracked 
| 128|0x0000000088000000, 0x0000000088100000, 0x0000000088100000|100%| O|  |TAMS 0x0000000088000000, 0x0000000088000000| Untracked 
| 129|0x0000000088100000, 0x0000000088200000, 0x0000000088200000|100%| O|  |TAMS 0x0000000088100000, 0x0000000088100000| Untracked 
| 130|0x0000000088200000, 0x0000000088300000, 0x0000000088300000|100%| O|  |TAMS 0x0000000088200000, 0x0000000088200000| Untracked 
| 131|0x0000000088300000, 0x0000000088400000, 0x0000000088400000|100%| O|  |TAMS 0x0000000088300000, 0x0000000088300000| Untracked 
| 132|0x0000000088400000, 0x0000000088500000, 0x0000000088500000|100%| O|  |TAMS 0x0000000088400000, 0x0000000088400000| Untracked 
| 133|0x0000000088500000, 0x000000008854f600, 0x0000000088600000| 31%| O|  |TAMS 0x0000000088500000, 0x0000000088500000| Untracked 
| 134|0x0000000088600000, 0x0000000088600000, 0x0000000088700000|  0%| F|  |TAMS 0x0000000088600000, 0x0000000088600000| Untracked 
| 135|0x0000000088700000, 0x0000000088800000, 0x0000000088800000|100%|HS|  |TAMS 0x0000000088700000, 0x0000000088700000| Complete 
| 136|0x0000000088800000, 0x0000000088900000, 0x0000000088900000|100%|HC|  |TAMS 0x0000000088800000, 0x0000000088800000| Complete 
| 137|0x0000000088900000, 0x0000000088a00000, 0x0000000088a00000|100%| O|  |TAMS 0x0000000088900000, 0x0000000088900000| Untracked 
| 138|0x0000000088a00000, 0x0000000088b00000, 0x0000000088b00000|100%| O|  |TAMS 0x0000000088a00000, 0x0000000088a00000| Untracked 
| 139|0x0000000088b00000, 0x0000000088c00000, 0x0000000088c00000|100%| O|  |TAMS 0x0000000088b00000, 0x0000000088b00000| Untracked 
| 140|0x0000000088c00000, 0x0000000088d00000, 0x0000000088d00000|100%| O|  |TAMS 0x0000000088c00000, 0x0000000088c00000| Untracked 
| 141|0x0000000088d00000, 0x0000000088d00000, 0x0000000088e00000|  0%| F|  |TAMS 0x0000000088d00000, 0x0000000088d00000| Untracked 
| 142|0x0000000088e00000, 0x0000000088e00000, 0x0000000088f00000|  0%| F|  |TAMS 0x0000000088e00000, 0x0000000088e00000| Untracked 
| 143|0x0000000088f00000, 0x0000000088f00000, 0x0000000089000000|  0%| F|  |TAMS 0x0000000088f00000, 0x0000000088f00000| Untracked 
| 144|0x0000000089000000, 0x0000000089000000, 0x0000000089100000|  0%| F|  |TAMS 0x0000000089000000, 0x0000000089000000| Untracked 
| 145|0x0000000089100000, 0x0000000089100000, 0x0000000089200000|  0%| F|  |TAMS 0x0000000089100000, 0x0000000089100000| Untracked 
| 146|0x0000000089200000, 0x0000000089200000, 0x0000000089300000|  0%| F|  |TAMS 0x0000000089200000, 0x0000000089200000| Untracked 
| 147|0x0000000089300000, 0x0000000089300000, 0x0000000089400000|  0%| F|  |TAMS 0x0000000089300000, 0x0000000089300000| Untracked 
| 148|0x0000000089400000, 0x0000000089400000, 0x0000000089500000|  0%| F|  |TAMS 0x0000000089400000, 0x0000000089400000| Untracked 
| 149|0x0000000089500000, 0x0000000089500000, 0x0000000089600000|  0%| F|  |TAMS 0x0000000089500000, 0x0000000089500000| Untracked 
| 150|0x0000000089600000, 0x0000000089600000, 0x0000000089700000|  0%| F|  |TAMS 0x0000000089600000, 0x0000000089600000| Untracked 
| 151|0x0000000089700000, 0x0000000089700000, 0x0000000089800000|  0%| F|  |TAMS 0x0000000089700000, 0x0000000089700000| Untracked 
| 152|0x0000000089800000, 0x0000000089800000, 0x0000000089900000|  0%| F|  |TAMS 0x0000000089800000, 0x0000000089800000| Untracked 
| 153|0x0000000089900000, 0x0000000089900000, 0x0000000089a00000|  0%| F|  |TAMS 0x0000000089900000, 0x0000000089900000| Untracked 
| 154|0x0000000089a00000, 0x0000000089a00000, 0x0000000089b00000|  0%| F|  |TAMS 0x0000000089a00000, 0x0000000089a00000| Untracked 
| 155|0x0000000089b00000, 0x0000000089b00000, 0x0000000089c00000|  0%| F|  |TAMS 0x0000000089b00000, 0x0000000089b00000| Untracked 
| 156|0x0000000089c00000, 0x0000000089c00000, 0x0000000089d00000|  0%| F|  |TAMS 0x0000000089c00000, 0x0000000089c00000| Untracked 
| 157|0x0000000089d00000, 0x0000000089d00000, 0x0000000089e00000|  0%| F|  |TAMS 0x0000000089d00000, 0x0000000089d00000| Untracked 
| 158|0x0000000089e00000, 0x0000000089e00000, 0x0000000089f00000|  0%| F|  |TAMS 0x0000000089e00000, 0x0000000089e00000| Untracked 
| 159|0x0000000089f00000, 0x0000000089f00000, 0x000000008a000000|  0%| F|  |TAMS 0x0000000089f00000, 0x0000000089f00000| Untracked 
| 160|0x000000008a000000, 0x000000008a000000, 0x000000008a100000|  0%| F|  |TAMS 0x000000008a000000, 0x000000008a000000| Untracked 
| 161|0x000000008a100000, 0x000000008a100000, 0x000000008a200000|  0%| F|  |TAMS 0x000000008a100000, 0x000000008a100000| Untracked 
| 162|0x000000008a200000, 0x000000008a200000, 0x000000008a300000|  0%| F|  |TAMS 0x000000008a200000, 0x000000008a200000| Untracked 
| 163|0x000000008a300000, 0x000000008a300000, 0x000000008a400000|  0%| F|  |TAMS 0x000000008a300000, 0x000000008a300000| Untracked 
| 164|0x000000008a400000, 0x000000008a400000, 0x000000008a500000|  0%| F|  |TAMS 0x000000008a400000, 0x000000008a400000| Untracked 
| 165|0x000000008a500000, 0x000000008a500000, 0x000000008a600000|  0%| F|  |TAMS 0x000000008a500000, 0x000000008a500000| Untracked 
| 166|0x000000008a600000, 0x000000008a600000, 0x000000008a700000|  0%| F|  |TAMS 0x000000008a600000, 0x000000008a600000| Untracked 
| 167|0x000000008a700000, 0x000000008a700000, 0x000000008a800000|  0%| F|  |TAMS 0x000000008a700000, 0x000000008a700000| Untracked 
| 168|0x000000008a800000, 0x000000008a800000, 0x000000008a900000|  0%| F|  |TAMS 0x000000008a800000, 0x000000008a800000| Untracked 
| 169|0x000000008a900000, 0x000000008a900000, 0x000000008aa00000|  0%| F|  |TAMS 0x000000008a900000, 0x000000008a900000| Untracked 
| 170|0x000000008aa00000, 0x000000008aa00000, 0x000000008ab00000|  0%| F|  |TAMS 0x000000008aa00000, 0x000000008aa00000| Untracked 
| 171|0x000000008ab00000, 0x000000008ab00000, 0x000000008ac00000|  0%| F|  |TAMS 0x000000008ab00000, 0x000000008ab00000| Untracked 
| 172|0x000000008ac00000, 0x000000008ac00000, 0x000000008ad00000|  0%| F|  |TAMS 0x000000008ac00000, 0x000000008ac00000| Untracked 
| 173|0x000000008ad00000, 0x000000008ad00000, 0x000000008ae00000|  0%| F|  |TAMS 0x000000008ad00000, 0x000000008ad00000| Untracked 
| 174|0x000000008ae00000, 0x000000008ae00000, 0x000000008af00000|  0%| F|  |TAMS 0x000000008ae00000, 0x000000008ae00000| Untracked 
| 175|0x000000008af00000, 0x000000008af00000, 0x000000008b000000|  0%| F|  |TAMS 0x000000008af00000, 0x000000008af00000| Untracked 
| 176|0x000000008b000000, 0x000000008b000000, 0x000000008b100000|  0%| F|  |TAMS 0x000000008b000000, 0x000000008b000000| Untracked 
| 177|0x000000008b100000, 0x000000008b100000, 0x000000008b200000|  0%| F|  |TAMS 0x000000008b100000, 0x000000008b100000| Untracked 
| 178|0x000000008b200000, 0x000000008b200000, 0x000000008b300000|  0%| F|  |TAMS 0x000000008b200000, 0x000000008b200000| Untracked 
| 179|0x000000008b300000, 0x000000008b300000, 0x000000008b400000|  0%| F|  |TAMS 0x000000008b300000, 0x000000008b300000| Untracked 
| 180|0x000000008b400000, 0x000000008b400000, 0x000000008b500000|  0%| F|  |TAMS 0x000000008b400000, 0x000000008b400000| Untracked 
| 181|0x000000008b500000, 0x000000008b500000, 0x000000008b600000|  0%| F|  |TAMS 0x000000008b500000, 0x000000008b500000| Untracked 
| 182|0x000000008b600000, 0x000000008b600000, 0x000000008b700000|  0%| F|  |TAMS 0x000000008b600000, 0x000000008b600000| Untracked 
| 183|0x000000008b700000, 0x000000008b700000, 0x000000008b800000|  0%| F|  |TAMS 0x000000008b700000, 0x000000008b700000| Untracked 
| 184|0x000000008b800000, 0x000000008b800000, 0x000000008b900000|  0%| F|  |TAMS 0x000000008b800000, 0x000000008b800000| Untracked 
| 185|0x000000008b900000, 0x000000008b900000, 0x000000008ba00000|  0%| F|  |TAMS 0x000000008b900000, 0x000000008b900000| Untracked 
| 186|0x000000008ba00000, 0x000000008ba00000, 0x000000008bb00000|  0%| F|  |TAMS 0x000000008ba00000, 0x000000008ba00000| Untracked 
| 187|0x000000008bb00000, 0x000000008bb00000, 0x000000008bc00000|  0%| F|  |TAMS 0x000000008bb00000, 0x000000008bb00000| Untracked 
| 188|0x000000008bc00000, 0x000000008bc00000, 0x000000008bd00000|  0%| F|  |TAMS 0x000000008bc00000, 0x000000008bc00000| Untracked 
| 189|0x000000008bd00000, 0x000000008bd00000, 0x000000008be00000|  0%| F|  |TAMS 0x000000008bd00000, 0x000000008bd00000| Untracked 
| 190|0x000000008be00000, 0x000000008be00000, 0x000000008bf00000|  0%| F|  |TAMS 0x000000008be00000, 0x000000008be00000| Untracked 
| 191|0x000000008bf00000, 0x000000008bf00000, 0x000000008c000000|  0%| F|  |TAMS 0x000000008bf00000, 0x000000008bf00000| Untracked 
| 192|0x000000008c000000, 0x000000008c000000, 0x000000008c100000|  0%| F|  |TAMS 0x000000008c000000, 0x000000008c000000| Untracked 
| 193|0x000000008c100000, 0x000000008c100000, 0x000000008c200000|  0%| F|  |TAMS 0x000000008c100000, 0x000000008c100000| Untracked 
| 194|0x000000008c200000, 0x000000008c200000, 0x000000008c300000|  0%| F|  |TAMS 0x000000008c200000, 0x000000008c200000| Untracked 
| 195|0x000000008c300000, 0x000000008c300000, 0x000000008c400000|  0%| F|  |TAMS 0x000000008c300000, 0x000000008c300000| Untracked 
| 196|0x000000008c400000, 0x000000008c400000, 0x000000008c500000|  0%| F|  |TAMS 0x000000008c400000, 0x000000008c400000| Untracked 
| 197|0x000000008c500000, 0x000000008c500000, 0x000000008c600000|  0%| F|  |TAMS 0x000000008c500000, 0x000000008c500000| Untracked 
| 198|0x000000008c600000, 0x000000008c600000, 0x000000008c700000|  0%| F|  |TAMS 0x000000008c600000, 0x000000008c600000| Untracked 
| 199|0x000000008c700000, 0x000000008c700000, 0x000000008c800000|  0%| F|  |TAMS 0x000000008c700000, 0x000000008c700000| Untracked 
| 200|0x000000008c800000, 0x000000008c800000, 0x000000008c900000|  0%| F|  |TAMS 0x000000008c800000, 0x000000008c800000| Untracked 
| 201|0x000000008c900000, 0x000000008c900000, 0x000000008ca00000|  0%| F|  |TAMS 0x000000008c900000, 0x000000008c900000| Untracked 
| 202|0x000000008ca00000, 0x000000008ca00000, 0x000000008cb00000|  0%| F|  |TAMS 0x000000008ca00000, 0x000000008ca00000| Untracked 
| 203|0x000000008cb00000, 0x000000008cb00000, 0x000000008cc00000|  0%| F|  |TAMS 0x000000008cb00000, 0x000000008cb00000| Untracked 
| 204|0x000000008cc00000, 0x000000008cc00000, 0x000000008cd00000|  0%| F|  |TAMS 0x000000008cc00000, 0x000000008cc00000| Untracked 
| 205|0x000000008cd00000, 0x000000008cd00000, 0x000000008ce00000|  0%| F|  |TAMS 0x000000008cd00000, 0x000000008cd00000| Untracked 
| 206|0x000000008ce00000, 0x000000008ce00000, 0x000000008cf00000|  0%| F|  |TAMS 0x000000008ce00000, 0x000000008ce00000| Untracked 
| 207|0x000000008cf00000, 0x000000008cf00000, 0x000000008d000000|  0%| F|  |TAMS 0x000000008cf00000, 0x000000008cf00000| Untracked 
| 208|0x000000008d000000, 0x000000008d000000, 0x000000008d100000|  0%| F|  |TAMS 0x000000008d000000, 0x000000008d000000| Untracked 
| 209|0x000000008d100000, 0x000000008d100000, 0x000000008d200000|  0%| F|  |TAMS 0x000000008d100000, 0x000000008d100000| Untracked 
| 210|0x000000008d200000, 0x000000008d200000, 0x000000008d300000|  0%| F|  |TAMS 0x000000008d200000, 0x000000008d200000| Untracked 
| 211|0x000000008d300000, 0x000000008d300000, 0x000000008d400000|  0%| F|  |TAMS 0x000000008d300000, 0x000000008d300000| Untracked 
| 212|0x000000008d400000, 0x000000008d400000, 0x000000008d500000|  0%| F|  |TAMS 0x000000008d400000, 0x000000008d400000| Untracked 
| 213|0x000000008d500000, 0x000000008d500000, 0x000000008d600000|  0%| F|  |TAMS 0x000000008d500000, 0x000000008d500000| Untracked 
| 214|0x000000008d600000, 0x000000008d600000, 0x000000008d700000|  0%| F|  |TAMS 0x000000008d600000, 0x000000008d600000| Untracked 
| 215|0x000000008d700000, 0x000000008d700000, 0x000000008d800000|  0%| F|  |TAMS 0x000000008d700000, 0x000000008d700000| Untracked 
| 216|0x000000008d800000, 0x000000008d800000, 0x000000008d900000|  0%| F|  |TAMS 0x000000008d800000, 0x000000008d800000| Untracked 
| 217|0x000000008d900000, 0x000000008d900000, 0x000000008da00000|  0%| F|  |TAMS 0x000000008d900000, 0x000000008d900000| Untracked 
| 218|0x000000008da00000, 0x000000008da00000, 0x000000008db00000|  0%| F|  |TAMS 0x000000008da00000, 0x000000008da00000| Untracked 
| 219|0x000000008db00000, 0x000000008db00000, 0x000000008dc00000|  0%| F|  |TAMS 0x000000008db00000, 0x000000008db00000| Untracked 
| 220|0x000000008dc00000, 0x000000008dc00000, 0x000000008dd00000|  0%| F|  |TAMS 0x000000008dc00000, 0x000000008dc00000| Untracked 
| 221|0x000000008dd00000, 0x000000008dd00000, 0x000000008de00000|  0%| F|  |TAMS 0x000000008dd00000, 0x000000008dd00000| Untracked 
| 222|0x000000008de00000, 0x000000008de00000, 0x000000008df00000|  0%| F|  |TAMS 0x000000008de00000, 0x000000008de00000| Untracked 
| 223|0x000000008df00000, 0x000000008df00000, 0x000000008e000000|  0%| F|  |TAMS 0x000000008df00000, 0x000000008df00000| Untracked 
| 224|0x000000008e000000, 0x000000008e000000, 0x000000008e100000|  0%| F|  |TAMS 0x000000008e000000, 0x000000008e000000| Untracked 
| 225|0x000000008e100000, 0x000000008e100000, 0x000000008e200000|  0%| F|  |TAMS 0x000000008e100000, 0x000000008e100000| Untracked 
| 226|0x000000008e200000, 0x000000008e200000, 0x000000008e300000|  0%| F|  |TAMS 0x000000008e200000, 0x000000008e200000| Untracked 
| 227|0x000000008e300000, 0x000000008e300000, 0x000000008e400000|  0%| F|  |TAMS 0x000000008e300000, 0x000000008e300000| Untracked 
| 228|0x000000008e400000, 0x000000008e47d410, 0x000000008e500000| 48%| E|  |TAMS 0x000000008e400000, 0x000000008e400000| Complete 
| 229|0x000000008e500000, 0x000000008e5e3608, 0x000000008e600000| 88%| E|  |TAMS 0x000000008e500000, 0x000000008e500000| Complete 
| 230|0x000000008e600000, 0x000000008e700000, 0x000000008e700000|100%| E|CS|TAMS 0x000000008e600000, 0x000000008e600000| Complete 
| 231|0x000000008e700000, 0x000000008e800000, 0x000000008e800000|100%| E|CS|TAMS 0x000000008e700000, 0x000000008e700000| Complete 
| 232|0x000000008e800000, 0x000000008e900000, 0x000000008e900000|100%| E|CS|TAMS 0x000000008e800000, 0x000000008e800000| Complete 
| 233|0x000000008e900000, 0x000000008ea00000, 0x000000008ea00000|100%| E|CS|TAMS 0x000000008e900000, 0x000000008e900000| Complete 
| 234|0x000000008ea00000, 0x000000008eb00000, 0x000000008eb00000|100%| E|CS|TAMS 0x000000008ea00000, 0x000000008ea00000| Complete 
| 235|0x000000008eb00000, 0x000000008ec00000, 0x000000008ec00000|100%| E|CS|TAMS 0x000000008eb00000, 0x000000008eb00000| Complete 
| 236|0x000000008ec00000, 0x000000008ed00000, 0x000000008ed00000|100%| E|CS|TAMS 0x000000008ec00000, 0x000000008ec00000| Complete 
| 237|0x000000008ed00000, 0x000000008ee00000, 0x000000008ee00000|100%| E|CS|TAMS 0x000000008ed00000, 0x000000008ed00000| Complete 
| 238|0x000000008ee00000, 0x000000008ef00000, 0x000000008ef00000|100%| E|CS|TAMS 0x000000008ee00000, 0x000000008ee00000| Complete 
| 239|0x000000008ef00000, 0x000000008f000000, 0x000000008f000000|100%| E|CS|TAMS 0x000000008ef00000, 0x000000008ef00000| Complete 
| 240|0x000000008f000000, 0x000000008f100000, 0x000000008f100000|100%| E|CS|TAMS 0x000000008f000000, 0x000000008f000000| Complete 
| 241|0x000000008f100000, 0x000000008f200000, 0x000000008f200000|100%| E|CS|TAMS 0x000000008f100000, 0x000000008f100000| Complete 
| 242|0x000000008f200000, 0x000000008f300000, 0x000000008f300000|100%| E|CS|TAMS 0x000000008f200000, 0x000000008f200000| Complete 
| 243|0x000000008f300000, 0x000000008f400000, 0x000000008f400000|100%| E|CS|TAMS 0x000000008f300000, 0x000000008f300000| Complete 
| 244|0x000000008f400000, 0x000000008f500000, 0x000000008f500000|100%| E|CS|TAMS 0x000000008f400000, 0x000000008f400000| Complete 
| 245|0x000000008f500000, 0x000000008f600000, 0x000000008f600000|100%| E|CS|TAMS 0x000000008f500000, 0x000000008f500000| Complete 
| 246|0x000000008f600000, 0x000000008f700000, 0x000000008f700000|100%| E|CS|TAMS 0x000000008f600000, 0x000000008f600000| Complete 
| 247|0x000000008f700000, 0x000000008f800000, 0x000000008f800000|100%| E|CS|TAMS 0x000000008f700000, 0x000000008f700000| Complete 
| 248|0x000000008f800000, 0x000000008f900000, 0x000000008f900000|100%| E|CS|TAMS 0x000000008f800000, 0x000000008f800000| Complete 
| 249|0x000000008f900000, 0x000000008fa00000, 0x000000008fa00000|100%| E|CS|TAMS 0x000000008f900000, 0x000000008f900000| Complete 
| 250|0x000000008fa00000, 0x000000008fb00000, 0x000000008fb00000|100%| E|CS|TAMS 0x000000008fa00000, 0x000000008fa00000| Complete 
| 251|0x000000008fb00000, 0x000000008fc00000, 0x000000008fc00000|100%| E|CS|TAMS 0x000000008fb00000, 0x000000008fb00000| Complete 
| 252|0x000000008fc00000, 0x000000008fd00000, 0x000000008fd00000|100%| E|CS|TAMS 0x000000008fc00000, 0x000000008fc00000| Complete 
| 253|0x000000008fd00000, 0x000000008fe00000, 0x000000008fe00000|100%| E|CS|TAMS 0x000000008fd00000, 0x000000008fd00000| Complete 
| 254|0x000000008fe00000, 0x000000008ff00000, 0x000000008ff00000|100%| E|CS|TAMS 0x000000008fe00000, 0x000000008fe00000| Complete 
| 255|0x000000008ff00000, 0x0000000090000000, 0x0000000090000000|100%| E|CS|TAMS 0x000000008ff00000, 0x000000008ff00000| Complete 
| 256|0x0000000090000000, 0x00000000900d0c70, 0x0000000090100000| 81%| S|CS|TAMS 0x0000000090000000, 0x0000000090000000| Complete 
| 257|0x0000000090100000, 0x0000000090200000, 0x0000000090200000|100%| S|CS|TAMS 0x0000000090100000, 0x0000000090100000| Complete 
| 258|0x0000000090200000, 0x0000000090300000, 0x0000000090300000|100%| E|CS|TAMS 0x0000000090200000, 0x0000000090200000| Complete 
| 259|0x0000000090300000, 0x0000000090400000, 0x0000000090400000|100%| E|CS|TAMS 0x0000000090300000, 0x0000000090300000| Complete 
| 260|0x0000000090400000, 0x0000000090500000, 0x0000000090500000|100%| E|CS|TAMS 0x0000000090400000, 0x0000000090400000| Complete 
| 261|0x0000000090500000, 0x0000000090600000, 0x0000000090600000|100%| E|CS|TAMS 0x0000000090500000, 0x0000000090500000| Complete 

Card table byte_map: [0x00000287f56f0000,0x00000287f5af0000] _byte_map_base: 0x00000287f52f0000

Marking Bits (Prev, Next): (CMBitMap*) 0x00000287efa377a0, (CMBitMap*) 0x00000287efa37768
 Prev Bits: [0x00000287f7ef0000, 0x00000287f9ef0000)
 Next Bits: [0x00000287f5ef0000, 0x00000287f7ef0000)

Polling page: 0x00000287ef7d0000

Metaspace:

Usage:
  Non-class:    104.28 MB capacity,   101.95 MB ( 98%) used,     1.88 MB (  2%) free+waste,   456.00 KB ( <1%) overhead. 
      Class:     16.56 MB capacity,    15.10 MB ( 91%) used,     1.26 MB (  8%) free+waste,   207.19 KB (  1%) overhead. 
       Both:    120.84 MB capacity,   117.05 MB ( 97%) used,     3.14 MB (  3%) free+waste,   663.19 KB ( <1%) overhead. 

Virtual space:
  Non-class space:      106.00 MB reserved,     104.38 MB ( 98%) committed 
      Class space:        1.00 GB reserved,      16.57 MB (  2%) committed 
             Both:        1.10 GB reserved,     120.95 MB ( 11%) committed 

Chunk freelists:
   Non-Class:  38.00 KB
       Class:  0 bytes
        Both:  38.00 KB

MaxMetaspaceSize: 17179869184.00 GB
CompressedClassSpaceSize: 1.00 GB
Initial GC threshold: 20.80 MB
Current GC threshold: 196.38 MB
CDS: off

CodeHeap 'non-profiled nmethods': size=120064Kb used=12566Kb max_used=12768Kb free=107498Kb
 bounds [0x0000028787ac0000, 0x0000028788740000, 0x000002878f000000]
CodeHeap 'profiled nmethods': size=120000Kb used=39078Kb max_used=40811Kb free=80921Kb
 bounds [0x0000028780590000, 0x0000028782d70000, 0x0000028787ac0000]
CodeHeap 'non-nmethods': size=5696Kb used=2448Kb max_used=2527Kb free=3247Kb
 bounds [0x0000028780000000, 0x0000028780290000, 0x0000028780590000]
 total_blobs=18662 nmethods=17677 adapters=896
 compilation: enabled
              stopped_count=0, restarted_count=0
 full_count=0

Compilation events (20 events):
Event: 296.759 Thread 0x00000287fd193800 nmethod 18674 0x0000028787ae3210 code [0x0000028787ae33c0, 0x0000028787ae3a78]
Event: 296.759 Thread 0x00000287fd193800 18676       4       org.apache.xerces.dom.DeferredElementNSImpl::synchronizeData (232 bytes)
Event: 296.896 Thread 0x00000287fceeb000 18679       2       org.apache.xerces.dom.NamedNodeMapImpl::findNamePoint (131 bytes)
Event: 296.897 Thread 0x00000287fceeb000 nmethod 18679 0x00000287806eea90 code [0x00000287806eecc0, 0x00000287806ef0e8]
Event: 296.902 Thread 0x00000287fceeb000 18680       3       com.android.ide.common.resources.DataFile::hasNotRemovedItems (48 bytes)
Event: 296.902 Thread 0x00000287fceeb000 nmethod 18680 0x0000028780724f10 code [0x0000028780725120, 0x0000028780725838]
Event: 296.903 Thread 0x00000287fceeb000 18681       3       com.android.ide.common.resources.DataSet::createFileElement (81 bytes)
Event: 296.907 Thread 0x00000287fceeb000 nmethod 18681 0x000002878084ba90 code [0x000002878084bd80, 0x000002878084cbf8]
Event: 296.907 Thread 0x00000287fceeb000 18682       3       com.android.ide.common.resources.ResourceFile::addExtraAttributes (33 bytes)
Event: 296.908 Thread 0x00000287fceeb000 nmethod 18682 0x0000028780fe9910 code [0x0000028780fe9b00, 0x0000028780fe9e28]
Event: 297.130 Thread 0x00000287fceeb000 18684       3       org.apache.xerces.dom.CoreDocumentImpl::checkNamespaceWF (51 bytes)
Event: 297.131 Thread 0x00000287fceeb000 nmethod 18684 0x00000287808cce10 code [0x00000287808cd000, 0x00000287808cd3f8]
Event: 297.136 Thread 0x00000287fceeb000 18685       3       org.apache.xerces.dom.CoreDocumentImpl::checkQName (95 bytes)
Event: 297.137 Thread 0x00000287fceeb000 nmethod 18685 0x0000028780b32290 code [0x0000028780b324c0, 0x0000028780b329d8]
Event: 297.138 Thread 0x00000287fceeb000 18686       3       org.apache.xerces.dom.CoreDocumentImpl::checkDOMNSErr (135 bytes)
Event: 297.139 Thread 0x00000287fceeb000 nmethod 18686 0x0000028781020310 code [0x00000287810205c0, 0x0000028781020d58]
Event: 297.139 Thread 0x00000287fceeb000 18687       3       com.android.ide.common.resources.NodeUtils::getDocumentNamespaceAttributes (38 bytes)
Event: 297.140 Thread 0x00000287fceeb000 nmethod 18687 0x00000287808cc790 code [0x00000287808cc980, 0x00000287808ccca8]
Event: 297.140 Thread 0x00000287fceeb000 18688       3       com.android.ide.common.resources.NodeUtils::getPrefixForNs (71 bytes)
Event: 297.141 Thread 0x00000287fceeb000 nmethod 18688 0x0000028780681510 code [0x00000287806817a0, 0x0000028780682548]

GC Heap History (20 events):
Event: 184.380 GC heap before
{Heap before GC invocations=76 (full 0):
 garbage-first heap   total 268288K, used 139681K [0x0000000080000000, 0x0000000100000000)
  region size 1024K, 28 young (28672K), 2 survivors (2048K)
 Metaspace       used 115084K, capacity 118659K, committed 118736K, reserved 1150976K
  class space    used 15033K, capacity 16425K, committed 16460K, reserved 1048576K
}
Event: 184.418 GC heap after
{Heap after GC invocations=77 (full 0):
 garbage-first heap   total 268288K, used 118083K [0x0000000080000000, 0x0000000100000000)
  region size 1024K, 4 young (4096K), 4 survivors (4096K)
 Metaspace       used 115084K, capacity 118659K, committed 118736K, reserved 1150976K
  class space    used 15033K, capacity 16425K, committed 16460K, reserved 1048576K
}
Event: 184.796 GC heap before
{Heap before GC invocations=77 (full 0):
 garbage-first heap   total 268288K, used 120131K [0x0000000080000000, 0x0000000100000000)
  region size 1024K, 7 young (7168K), 4 survivors (4096K)
 Metaspace       used 115107K, capacity 118724K, committed 118992K, reserved 1153024K
  class space    used 15033K, capacity 16425K, committed 16460K, reserved 1048576K
}
Event: 184.824 GC heap after
{Heap after GC invocations=78 (full 0):
 garbage-first heap   total 268288K, used 119041K [0x0000000080000000, 0x0000000100000000)
  region size 1024K, 1 young (1024K), 1 survivors (1024K)
 Metaspace       used 115107K, capacity 118724K, committed 118992K, reserved 1153024K
  class space    used 15033K, capacity 16425K, committed 16460K, reserved 1048576K
}
Event: 187.703 GC heap before
{Heap before GC invocations=79 (full 0):
 garbage-first heap   total 268288K, used 148737K [0x0000000080000000, 0x0000000100000000)
  region size 1024K, 29 young (29696K), 1 survivors (1024K)
 Metaspace       used 115187K, capacity 118789K, committed 118992K, reserved 1153024K
  class space    used 15033K, capacity 16425K, committed 16460K, reserved 1048576K
}
Event: 187.721 GC heap after
{Heap after GC invocations=80 (full 0):
 garbage-first heap   total 268288K, used 128829K [0x0000000080000000, 0x0000000100000000)
  region size 1024K, 4 young (4096K), 4 survivors (4096K)
 Metaspace       used 115187K, capacity 118789K, committed 118992K, reserved 1153024K
  class space    used 15033K, capacity 16425K, committed 16460K, reserved 1048576K
}
Event: 188.966 GC heap before
{Heap before GC invocations=80 (full 0):
 garbage-first heap   total 268288K, used 137021K [0x0000000080000000, 0x0000000100000000)
  region size 1024K, 13 young (13312K), 4 survivors (4096K)
 Metaspace       used 115343K, capacity 118922K, committed 118992K, reserved 1153024K
  class space    used 15033K, capacity 16425K, committed 16460K, reserved 1048576K
}
Event: 188.990 GC heap after
{Heap after GC invocations=81 (full 0):
 garbage-first heap   total 268288K, used 114789K [0x0000000080000000, 0x0000000100000000)
  region size 1024K, 2 young (2048K), 2 survivors (2048K)
 Metaspace       used 115343K, capacity 118922K, committed 118992K, reserved 1153024K
  class space    used 15033K, capacity 16425K, committed 16460K, reserved 1048576K
}
Event: 192.084 GC heap before
{Heap before GC invocations=81 (full 0):
 garbage-first heap   total 268288K, used 134245K [0x0000000080000000, 0x0000000100000000)
  region size 1024K, 23 young (23552K), 2 survivors (2048K)
 Metaspace       used 115743K, capacity 119294K, committed 119504K, reserved 1153024K
  class space    used 15047K, capacity 16452K, committed 16460K, reserved 1048576K
}
Event: 192.098 GC heap after
{Heap after GC invocations=82 (full 0):
 garbage-first heap   total 268288K, used 115950K [0x0000000080000000, 0x0000000100000000)
  region size 1024K, 3 young (3072K), 3 survivors (3072K)
 Metaspace       used 115743K, capacity 119294K, committed 119504K, reserved 1153024K
  class space    used 15047K, capacity 16452K, committed 16460K, reserved 1048576K
}
Event: 244.792 GC heap before
{Heap before GC invocations=83 (full 0):
 garbage-first heap   total 268288K, used 185582K [0x0000000080000000, 0x0000000100000000)
  region size 1024K, 60 young (61440K), 3 survivors (3072K)
 Metaspace       used 116230K, capacity 119954K, committed 120144K, reserved 1153024K
  class space    used 15083K, capacity 16517K, committed 16588K, reserved 1048576K
}
Event: 244.830 GC heap after
{Heap after GC invocations=84 (full 0):
 garbage-first heap   total 268288K, used 122170K [0x0000000080000000, 0x0000000100000000)
  region size 1024K, 8 young (8192K), 8 survivors (8192K)
 Metaspace       used 116230K, capacity 119954K, committed 120144K, reserved 1153024K
  class space    used 15083K, capacity 16517K, committed 16588K, reserved 1048576K
}
Event: 245.306 GC heap before
{Heap before GC invocations=84 (full 0):
 garbage-first heap   total 268288K, used 128314K [0x0000000080000000, 0x0000000100000000)
  region size 1024K, 13 young (13312K), 8 survivors (8192K)
 Metaspace       used 116304K, capacity 120018K, committed 120144K, reserved 1153024K
  class space    used 15083K, capacity 16517K, committed 16588K, reserved 1048576K
}
Event: 245.391 GC heap after
{Heap after GC invocations=85 (full 0):
 garbage-first heap   total 268288K, used 122805K [0x0000000080000000, 0x0000000100000000)
  region size 1024K, 2 young (2048K), 2 survivors (2048K)
 Metaspace       used 116304K, capacity 120018K, committed 120144K, reserved 1153024K
  class space    used 15083K, capacity 16517K, committed 16588K, reserved 1048576K
}
Event: 252.493 GC heap before
{Heap before GC invocations=85 (full 0):
 garbage-first heap   total 268288K, used 177077K [0x0000000080000000, 0x0000000100000000)
  region size 1024K, 57 young (58368K), 2 survivors (2048K)
 Metaspace       used 116671K, capacity 120436K, committed 120656K, reserved 1153024K
  class space    used 15095K, capacity 16539K, committed 16588K, reserved 1048576K
}
Event: 252.533 GC heap after
{Heap after GC invocations=86 (full 0):
 garbage-first heap   total 268288K, used 128949K [0x0000000080000000, 0x0000000100000000)
  region size 1024K, 8 young (8192K), 8 survivors (8192K)
 Metaspace       used 116671K, capacity 120436K, committed 120656K, reserved 1153024K
  class space    used 15095K, capacity 16539K, committed 16588K, reserved 1048576K
}
Event: 284.154 GC heap before
{Heap before GC invocations=87 (full 0):
 garbage-first heap   total 268288K, used 201653K [0x0000000080000000, 0x0000000100000000)
  region size 1024K, 66 young (67584K), 8 survivors (8192K)
 Metaspace       used 118382K, capacity 122111K, committed 122448K, reserved 1155072K
  class space    used 15291K, capacity 16732K, committed 16844K, reserved 1048576K
}
Event: 284.308 GC heap after
{Heap after GC invocations=88 (full 0):
 garbage-first heap   total 268288K, used 140392K [0x0000000080000000, 0x0000000100000000)
  region size 1024K, 9 young (9216K), 9 survivors (9216K)
 Metaspace       used 118382K, capacity 122111K, committed 122448K, reserved 1155072K
  class space    used 15291K, capacity 16732K, committed 16844K, reserved 1048576K
}
Event: 284.905 GC heap before
{Heap before GC invocations=88 (full 0):
 garbage-first heap   total 268288K, used 143464K [0x0000000080000000, 0x0000000100000000)
  region size 1024K, 13 young (13312K), 9 survivors (9216K)
 Metaspace       used 119063K, capacity 122799K, committed 122960K, reserved 1155072K
  class space    used 15375K, capacity 16815K, committed 16844K, reserved 1048576K
}
Event: 284.984 GC heap after
{Heap after GC invocations=89 (full 0):
 garbage-first heap   total 268288K, used 130176K [0x0000000080000000, 0x0000000100000000)
  region size 1024K, 2 young (2048K), 2 survivors (2048K)
 Metaspace       used 119063K, capacity 122799K, committed 122960K, reserved 1155072K
  class space    used 15375K, capacity 16815K, committed 16844K, reserved 1048576K
}

Deoptimization events (20 events):
Event: 296.271 Thread 0x0000028791433000 Uncommon trap: trap_request=0xffffffde fr.pc=0x0000028787b602f8 relative=0x0000000000002bf8
Event: 296.272 Thread 0x0000028791433000 Uncommon trap: reason=class_check action=maybe_recompile pc=0x0000028787b602f8 method=com.android.ide.common.resources.NodeUtils.processSingleNodeNamespace(Lorg/w3c/dom/Node;Lorg/w3c/dom/Document;)Z @ 100 c2
Event: 296.272 Thread 0x0000028791433000 DEOPT PACKING pc=0x0000028787b602f8 sp=0x000000ca5d9fa7c0
Event: 296.272 Thread 0x0000028791433000 DEOPT UNPACKING pc=0x000002878004a1af sp=0x000000ca5d9fa728 mode 2
Event: 296.298 Thread 0x0000028791433000 Uncommon trap: trap_request=0xffffffde fr.pc=0x0000028787b602f8 relative=0x0000000000002bf8
Event: 296.298 Thread 0x0000028791433000 Uncommon trap: reason=class_check action=maybe_recompile pc=0x0000028787b602f8 method=com.android.ide.common.resources.NodeUtils.processSingleNodeNamespace(Lorg/w3c/dom/Node;Lorg/w3c/dom/Document;)Z @ 100 c2
Event: 296.298 Thread 0x0000028791433000 DEOPT PACKING pc=0x0000028787b602f8 sp=0x000000ca5d9fa7c0
Event: 296.298 Thread 0x0000028791433000 DEOPT UNPACKING pc=0x000002878004a1af sp=0x000000ca5d9fa728 mode 2
Event: 296.301 Thread 0x0000028791433000 Uncommon trap: trap_request=0xffffffde fr.pc=0x0000028787b6037c relative=0x0000000000002c7c
Event: 296.301 Thread 0x0000028791433000 Uncommon trap: reason=class_check action=maybe_recompile pc=0x0000028787b6037c method=com.android.ide.common.resources.NodeUtils.processSingleNodeNamespace(Lorg/w3c/dom/Node;Lorg/w3c/dom/Document;)Z @ 100 c2
Event: 296.301 Thread 0x0000028791433000 DEOPT PACKING pc=0x0000028787b6037c sp=0x000000ca5d9fa7c0
Event: 296.301 Thread 0x0000028791433000 DEOPT UNPACKING pc=0x000002878004a1af sp=0x000000ca5d9fa698 mode 2
Event: 296.323 Thread 0x0000028791433000 Uncommon trap: trap_request=0xffffffde fr.pc=0x0000028787c60b20 relative=0x00000000000002e0
Event: 296.323 Thread 0x0000028791433000 Uncommon trap: reason=class_check action=maybe_recompile pc=0x0000028787c60b20 method=com.android.ide.common.resources.NodeUtils.processSingleNodeNamespace(Lorg/w3c/dom/Node;Lorg/w3c/dom/Document;)Z @ 100 c2
Event: 296.323 Thread 0x0000028791433000 DEOPT PACKING pc=0x0000028787c60b20 sp=0x000000ca5d9fa710
Event: 296.323 Thread 0x0000028791433000 DEOPT UNPACKING pc=0x000002878004a1af sp=0x000000ca5d9fa698 mode 2
Event: 296.355 Thread 0x0000028791433000 Uncommon trap: trap_request=0xffffff4d fr.pc=0x0000028787bfa058 relative=0x00000000000024b8
Event: 296.355 Thread 0x0000028791433000 Uncommon trap: reason=unstable_if action=reinterpret pc=0x0000028787bfa058 method=com.android.ide.common.resources.NodeUtils.duplicateNode(Lorg/w3c/dom/Document;Lorg/w3c/dom/Node;)Lorg/w3c/dom/Node; @ 85 c2
Event: 296.355 Thread 0x0000028791433000 DEOPT PACKING pc=0x0000028787bfa058 sp=0x000000ca5d9fa640
Event: 296.355 Thread 0x0000028791433000 DEOPT UNPACKING pc=0x000002878004a1af sp=0x000000ca5d9fa690 mode 2

Classes redefined (0 events):
No events

Internal exceptions (20 events):
Event: 251.437 Thread 0x00000287fcfb2800 Exception <a 'sun/nio/fs/WindowsException'{0x000000008d5578b0}> (0x000000008d5578b0) thrown at [src/hotspot/share/prims/jni.cpp, line 617]
Event: 251.503 Thread 0x00000287fcfb2800 Exception <a 'sun/nio/fs/WindowsException'{0x000000008d4ecb58}> (0x000000008d4ecb58) thrown at [src/hotspot/share/prims/jni.cpp, line 617]
Event: 254.574 Thread 0x0000028791429800 Implicit null exception at 0x0000028787e5fc8a to 0x0000028787e604c0
Event: 254.584 Thread 0x0000028791429800 Exception <a 'sun/nio/fs/WindowsException'{0x000000009048e6c8}> (0x000000009048e6c8) thrown at [src/hotspot/share/prims/jni.cpp, line 617]
Event: 254.584 Thread 0x0000028791429800 Exception <a 'sun/nio/fs/WindowsException'{0x000000009048e750}> (0x000000009048e750) thrown at [src/hotspot/share/prims/jni.cpp, line 617]
Event: 254.585 Thread 0x0000028791429800 Exception <a 'sun/nio/fs/WindowsException'{0x00000000904900b0}> (0x00000000904900b0) thrown at [src/hotspot/share/prims/jni.cpp, line 617]
Event: 271.495 Thread 0x00000287905a7800 Implicit null exception at 0x00000287884ca02a to 0x00000287884cac74
Event: 272.056 Thread 0x0000028791429800 Exception <a 'sun/nio/fs/WindowsException'{0x000000008ec40ca8}> (0x000000008ec40ca8) thrown at [src/hotspot/share/prims/jni.cpp, line 617]
Event: 273.076 Thread 0x0000028791429800 Exception <a 'java/lang/NoClassDefFoundError'{0x000000008e9dded8}: org/jetbrains/kotlin/gradle/plugin/KotlinBasePluginWrapper> (0x000000008e9dded8) thrown at [src/hotspot/share/oops/constantPool.cpp, line 775]
Event: 273.454 Thread 0x0000028791429800 Exception <a 'sun/nio/fs/WindowsException'{0x000000008e723df0}> (0x000000008e723df0) thrown at [src/hotspot/share/prims/jni.cpp, line 617]
Event: 273.563 Thread 0x0000028791429800 Exception <a 'sun/nio/fs/WindowsException'{0x000000008e7c02b8}> (0x000000008e7c02b8) thrown at [src/hotspot/share/prims/jni.cpp, line 617]
Event: 273.567 Thread 0x0000028791429800 Exception <a 'sun/nio/fs/WindowsException'{0x000000008e7c1630}> (0x000000008e7c1630) thrown at [src/hotspot/share/prims/jni.cpp, line 617]
Event: 273.568 Thread 0x0000028791429800 Exception <a 'sun/nio/fs/WindowsException'{0x000000008e7c29f8}> (0x000000008e7c29f8) thrown at [src/hotspot/share/prims/jni.cpp, line 617]
Event: 273.568 Thread 0x0000028791429800 Exception <a 'sun/nio/fs/WindowsException'{0x000000008e7c3dc0}> (0x000000008e7c3dc0) thrown at [src/hotspot/share/prims/jni.cpp, line 617]
Event: 287.484 Thread 0x0000028791433000 Exception <a 'java/lang/NoSuchMethodError'{0x000000008f5207e0}: 'java.lang.Object java.lang.invoke.DirectMethodHandle$Holder.invokeSpecial(java.lang.Object, java.lang.Object, int, int, int, java.lang.Object, java.lang.Object, java.lang.Object, int)'> (0x000000008f5207e0) thrown at [src/hotspot/share/interpreter/linkResolver.cpp, line 773]
Event: 287.485 Thread 0x0000028791433000 Exception <a 'java/lang/NoSuchMethodError'{0x000000008f524690}: 'java.lang.Object java.lang.invoke.DelegatingMethodHandle$Holder.reinvoke_L(java.lang.Object, int, int, int, java.lang.Object, java.lang.Object, java.lang.Object, int)'> (0x000000008f524690) thrown at [src/hotspot/share/interpreter/linkResolver.cpp, line 773]
Event: 293.096 Thread 0x0000028791433000 Implicit null exception at 0x0000028788713cda to 0x0000028788713d94
Event: 293.867 Thread 0x0000028791433000 Implicit null exception at 0x0000028787c8bc78 to 0x0000028787c8c674
Event: 293.935 Thread 0x0000028791433000 Implicit null exception at 0x0000028787b205e3 to 0x0000028787b20cb0
Event: 293.935 Thread 0x0000028791433000 Implicit null exception at 0x0000028787cb16e7 to 0x0000028787cb1d44

Events (20 events):
Event: 290.144 loading class com/android/builder/internal/aapt/v2/Aapt2Exception done
Event: 290.150 Executing VM operation: RevokeBias
Event: 290.151 Executing VM operation: RevokeBias done
Event: 290.436 loading class com/android/ide/common/blame/MergingLogPersistUtil
Event: 290.436 loading class com/android/ide/common/blame/MergingLogPersistUtil done
Event: 290.452 loading class com/android/ide/common/blame/MergingLogPersistUtil$SourcePositionsSerializer$JsonTypeAdapter
Event: 290.452 loading class com/android/ide/common/blame/MergingLogPersistUtil$SourcePositionsSerializer$JsonTypeAdapter done
Event: 290.629 loading class com/android/ide/common/blame/SourceFileJsonTypeAdapter$1
Event: 290.629 loading class com/android/ide/common/blame/SourceFileJsonTypeAdapter$1 done
Event: 290.887 loading class com/google/common/cache/LocalCache$EntrySet
Event: 290.887 loading class com/google/common/cache/LocalCache$EntrySet done
Event: 291.029 loading class com/google/common/cache/LocalCache$AbstractCacheSet
Event: 291.029 loading class com/google/common/cache/LocalCache$AbstractCacheSet done
Event: 291.074 loading class com/google/common/cache/LocalCache$EntryIterator
Event: 291.074 loading class com/google/common/cache/LocalCache$EntryIterator done
Event: 291.200 loading class com/google/common/cache/LocalCache$HashIterator
Event: 291.200 loading class com/google/common/cache/LocalCache$HashIterator done
Event: 291.266 loading class com/google/common/cache/LocalCache$WriteThroughEntry
Event: 291.266 loading class com/google/common/cache/LocalCache$WriteThroughEntry done
Event: 296.396 Thread 0x00000287fd193800 Thread added: 0x00000287fd193800


Dynamic libraries:
0x00007ff719680000 - 0x00007ff71968a000 	C:\Program Files\Android\Android Studio\jbr\bin\java.exe
0x00007fff24f70000 - 0x00007fff25168000 	C:\WINDOWS\SYSTEM32\ntdll.dll
0x00007fff22fb0000 - 0x00007fff2306f000 	C:\WINDOWS\System32\KERNEL32.DLL
0x00007fff227f0000 - 0x00007fff22ac2000 	C:\WINDOWS\System32\KERNELBASE.dll
0x00007fff22d70000 - 0x00007fff22e70000 	C:\WINDOWS\System32\ucrtbase.dll
0x00007fff13d20000 - 0x00007fff13d37000 	C:\Program Files\Android\Android Studio\jbr\bin\jli.dll
0x00007fff233d0000 - 0x00007fff23571000 	C:\WINDOWS\System32\USER32.dll
0x00007fff22f80000 - 0x00007fff22fa2000 	C:\WINDOWS\System32\win32u.dll
0x00007fff23580000 - 0x00007fff235ab000 	C:\WINDOWS\System32\GDI32.dll
0x00007fff22e70000 - 0x00007fff22f7f000 	C:\WINDOWS\System32\gdi32full.dll
0x00007fff22c80000 - 0x00007fff22d1d000 	C:\WINDOWS\System32\msvcp_win.dll
0x00007fff134b0000 - 0x00007fff134cb000 	C:\Program Files\Android\Android Studio\jbr\bin\VCRUNTIME140.dll
0x00007fff0f0b0000 - 0x00007fff0f34a000 	C:\WINDOWS\WinSxS\amd64_microsoft.windows.common-controls_6595b64144ccf1df_6.0.19041.1110_none_60b5254171f9507e\COMCTL32.dll
0x00007fff24c30000 - 0x00007fff24cce000 	C:\WINDOWS\System32\msvcrt.dll
0x00007fff23a90000 - 0x00007fff23ac2000 	C:\WINDOWS\System32\IMM32.DLL
0x00007fff04f20000 - 0x00007fff04fad000 	C:\Program Files\Android\Android Studio\jbr\bin\msvcp140.dll
0x00007fff04c20000 - 0x00007fff04c2c000 	C:\WINDOWS\SYSTEM32\VCRUNTIME140_1.dll
0x00007ffed4b40000 - 0x00007ffed56fc000 	C:\Program Files\Android\Android Studio\jbr\bin\server\jvm.dll
0x00007fff24e80000 - 0x00007fff24f2e000 	C:\WINDOWS\System32\ADVAPI32.dll
0x00007fff23ee0000 - 0x00007fff23f7c000 	C:\WINDOWS\System32\sechost.dll
0x00007fff23c40000 - 0x00007fff23d65000 	C:\WINDOWS\System32\RPCRT4.dll
0x00007fff23a70000 - 0x00007fff23a78000 	C:\WINDOWS\System32\PSAPI.DLL
0x00007fff0c670000 - 0x00007fff0c697000 	C:\WINDOWS\SYSTEM32\WINMM.dll
0x00007fff1e170000 - 0x00007fff1e179000 	C:\WINDOWS\SYSTEM32\WSOCK32.dll
0x00007fff19670000 - 0x00007fff1967a000 	C:\WINDOWS\SYSTEM32\VERSION.dll
0x00007fff239f0000 - 0x00007fff23a5b000 	C:\WINDOWS\System32\WS2_32.dll
0x00007fff20eb0000 - 0x00007fff20ec2000 	C:\WINDOWS\SYSTEM32\kernel.appcore.dll
0x00007fff1dda0000 - 0x00007fff1ddb0000 	C:\Program Files\Android\Android Studio\jbr\bin\verify.dll
0x00007fff20bd0000 - 0x00007fff20db4000 	C:\WINDOWS\SYSTEM32\DBGHELP.DLL
0x00007fff06510000 - 0x00007fff06545000 	C:\WINDOWS\SYSTEM32\dbgcore.DLL
0x00007fff22ad0000 - 0x00007fff22b52000 	C:\WINDOWS\System32\bcryptPrimitives.dll
0x00007fff1dc90000 - 0x00007fff1dcb8000 	C:\Program Files\Android\Android Studio\jbr\bin\java.dll
0x00007fff1db10000 - 0x00007fff1db1a000 	C:\Program Files\Android\Android Studio\jbr\bin\jimage.dll
0x00007fff1bd90000 - 0x00007fff1bda8000 	C:\Program Files\Android\Android Studio\jbr\bin\zip.dll
0x00007fff23f80000 - 0x00007fff246c4000 	C:\WINDOWS\System32\SHELL32.dll
0x00007fff20360000 - 0x00007fff20af2000 	C:\WINDOWS\SYSTEM32\windows.storage.dll
0x00007fff23070000 - 0x00007fff233c5000 	C:\WINDOWS\System32\combase.dll
0x00007fff220c0000 - 0x00007fff220f0000 	C:\WINDOWS\SYSTEM32\Wldp.dll
0x00007fff23880000 - 0x00007fff2392d000 	C:\WINDOWS\System32\SHCORE.dll
0x00007fff23e80000 - 0x00007fff23ed5000 	C:\WINDOWS\System32\shlwapi.dll
0x00007fff225a0000 - 0x00007fff225bf000 	C:\WINDOWS\SYSTEM32\profapi.dll
0x00007fff1a3c0000 - 0x00007fff1a3d9000 	C:\Program Files\Android\Android Studio\jbr\bin\net.dll
0x00007fff11190000 - 0x00007fff1129c000 	C:\WINDOWS\SYSTEM32\WINHTTP.dll
0x00007fff21e20000 - 0x00007fff21e8a000 	C:\WINDOWS\system32\mswsock.dll
0x00007fff19750000 - 0x00007fff19763000 	C:\Program Files\Android\Android Studio\jbr\bin\nio.dll
0x00007fff06480000 - 0x00007fff064a7000 	C:\Users\ankas\.gradle\native\e1d6ef7f7dcc3fd88c89a11ec53ec762bb8ba0a96d01ffa2cd45eb1d1d8dd5c5\windows-amd64\native-platform.dll
0x00007fff04dd0000 - 0x00007fff04f14000 	C:\Users\ankas\.gradle\native\0d407fdbe67a94daf76414ababcb853783967236a71b16ec16e742cd7a986fd3\windows-amd64\native-platform-file-events.dll
0x00007fff1db00000 - 0x00007fff1db0a000 	C:\Program Files\Android\Android Studio\jbr\bin\management.dll
0x00007fff1c780000 - 0x00007fff1c78b000 	C:\Program Files\Android\Android Studio\jbr\bin\management_ext.dll
0x00007fff22020000 - 0x00007fff22038000 	C:\WINDOWS\SYSTEM32\CRYPTSP.dll
0x00007fff216d0000 - 0x00007fff21704000 	C:\WINDOWS\system32\rsaenh.dll
0x00007fff227c0000 - 0x00007fff227e7000 	C:\WINDOWS\System32\bcrypt.dll
0x00007fff22560000 - 0x00007fff2258e000 	C:\WINDOWS\SYSTEM32\USERENV.dll
0x00007fff22010000 - 0x00007fff2201c000 	C:\WINDOWS\SYSTEM32\CRYPTBASE.dll
0x00007fff21ac0000 - 0x00007fff21afb000 	C:\WINDOWS\SYSTEM32\IPHLPAPI.DLL
0x00007fff23a80000 - 0x00007fff23a88000 	C:\WINDOWS\System32\NSI.dll
0x00007fff17910000 - 0x00007fff17927000 	C:\WINDOWS\SYSTEM32\dhcpcsvc6.DLL
0x00007fff17930000 - 0x00007fff1794d000 	C:\WINDOWS\SYSTEM32\dhcpcsvc.DLL
0x00007fff21b10000 - 0x00007fff21bda000 	C:\WINDOWS\SYSTEM32\DNSAPI.dll
0x00007fff0a5c0000 - 0x00007fff0a5e7000 	C:\Program Files\Android\Android Studio\jbr\bin\sunec.dll

dbghelp: loaded successfully - version: 4.0.5 - missing functions: none
symbol engine: initialized successfully - sym options: 0x614 - pdb path: .;C:\Program Files\Android\Android Studio\jbr\bin;C:\WINDOWS\SYSTEM32;C:\WINDOWS\WinSxS\amd64_microsoft.windows.common-controls_6595b64144ccf1df_6.0.19041.1110_none_60b5254171f9507e;C:\Program Files\Android\Android Studio\jbr\bin\server;C:\Users\ankas\.gradle\native\e1d6ef7f7dcc3fd88c89a11ec53ec762bb8ba0a96d01ffa2cd45eb1d1d8dd5c5\windows-amd64;C:\Users\ankas\.gradle\native\0d407fdbe67a94daf76414ababcb853783967236a71b16ec16e742cd7a986fd3\windows-amd64

VM Arguments:
jvm_args: --add-opens=java.base/java.util=ALL-UNNAMED --add-opens=java.base/java.lang=ALL-UNNAMED --add-opens=java.base/java.lang.invoke=ALL-UNNAMED --add-opens=java.base/java.util=ALL-UNNAMED --add-opens=java.prefs/java.util.prefs=ALL-UNNAMED --add-opens=java.prefs/java.util.prefs=ALL-UNNAMED --add-opens=java.base/java.nio.charset=ALL-UNNAMED --add-opens=java.base/java.net=ALL-UNNAMED --add-opens=java.base/java.util.concurrent.atomic=ALL-UNNAMED -Xmx2048m -Dfile.encoding=UTF-8 -Duser.country=US -Duser.language=en -Duser.variant 
java_command: org.gradle.launcher.daemon.bootstrap.GradleDaemon 7.5
java_class_path (initial): C:\Users\ankas\.gradle\wrapper\dists\gradle-7.5-bin\f1w0cc9nuo0eivz97x2xlu9sv\gradle-7.5\lib\gradle-launcher-7.5.jar
Launcher Type: SUN_STANDARD

[Global flags]
     intx CICompilerCount                          = 3                                         {product} {ergonomic}
     uint ConcGCThreads                            = 1                                         {product} {ergonomic}
     uint G1ConcRefinementThreads                  = 4                                         {product} {ergonomic}
   size_t G1HeapRegionSize                         = 1048576                                   {product} {ergonomic}
    uintx GCDrainStackTargetSize                   = 64                                        {product} {ergonomic}
   size_t InitialHeapSize                          = 67108864                                  {product} {ergonomic}
   size_t MarkStackSize                            = 4194304                                   {product} {ergonomic}
   size_t MaxHeapSize                              = 2147483648                                {product} {command line}
   size_t MaxNewSize                               = 1287651328                                {product} {ergonomic}
   size_t MinHeapDeltaBytes                        = 1048576                                   {product} {ergonomic}
    uintx NonNMethodCodeHeapSize                   = 5830732                                {pd product} {ergonomic}
    uintx NonProfiledCodeHeapSize                  = 122913754                              {pd product} {ergonomic}
    uintx ProfiledCodeHeapSize                     = 122913754                              {pd product} {ergonomic}
    uintx ReservedCodeCacheSize                    = 251658240                              {pd product} {ergonomic}
     bool SegmentedCodeCache                       = true                                      {product} {ergonomic}
     bool UseCompressedClassPointers               = true                                 {lp64_product} {ergonomic}
     bool UseCompressedOops                        = true                                 {lp64_product} {ergonomic}
     bool UseG1GC                                  = true                                      {product} {ergonomic}
     bool UseLargePagesIndividualAllocation        = false                                  {pd product} {ergonomic}

Logging:
Log output configuration:
 #0: stdout all=warning uptime,level,tags
 #1: stderr all=off uptime,level,tags

Environment Variables:
PATH=C:\Python\Python37\Scripts\;C:\Python\Python37\;C:\Program Files\Python37\Scripts\;C:\Program Files\Python37\;C:\python\Python39\Scripts\;C:\python\Python39\;C:\Program Files (x86)\Common Files\Oracle\Java\javapath;C:\WINDOWS\system32;C:\WINDOWS;C:\WINDOWS\System32\Wbem;C:\WINDOWS\System32\WindowsPowerShell\v1.0\;C:\WINDOWS\System32\OpenSSH\;C:\Program Files\MATLAB\R2021b\bin;C:\Program Files\Microsoft SQL Server\130\Tools\Binn\;C:\Program Files\Microsoft SQL Server\Client SDK\ODBC\170\Tools\Binn\;C:\Program Files (x86)\IVI Foundation\VISA\WinNT\Bin\;C:\Program Files\IVI Foundation\VISA\Win64\Bin\;C:\Program Files (x86)\IVI Foundation\VISA\WinNT\Bin;C:\Program Files\dotnet\;C:\Program Files\NVIDIA Corporation\Nsight Compute 2022.3.0\;C:\Program Files (x86)\NVIDIA Corporation\PhysX\Common;C:\Program Files\NVIDIA Corporation\NVIDIA NvDLISR;C:\Program Files\Microsoft SQL Server\150\Tools\Binn\;C:\Program Files\Git\cmd;C:\Program Files\MySQL\MySQL Shell 8.0\bin\;C:\Users\ankas\AppData\Local\Microsoft\WindowsApps;C:\Users\ankas\.dotnet\tools;C:\Users\ankas\AppData\Local\Programs\Microsoft VS Code\bin;C:\Users\ankas\AppData\Local\GitHubDesktop\bin
USERNAME=ankas
OS=Windows_NT
PROCESSOR_IDENTIFIER=Intel64 Family 6 Model 142 Stepping 9, GenuineIntel



---------------  S Y S T E M  ---------------

OS: Windows 10 , 64 bit Build 19041 (10.0.19041.2364)
OS uptime: 0 days 5:12 hours

CPU:total 4 (initial active 4) (2 cores per cpu, 2 threads per core) family 6 model 142 stepping 9 microcode 0xb4, cmov, cx8, fxsr, mmx, sse, sse2, sse3, ssse3, sse4.1, sse4.2, popcnt, avx, avx2, aes, clmul, erms, 3dnowpref, lzcnt, ht, tsc, tscinvbit, bmi1, bmi2, adx, fma

Memory: 4k page, system-wide physical 3975M (366M free)
TotalPageFile size 9543M (AvailPageFile size 15M)
current process WorkingSet (physical memory assigned to process): 139M, peak: 475M
current process commit charge ("private bytes"): 619M, peak: 623M

vm_info: OpenJDK 64-Bit Server VM (11.0.15+0-b2043.56-8887301) for windows-amd64 JRE (11.0.15+0-b2043.56-8887301), built on Jul 29 2022 23:19:47 by "builduser" with unknown MS VC++:1929

END.
