#
# There is insufficient memory for the Java Runtime Environment to continue.
# Native memory allocation (malloc) failed to allocate 2193616 bytes for Chunk::new
# Possible reasons:
#   The system is out of physical RAM or swap space
#   The process is running with CompressedOops enabled, and the Java Heap may be blocking the growth of the native heap
# Possible solutions:
#   Reduce memory load on the system
#   Increase physical memory or swap space
#   Check if swap backing store is full
#   Decrease Java heap size (-Xmx/-Xms)
#   Decrease number of Java threads
#   Decrease Java thread stack sizes (-Xss)
#   Set larger code cache with -XX:ReservedCodeCacheSize=
#   JVM is running with Unscaled Compressed Oops mode in which the Java heap is
#     placed in the first 4GB address space. The Java Heap base address is the
#     maximum limit for the native heap growth. Please use -XX:HeapBaseMinAddress
#     to set the Java Heap base and to place the Java Heap above 4GB virtual address.
# This output file may be truncated or incomplete.
#
#  Out of Memory Error (src/hotspot/share/memory/arena.cpp:197), pid=12328, tid=2420
#
# JRE version: OpenJDK Runtime Environment (11.0.15) (build 11.0.15+0-b2043.56-8887301)
# Java VM: OpenJDK 64-Bit Server VM (11.0.15+0-b2043.56-8887301, mixed mode, tiered, compressed oops, g1 gc, windows-amd64)
# No core dump will be written. Minidumps are not enabled by default on client versions of Windows
#

---------------  S U M M A R Y ------------

Command Line: --add-opens=java.base/java.util=ALL-UNNAMED --add-opens=java.base/java.lang=ALL-UNNAMED --add-opens=java.base/java.lang.invoke=ALL-UNNAMED --add-opens=java.base/java.util=ALL-UNNAMED --add-opens=java.prefs/java.util.prefs=ALL-UNNAMED --add-opens=java.prefs/java.util.prefs=ALL-UNNAMED --add-opens=java.base/java.nio.charset=ALL-UNNAMED --add-opens=java.base/java.net=ALL-UNNAMED --add-opens=java.base/java.util.concurrent.atomic=ALL-UNNAMED -Xmx2048m -Dfile.encoding=UTF-8 -Duser.country=US -Duser.language=en -Duser.variant org.gradle.launcher.daemon.bootstrap.GradleDaemon 7.5

Host: Intel(R) Core(TM) i3-7020U CPU @ 2.30GHz, 4 cores, 3G,  Windows 10 , 64 bit Build 19041 (10.0.19041.2364)
Time: Sat Jan 21 13:58:58 2023 GTB Standard Time elapsed time: 1107.078580 seconds (0d 0h 18m 27s)

---------------  T H R E A D  ---------------

Current thread (0x000002a47d022000):  JavaThread "C2 CompilerThread0" daemon [_thread_in_native, id=2420, stack(0x000000e4cb500000,0x000000e4cb600000)]


Current CompileTask:
C2:1107079 26790       4       java.util.ComparableTimSort::binarySort (223 bytes)

Stack: [0x000000e4cb500000,0x000000e4cb600000]
Native frames: (J=compiled Java code, j=interpreted, Vv=VM code, C=native code)
V  [jvm.dll+0x64135a]
V  [jvm.dll+0x7d39f9]
V  [jvm.dll+0x7d51b9]
V  [jvm.dll+0x7d58a3]
V  [jvm.dll+0x2691c5]
V  [jvm.dll+0xc1a5c]
V  [jvm.dll+0xc200c]
V  [jvm.dll+0x377462]
V  [jvm.dll+0x342495]
V  [jvm.dll+0x34186a]
V  [jvm.dll+0x2214bd]
V  [jvm.dll+0x220498]
V  [jvm.dll+0x19e851]
V  [jvm.dll+0x230479]
V  [jvm.dll+0x22e5ef]
V  [jvm.dll+0x794de1]
V  [jvm.dll+0x78dc24]
V  [jvm.dll+0x6400f6]
C  [ucrtbase.dll+0x21bb2]
C  [KERNEL32.DLL+0x17614]
C  [ntdll.dll+0x526a1]


---------------  P R O C E S S  ---------------

Threads class SMR info:
_java_thread_list=0x000002a47f3b3600, length=37, elements={
0x000002a4723c8800, 0x000002a47cfb2000, 0x000002a47cfb5800, 0x000002a47d017800,
0x000002a47d018800, 0x000002a47d01b800, 0x000002a47d022000, 0x000002a47d023000,
0x000002a47d938800, 0x000002a47da95800, 0x000002a47eef3000, 0x000002a4102d2800,
0x000002a47f3d2000, 0x000002a40ff4c800, 0x000002a40ff4b800, 0x000002a40ff4f800,
0x000002a40ff4e000, 0x000002a40ff4d000, 0x000002a40ff4a800, 0x000002a40f0ce000,
0x000002a40f0d2800, 0x000002a40f0d0000, 0x000002a40f0d4000, 0x000002a40f0d4800,
0x000002a410259800, 0x000002a40f194800, 0x000002a40ff50800, 0x000002a410252000,
0x000002a410250800, 0x000002a415298800, 0x000002a41b3a2800, 0x000002a41b3a1000,
0x000002a41b398000, 0x000002a41b39c000, 0x000002a41b39d000, 0x000002a41b39e000,
0x000002a41b399000
}

Java Threads: ( => current thread )
  0x000002a4723c8800 JavaThread "main" [_thread_blocked, id=6532, stack(0x000000e4ca900000,0x000000e4caa00000)]
  0x000002a47cfb2000 JavaThread "Reference Handler" daemon [_thread_blocked, id=14012, stack(0x000000e4cb000000,0x000000e4cb100000)]
  0x000002a47cfb5800 JavaThread "Finalizer" daemon [_thread_blocked, id=8544, stack(0x000000e4cb100000,0x000000e4cb200000)]
  0x000002a47d017800 JavaThread "Signal Dispatcher" daemon [_thread_blocked, id=10912, stack(0x000000e4cb200000,0x000000e4cb300000)]
  0x000002a47d018800 JavaThread "Attach Listener" daemon [_thread_blocked, id=12776, stack(0x000000e4cb300000,0x000000e4cb400000)]
  0x000002a47d01b800 JavaThread "Service Thread" daemon [_thread_blocked, id=11360, stack(0x000000e4cb400000,0x000000e4cb500000)]
=>0x000002a47d022000 JavaThread "C2 CompilerThread0" daemon [_thread_in_native, id=2420, stack(0x000000e4cb500000,0x000000e4cb600000)]
  0x000002a47d023000 JavaThread "C1 CompilerThread0" daemon [_thread_blocked, id=9144, stack(0x000000e4cb600000,0x000000e4cb700000)]
  0x000002a47d938800 JavaThread "Sweeper thread" daemon [_thread_blocked, id=13972, stack(0x000000e4cb700000,0x000000e4cb800000)]
  0x000002a47da95800 JavaThread "Common-Cleaner" daemon [_thread_blocked, id=9620, stack(0x000000e4cb800000,0x000000e4cb900000)]
  0x000002a47eef3000 JavaThread "Daemon health stats" [_thread_blocked, id=13912, stack(0x000000e4cbb00000,0x000000e4cbc00000)]
  0x000002a4102d2800 JavaThread "Incoming local TCP Connector on port 53172" [_thread_in_native, id=9064, stack(0x000000e4cbc00000,0x000000e4cbd00000)]
  0x000002a47f3d2000 JavaThread "Daemon periodic checks" [_thread_blocked, id=12740, stack(0x000000e4cbd00000,0x000000e4cbe00000)]
  0x000002a40ff4c800 JavaThread "Cache worker for journal cache (C:\Users\ankas\.gradle\caches\journal-1)" [_thread_blocked, id=12208, stack(0x000000e4cc700000,0x000000e4cc800000)]
  0x000002a40ff4b800 JavaThread "File lock request listener" [_thread_in_native, id=13072, stack(0x000000e4cc800000,0x000000e4cc900000)]
  0x000002a40ff4f800 JavaThread "Cache worker for file hash cache (C:\Users\ankas\.gradle\caches\7.5\fileHashes)" [_thread_blocked, id=11668, stack(0x000000e4cc900000,0x000000e4cca00000)]
  0x000002a40ff4e000 JavaThread "File watcher server" daemon [_thread_in_native, id=8832, stack(0x000000e4cca00000,0x000000e4ccb00000)]
  0x000002a40ff4d000 JavaThread "File watcher consumer" daemon [_thread_blocked, id=364, stack(0x000000e4ccb00000,0x000000e4ccc00000)]
  0x000002a40ff4a800 JavaThread "Cache worker for file content cache (C:\Users\ankas\.gradle\caches\7.5\fileContent)" [_thread_blocked, id=4848, stack(0x000000e4cce00000,0x000000e4ccf00000)]
  0x000002a40f0ce000 JavaThread "Cache worker for execution history cache (C:\Users\ankas\.gradle\caches\7.5\executionHistory)" [_thread_blocked, id=9532, stack(0x000000e4cd100000,0x000000e4cd200000)]
  0x000002a40f0d2800 JavaThread "jar transforms" [_thread_blocked, id=6688, stack(0x000000e4cd200000,0x000000e4cd300000)]
  0x000002a40f0d0000 JavaThread "jar transforms Thread 2" [_thread_blocked, id=8568, stack(0x000000e4cd300000,0x000000e4cd400000)]
  0x000002a40f0d4000 JavaThread "jar transforms Thread 3" [_thread_blocked, id=13612, stack(0x000000e4cd400000,0x000000e4cd500000)]
  0x000002a40f0d4800 JavaThread "jar transforms Thread 4" [_thread_blocked, id=6556, stack(0x000000e4cd500000,0x000000e4cd600000)]
  0x000002a410259800 JavaThread "Memory manager" [_thread_blocked, id=10044, stack(0x000000e4d0200000,0x000000e4d0300000)]
  0x000002a40f194800 JavaThread "Cache worker for Java compile cache (C:\Users\ankas\.gradle\caches\7.5\javaCompile)" [_thread_blocked, id=4200, stack(0x000000e4d1100000,0x000000e4d1200000)]
  0x000002a40ff50800 JavaThread "ForkJoinPool.commonPool-worker-7" daemon [_thread_blocked, id=9688, stack(0x000000e4d1200000,0x000000e4d1300000)]
  0x000002a410252000 JavaThread "Daemon Thread 7" [_thread_blocked, id=8996, stack(0x000000e4ca600000,0x000000e4ca700000)]
  0x000002a410250800 JavaThread "Daemon worker Thread 7" [_thread_in_Java, id=12396, stack(0x000000e4cbe00000,0x000000e4cbf00000)]
  0x000002a415298800 JavaThread "included builds" [_thread_blocked, id=12564, stack(0x000000e4cfe00000,0x000000e4cff00000)]
  0x000002a41b3a2800 JavaThread "ForkJoinPool.commonPool-worker-1" daemon [_thread_blocked, id=11676, stack(0x000000e4d1000000,0x000000e4d1100000)]
  0x000002a41b3a1000 JavaThread "ForkJoinPool.commonPool-worker-3" daemon [_thread_blocked, id=9272, stack(0x000000e4d1300000,0x000000e4d1400000)]
  0x000002a41b398000 JavaThread "Handler for socket connection from /127.0.0.1:53172 to /127.0.0.1:53994" [_thread_in_native, id=13968, stack(0x000000e4ca700000,0x000000e4ca800000)]
  0x000002a41b39c000 JavaThread "Cancel handler" [_thread_blocked, id=8416, stack(0x000000e4ca800000,0x000000e4ca900000)]
  0x000002a41b39d000 JavaThread "Asynchronous log dispatcher for DefaultDaemonConnection: socket connection from /127.0.0.1:53172 to /127.0.0.1:53994" [_thread_blocked, id=7908, stack(0x000000e4cbf00000,0x000000e4cc000000)]
  0x000002a41b39e000 JavaThread "Stdin handler" [_thread_blocked, id=13536, stack(0x000000e4cc200000,0x000000e4cc300000)]
  0x000002a41b399000 JavaThread "Daemon client event forwarder" [_thread_blocked, id=5556, stack(0x000000e4cc300000,0x000000e4cc400000)]

Other Threads:
  0x000002a47cfb0000 VMThread "VM Thread" [stack: 0x000000e4caf00000,0x000000e4cb000000] [id=7864]
  0x000002a47daca000 WatcherThread [stack: 0x000000e4cb900000,0x000000e4cba00000] [id=2348]
  0x000002a4723e0000 GCTaskThread "GC Thread#0" [stack: 0x000000e4caa00000,0x000000e4cab00000] [id=2424]
  0x000002a47de9b000 GCTaskThread "GC Thread#1" [stack: 0x000000e4cba00000,0x000000e4cbb00000] [id=272]
  0x000002a47eaa2800 GCTaskThread "GC Thread#2" [stack: 0x000000e4cc000000,0x000000e4cc100000] [id=6632]
  0x000002a47eaa3000 GCTaskThread "GC Thread#3" [stack: 0x000000e4cc100000,0x000000e4cc200000] [id=10120]
  0x000002a472411800 ConcurrentGCThread "G1 Main Marker" [stack: 0x000000e4cab00000,0x000000e4cac00000] [id=8560]
  0x000002a472412800 ConcurrentGCThread "G1 Conc#0" [stack: 0x000000e4cac00000,0x000000e4cad00000] [id=4964]
  0x000002a47246b000 ConcurrentGCThread "G1 Refine#0" [stack: 0x000000e4cad00000,0x000000e4cae00000] [id=2876]
  0x000002a47246c000 ConcurrentGCThread "G1 Young RemSet Sampling" [stack: 0x000000e4cae00000,0x000000e4caf00000] [id=13056]

Threads with active compile tasks:
C2 CompilerThread0  1107340 26790       4       java.util.ComparableTimSort::binarySort (223 bytes)

VM state:not at safepoint (normal execution)

VM Mutex/Monitor currently owned by a thread: None

Heap address: 0x0000000080000000, size: 2048 MB, Compressed Oops mode: 32-bit
Narrow klass base: 0x0000000000000000, Narrow klass shift: 3
Compressed class space size: 1073741824 Address: 0x0000000100000000

Heap:
 garbage-first heap   total 239616K, used 196848K [0x0000000080000000, 0x0000000100000000)
  region size 1024K, 68 young (69632K), 6 survivors (6144K)
 Metaspace       used 134719K, capacity 139190K, committed 139440K, reserved 1171456K
  class space    used 16856K, capacity 18518K, committed 18584K, reserved 1048576K
Heap Regions: E=young(eden), S=young(survivor), O=old, HS=humongous(starts), HC=humongous(continues), CS=collection set, F=free, A=archive, TAMS=top-at-mark-start (previous, next)
|   0|0x0000000080000000, 0x0000000080100000, 0x0000000080100000|100%|HS|  |TAMS 0x0000000080100000, 0x0000000080000000| Complete 
|   1|0x0000000080100000, 0x0000000080200000, 0x0000000080200000|100%|HC|  |TAMS 0x0000000080200000, 0x0000000080100000| Complete 
|   2|0x0000000080200000, 0x0000000080300000, 0x0000000080300000|100%|HC|  |TAMS 0x0000000080300000, 0x0000000080200000| Complete 
|   3|0x0000000080300000, 0x0000000080400000, 0x0000000080400000|100%| O|  |TAMS 0x0000000080400000, 0x0000000080300000| Untracked 
|   4|0x0000000080400000, 0x0000000080500000, 0x0000000080500000|100%| O|  |TAMS 0x0000000080500000, 0x0000000080400000| Untracked 
|   5|0x0000000080500000, 0x0000000080600000, 0x0000000080600000|100%| O|  |TAMS 0x0000000080600000, 0x0000000080500000| Complete 
|   6|0x0000000080600000, 0x0000000080700000, 0x0000000080700000|100%| O|  |TAMS 0x0000000080700000, 0x0000000080600000| Untracked 
|   7|0x0000000080700000, 0x0000000080800000, 0x0000000080800000|100%| O|  |TAMS 0x0000000080800000, 0x0000000080700000| Untracked 
|   8|0x0000000080800000, 0x0000000080900000, 0x0000000080900000|100%| O|  |TAMS 0x0000000080900000, 0x0000000080800000| Untracked 
|   9|0x0000000080900000, 0x0000000080a00000, 0x0000000080a00000|100%| O|  |TAMS 0x0000000080a00000, 0x0000000080900000| Untracked 
|  10|0x0000000080a00000, 0x0000000080b00000, 0x0000000080b00000|100%| O|  |TAMS 0x0000000080b00000, 0x0000000080a00000| Untracked 
|  11|0x0000000080b00000, 0x0000000080c00000, 0x0000000080c00000|100%| O|  |TAMS 0x0000000080c00000, 0x0000000080b00000| Untracked 
|  12|0x0000000080c00000, 0x0000000080d00000, 0x0000000080d00000|100%| O|  |TAMS 0x0000000080d00000, 0x0000000080c00000| Untracked 
|  13|0x0000000080d00000, 0x0000000080e00000, 0x0000000080e00000|100%| O|  |TAMS 0x0000000080e00000, 0x0000000080d00000| Untracked 
|  14|0x0000000080e00000, 0x0000000080f00000, 0x0000000080f00000|100%| O|  |TAMS 0x0000000080f00000, 0x0000000080e00000| Untracked 
|  15|0x0000000080f00000, 0x0000000081000000, 0x0000000081000000|100%| O|  |TAMS 0x0000000081000000, 0x0000000080f00000| Complete 
|  16|0x0000000081000000, 0x0000000081100000, 0x0000000081100000|100%| O|  |TAMS 0x0000000081100000, 0x0000000081000000| Complete 
|  17|0x0000000081100000, 0x0000000081200000, 0x0000000081200000|100%| O|  |TAMS 0x0000000081200000, 0x0000000081100000| Complete 
|  18|0x0000000081200000, 0x0000000081300000, 0x0000000081300000|100%| O|  |TAMS 0x0000000081300000, 0x0000000081200000| Untracked 
|  19|0x0000000081300000, 0x0000000081400000, 0x0000000081400000|100%| O|  |TAMS 0x0000000081400000, 0x0000000081300000| Complete 
|  20|0x0000000081400000, 0x0000000081500000, 0x0000000081500000|100%| O|  |TAMS 0x0000000081500000, 0x0000000081400000| Untracked 
|  21|0x0000000081500000, 0x0000000081600000, 0x0000000081600000|100%| O|  |TAMS 0x0000000081600000, 0x0000000081500000| Complete 
|  22|0x0000000081600000, 0x0000000081700000, 0x0000000081700000|100%| O|  |TAMS 0x0000000081700000, 0x0000000081600000| Untracked 
|  23|0x0000000081700000, 0x0000000081800000, 0x0000000081800000|100%| O|  |TAMS 0x0000000081800000, 0x0000000081700000| Untracked 
|  24|0x0000000081800000, 0x0000000081900000, 0x0000000081900000|100%| O|  |TAMS 0x0000000081900000, 0x0000000081800000| Complete 
|  25|0x0000000081900000, 0x0000000081a00000, 0x0000000081a00000|100%| O|  |TAMS 0x0000000081a00000, 0x0000000081900000| Untracked 
|  26|0x0000000081a00000, 0x0000000081b00000, 0x0000000081b00000|100%| O|  |TAMS 0x0000000081b00000, 0x0000000081a00000| Complete 
|  27|0x0000000081b00000, 0x0000000081c00000, 0x0000000081c00000|100%| O|  |TAMS 0x0000000081c00000, 0x0000000081b00000| Untracked 
|  28|0x0000000081c00000, 0x0000000081d00000, 0x0000000081d00000|100%| O|  |TAMS 0x0000000081d00000, 0x0000000081c00000| Complete 
|  29|0x0000000081d00000, 0x0000000081e00000, 0x0000000081e00000|100%|HS|  |TAMS 0x0000000081e00000, 0x0000000081d00000| Complete 
|  30|0x0000000081e00000, 0x0000000081f00000, 0x0000000081f00000|100%|HS|  |TAMS 0x0000000081f00000, 0x0000000081e00000| Complete 
|  31|0x0000000081f00000, 0x0000000082000000, 0x0000000082000000|100%| O|  |TAMS 0x0000000082000000, 0x0000000081f00000| Untracked 
|  32|0x0000000082000000, 0x0000000082100000, 0x0000000082100000|100%| O|  |TAMS 0x0000000082100000, 0x0000000082000000| Complete 
|  33|0x0000000082100000, 0x0000000082200000, 0x0000000082200000|100%| O|  |TAMS 0x0000000082200000, 0x0000000082100000| Untracked 
|  34|0x0000000082200000, 0x0000000082300000, 0x0000000082300000|100%| O|  |TAMS 0x0000000082300000, 0x0000000082200000| Untracked 
|  35|0x0000000082300000, 0x0000000082400000, 0x0000000082400000|100%| O|  |TAMS 0x0000000082400000, 0x0000000082300000| Complete 
|  36|0x0000000082400000, 0x0000000082500000, 0x0000000082500000|100%| O|  |TAMS 0x0000000082500000, 0x0000000082400000| Untracked 
|  37|0x0000000082500000, 0x0000000082600000, 0x0000000082600000|100%| O|  |TAMS 0x0000000082600000, 0x0000000082500000| Untracked 
|  38|0x0000000082600000, 0x0000000082700000, 0x0000000082700000|100%| O|  |TAMS 0x0000000082700000, 0x0000000082600000| Untracked 
|  39|0x0000000082700000, 0x0000000082800000, 0x0000000082800000|100%| O|  |TAMS 0x0000000082800000, 0x0000000082700000| Untracked 
|  40|0x0000000082800000, 0x0000000082900000, 0x0000000082900000|100%| O|  |TAMS 0x0000000082900000, 0x0000000082800000| Complete 
|  41|0x0000000082900000, 0x0000000082a00000, 0x0000000082a00000|100%| O|  |TAMS 0x0000000082a00000, 0x0000000082900000| Complete 
|  42|0x0000000082a00000, 0x0000000082b00000, 0x0000000082b00000|100%| O|  |TAMS 0x0000000082b00000, 0x0000000082a00000| Untracked 
|  43|0x0000000082b00000, 0x0000000082c00000, 0x0000000082c00000|100%| O|  |TAMS 0x0000000082c00000, 0x0000000082b00000| Untracked 
|  44|0x0000000082c00000, 0x0000000082d00000, 0x0000000082d00000|100%| O|  |TAMS 0x0000000082d00000, 0x0000000082c00000| Complete 
|  45|0x0000000082d00000, 0x0000000082e00000, 0x0000000082e00000|100%| O|  |TAMS 0x0000000082e00000, 0x0000000082d00000| Complete 
|  46|0x0000000082e00000, 0x0000000082f00000, 0x0000000082f00000|100%| O|  |TAMS 0x0000000082f00000, 0x0000000082e00000| Complete 
|  47|0x0000000082f00000, 0x0000000083000000, 0x0000000083000000|100%| O|  |TAMS 0x0000000083000000, 0x0000000082f00000| Complete 
|  48|0x0000000083000000, 0x0000000083100000, 0x0000000083100000|100%| O|  |TAMS 0x0000000083100000, 0x0000000083000000| Untracked 
|  49|0x0000000083100000, 0x0000000083200000, 0x0000000083200000|100%| O|  |TAMS 0x0000000083200000, 0x0000000083100000| Complete 
|  50|0x0000000083200000, 0x0000000083300000, 0x0000000083300000|100%| O|  |TAMS 0x0000000083300000, 0x0000000083200000| Complete 
|  51|0x0000000083300000, 0x0000000083400000, 0x0000000083400000|100%| O|  |TAMS 0x0000000083400000, 0x0000000083300000| Untracked 
|  52|0x0000000083400000, 0x0000000083500000, 0x0000000083500000|100%| O|  |TAMS 0x0000000083500000, 0x0000000083400000| Untracked 
|  53|0x0000000083500000, 0x0000000083600000, 0x0000000083600000|100%| O|  |TAMS 0x0000000083600000, 0x0000000083500000| Untracked 
|  54|0x0000000083600000, 0x0000000083700000, 0x0000000083700000|100%| O|  |TAMS 0x0000000083700000, 0x0000000083600000| Untracked 
|  55|0x0000000083700000, 0x0000000083800000, 0x0000000083800000|100%| O|  |TAMS 0x0000000083800000, 0x0000000083700000| Complete 
|  56|0x0000000083800000, 0x0000000083900000, 0x0000000083900000|100%| O|  |TAMS 0x0000000083900000, 0x0000000083800000| Complete 
|  57|0x0000000083900000, 0x0000000083a00000, 0x0000000083a00000|100%| O|  |TAMS 0x0000000083a00000, 0x0000000083900000| Complete 
|  58|0x0000000083a00000, 0x0000000083b00000, 0x0000000083b00000|100%| O|  |TAMS 0x0000000083b00000, 0x0000000083a00000| Complete 
|  59|0x0000000083b00000, 0x0000000083c00000, 0x0000000083c00000|100%| O|  |TAMS 0x0000000083c00000, 0x0000000083b00000| Complete 
|  60|0x0000000083c00000, 0x0000000083d00000, 0x0000000083d00000|100%| O|  |TAMS 0x0000000083d00000, 0x0000000083c00000| Complete 
|  61|0x0000000083d00000, 0x0000000083e00000, 0x0000000083e00000|100%| O|  |TAMS 0x0000000083e00000, 0x0000000083d00000| Untracked 
|  62|0x0000000083e00000, 0x0000000083f00000, 0x0000000083f00000|100%| O|  |TAMS 0x0000000083f00000, 0x0000000083e00000| Complete 
|  63|0x0000000083f00000, 0x0000000084000000, 0x0000000084000000|100%| O|  |TAMS 0x0000000084000000, 0x0000000083f00000| Complete 
|  64|0x0000000084000000, 0x0000000084100000, 0x0000000084100000|100%| O|  |TAMS 0x0000000084100000, 0x0000000084000000| Complete 
|  65|0x0000000084100000, 0x0000000084200000, 0x0000000084200000|100%| O|  |TAMS 0x0000000084200000, 0x0000000084100000| Complete 
|  66|0x0000000084200000, 0x0000000084300000, 0x0000000084300000|100%| O|  |TAMS 0x0000000084300000, 0x0000000084200000| Complete 
|  67|0x0000000084300000, 0x0000000084400000, 0x0000000084400000|100%| O|  |TAMS 0x0000000084400000, 0x0000000084300000| Untracked 
|  68|0x0000000084400000, 0x0000000084500000, 0x0000000084500000|100%| O|  |TAMS 0x0000000084500000, 0x0000000084400000| Untracked 
|  69|0x0000000084500000, 0x0000000084600000, 0x0000000084600000|100%| O|  |TAMS 0x0000000084600000, 0x0000000084500000| Untracked 
|  70|0x0000000084600000, 0x0000000084700000, 0x0000000084700000|100%| O|  |TAMS 0x0000000084700000, 0x0000000084600000| Complete 
|  71|0x0000000084700000, 0x0000000084800000, 0x0000000084800000|100%| O|  |TAMS 0x0000000084800000, 0x0000000084700000| Complete 
|  72|0x0000000084800000, 0x0000000084900000, 0x0000000084900000|100%| O|  |TAMS 0x0000000084900000, 0x0000000084800000| Complete 
|  73|0x0000000084900000, 0x0000000084a00000, 0x0000000084a00000|100%| O|  |TAMS 0x0000000084a00000, 0x0000000084900000| Untracked 
|  74|0x0000000084a00000, 0x0000000084b00000, 0x0000000084b00000|100%| O|  |TAMS 0x0000000084b00000, 0x0000000084a00000| Complete 
|  75|0x0000000084b00000, 0x0000000084c00000, 0x0000000084c00000|100%| O|  |TAMS 0x0000000084c00000, 0x0000000084b00000| Complete 
|  76|0x0000000084c00000, 0x0000000084d00000, 0x0000000084d00000|100%| O|  |TAMS 0x0000000084d00000, 0x0000000084c00000| Untracked 
|  77|0x0000000084d00000, 0x0000000084e00000, 0x0000000084e00000|100%| O|  |TAMS 0x0000000084e00000, 0x0000000084d00000| Untracked 
|  78|0x0000000084e00000, 0x0000000084f00000, 0x0000000084f00000|100%| O|  |TAMS 0x0000000084f00000, 0x0000000084e00000| Complete 
|  79|0x0000000084f00000, 0x0000000085000000, 0x0000000085000000|100%| O|  |TAMS 0x0000000085000000, 0x0000000084f00000| Complete 
|  80|0x0000000085000000, 0x0000000085100000, 0x0000000085100000|100%| O|  |TAMS 0x0000000085100000, 0x0000000085000000| Untracked 
|  81|0x0000000085100000, 0x0000000085200000, 0x0000000085200000|100%| O|  |TAMS 0x0000000085200000, 0x0000000085100000| Untracked 
|  82|0x0000000085200000, 0x0000000085300000, 0x0000000085300000|100%|HS|  |TAMS 0x0000000085200000, 0x0000000085200000| Complete 
|  83|0x0000000085300000, 0x0000000085400000, 0x0000000085400000|100%|HC|  |TAMS 0x0000000085300000, 0x0000000085300000| Complete 
|  84|0x0000000085400000, 0x0000000085500000, 0x0000000085500000|100%| O|  |TAMS 0x0000000085500000, 0x0000000085400000| Untracked 
|  85|0x0000000085500000, 0x0000000085600000, 0x0000000085600000|100%| O|  |TAMS 0x0000000085600000, 0x0000000085500000| Untracked 
|  86|0x0000000085600000, 0x0000000085700000, 0x0000000085700000|100%| O|  |TAMS 0x0000000085700000, 0x0000000085600000| Untracked 
|  87|0x0000000085700000, 0x0000000085800000, 0x0000000085800000|100%| O|  |TAMS 0x0000000085800000, 0x0000000085700000| Complete 
|  88|0x0000000085800000, 0x0000000085900000, 0x0000000085900000|100%| O|  |TAMS 0x0000000085900000, 0x0000000085800000| Complete 
|  89|0x0000000085900000, 0x0000000085a00000, 0x0000000085a00000|100%| O|  |TAMS 0x0000000085a00000, 0x0000000085900000| Complete 
|  90|0x0000000085a00000, 0x0000000085b00000, 0x0000000085b00000|100%| O|  |TAMS 0x0000000085b00000, 0x0000000085a00000| Complete 
|  91|0x0000000085b00000, 0x0000000085c00000, 0x0000000085c00000|100%| O|  |TAMS 0x0000000085c00000, 0x0000000085b00000| Complete 
|  92|0x0000000085c00000, 0x0000000085d00000, 0x0000000085d00000|100%| O|  |TAMS 0x0000000085d00000, 0x0000000085c00000| Complete 
|  93|0x0000000085d00000, 0x0000000085e00000, 0x0000000085e00000|100%| O|  |TAMS 0x0000000085e00000, 0x0000000085d00000| Complete 
|  94|0x0000000085e00000, 0x0000000085f00000, 0x0000000085f00000|100%| O|  |TAMS 0x0000000085f00000, 0x0000000085e00000| Complete 
|  95|0x0000000085f00000, 0x0000000086000000, 0x0000000086000000|100%| O|  |TAMS 0x0000000086000000, 0x0000000085f00000| Untracked 
|  96|0x0000000086000000, 0x0000000086100000, 0x0000000086100000|100%| O|  |TAMS 0x0000000086100000, 0x0000000086000000| Untracked 
|  97|0x0000000086100000, 0x0000000086200000, 0x0000000086200000|100%| O|  |TAMS 0x0000000086200000, 0x0000000086100000| Complete 
|  98|0x0000000086200000, 0x0000000086300000, 0x0000000086300000|100%| O|  |TAMS 0x0000000086300000, 0x0000000086200000| Complete 
|  99|0x0000000086300000, 0x0000000086389e00, 0x0000000086400000| 53%| O|  |TAMS 0x0000000086389e00, 0x0000000086300000| Untracked 
| 100|0x0000000086400000, 0x0000000086500000, 0x0000000086500000|100%|HS|  |TAMS 0x0000000086400000, 0x0000000086400000| Complete 
| 101|0x0000000086500000, 0x0000000086600000, 0x0000000086600000|100%|HC|  |TAMS 0x0000000086500000, 0x0000000086500000| Complete 
| 102|0x0000000086600000, 0x0000000086700000, 0x0000000086700000|100%|HS|  |TAMS 0x0000000086600000, 0x0000000086600000| Complete 
| 103|0x0000000086700000, 0x0000000086800000, 0x0000000086800000|100%|HC|  |TAMS 0x0000000086700000, 0x0000000086700000| Complete 
| 104|0x0000000086800000, 0x0000000086900000, 0x0000000086900000|100%| O|  |TAMS 0x0000000086900000, 0x0000000086800000| Complete 
| 105|0x0000000086900000, 0x0000000086a00000, 0x0000000086a00000|100%|HS|  |TAMS 0x0000000086900000, 0x0000000086900000| Complete 
| 106|0x0000000086a00000, 0x0000000086b00000, 0x0000000086b00000|100%|HC|  |TAMS 0x0000000086a00000, 0x0000000086a00000| Complete 
| 107|0x0000000086b00000, 0x0000000086c00000, 0x0000000086c00000|100%|HS|  |TAMS 0x0000000086b00000, 0x0000000086b00000| Complete 
| 108|0x0000000086c00000, 0x0000000086d00000, 0x0000000086d00000|100%|HC|  |TAMS 0x0000000086c00000, 0x0000000086c00000| Complete 
| 109|0x0000000086d00000, 0x0000000086d00000, 0x0000000086e00000|  0%| F|  |TAMS 0x0000000086d00000, 0x0000000086d00000| Untracked 
| 110|0x0000000086e00000, 0x0000000086f00000, 0x0000000086f00000|100%| O|  |TAMS 0x0000000086f00000, 0x0000000086e00000| Untracked 
| 111|0x0000000086f00000, 0x0000000086f00000, 0x0000000087000000|  0%| F|  |TAMS 0x0000000086f00000, 0x0000000086f00000| Untracked 
| 112|0x0000000087000000, 0x0000000087100000, 0x0000000087100000|100%| O|  |TAMS 0x0000000087100000, 0x0000000087000000| Complete 
| 113|0x0000000087100000, 0x0000000087200000, 0x0000000087200000|100%|HS|  |TAMS 0x0000000087100000, 0x0000000087100000| Complete 
| 114|0x0000000087200000, 0x0000000087300000, 0x0000000087300000|100%|HC|  |TAMS 0x0000000087200000, 0x0000000087200000| Complete 
| 115|0x0000000087300000, 0x0000000087300000, 0x0000000087400000|  0%| F|  |TAMS 0x0000000087300000, 0x0000000087300000| Untracked 
| 116|0x0000000087400000, 0x0000000087500000, 0x0000000087500000|100%| O|  |TAMS 0x0000000087500000, 0x0000000087400000| Complete 
| 117|0x0000000087500000, 0x0000000087500000, 0x0000000087600000|  0%| F|  |TAMS 0x0000000087500000, 0x0000000087500000| Untracked 
| 118|0x0000000087600000, 0x0000000087700000, 0x0000000087700000|100%| O|  |TAMS 0x0000000087700000, 0x0000000087600000| Complete 
| 119|0x0000000087700000, 0x0000000087700000, 0x0000000087800000|  0%| F|  |TAMS 0x0000000087700000, 0x0000000087700000| Untracked 
| 120|0x0000000087800000, 0x0000000087900000, 0x0000000087900000|100%| O|  |TAMS 0x0000000087900000, 0x0000000087800000| Complete 
| 121|0x0000000087900000, 0x0000000087a00000, 0x0000000087a00000|100%| O|  |TAMS 0x0000000087a00000, 0x0000000087900000| Complete 
| 122|0x0000000087a00000, 0x0000000087b00000, 0x0000000087b00000|100%| O|  |TAMS 0x0000000087b00000, 0x0000000087a00000| Complete 
| 123|0x0000000087b00000, 0x0000000087c00000, 0x0000000087c00000|100%| O|  |TAMS 0x0000000087c00000, 0x0000000087b00000| Complete 
| 124|0x0000000087c00000, 0x0000000087d00000, 0x0000000087d00000|100%| O|  |TAMS 0x0000000087d00000, 0x0000000087c00000| Complete 
| 125|0x0000000087d00000, 0x0000000087d00000, 0x0000000087e00000|  0%| F|  |TAMS 0x0000000087d00000, 0x0000000087d00000| Untracked 
| 126|0x0000000087e00000, 0x0000000087f00000, 0x0000000087f00000|100%| O|  |TAMS 0x0000000087f00000, 0x0000000087e00000| Complete 
| 127|0x0000000087f00000, 0x0000000088000000, 0x0000000088000000|100%|HS|  |TAMS 0x0000000087f00000, 0x0000000087f00000| Complete 
| 128|0x0000000088000000, 0x0000000088100000, 0x0000000088100000|100%|HC|  |TAMS 0x0000000088000000, 0x0000000088000000| Complete 
| 129|0x0000000088100000, 0x0000000088200000, 0x0000000088200000|100%| O|  |TAMS 0x0000000088200000, 0x0000000088100000| Complete 
| 130|0x0000000088200000, 0x0000000088200000, 0x0000000088300000|  0%| F|  |TAMS 0x0000000088200000, 0x0000000088200000| Untracked 
| 131|0x0000000088300000, 0x0000000088300000, 0x0000000088400000|  0%| F|  |TAMS 0x0000000088300000, 0x0000000088300000| Untracked 
| 132|0x0000000088400000, 0x0000000088400000, 0x0000000088500000|  0%| F|  |TAMS 0x0000000088400000, 0x0000000088400000| Untracked 
| 133|0x0000000088500000, 0x0000000088600000, 0x0000000088600000|100%| O|  |TAMS 0x0000000088600000, 0x0000000088500000| Complete 
| 134|0x0000000088600000, 0x0000000088600000, 0x0000000088700000|  0%| F|  |TAMS 0x0000000088600000, 0x0000000088600000| Untracked 
| 135|0x0000000088700000, 0x0000000088800000, 0x0000000088800000|100%| O|  |TAMS 0x0000000088800000, 0x0000000088700000| Complete 
| 136|0x0000000088800000, 0x0000000088900000, 0x0000000088900000|100%| O|  |TAMS 0x0000000088900000, 0x0000000088800000| Complete 
| 137|0x0000000088900000, 0x0000000088900000, 0x0000000088a00000|  0%| F|  |TAMS 0x0000000088900000, 0x0000000088900000| Untracked 
| 138|0x0000000088a00000, 0x0000000088a00000, 0x0000000088b00000|  0%| F|  |TAMS 0x0000000088a00000, 0x0000000088a00000| Untracked 
| 139|0x0000000088b00000, 0x0000000088b00000, 0x0000000088c00000|  0%| F|  |TAMS 0x0000000088b00000, 0x0000000088b00000| Untracked 
| 140|0x0000000088c00000, 0x0000000088c00000, 0x0000000088d00000|  0%| F|  |TAMS 0x0000000088c00000, 0x0000000088c00000| Untracked 
| 141|0x0000000088d00000, 0x0000000088d00000, 0x0000000088e00000|  0%| F|  |TAMS 0x0000000088d00000, 0x0000000088d00000| Untracked 
| 142|0x0000000088e00000, 0x0000000088e00000, 0x0000000088f00000|  0%| F|  |TAMS 0x0000000088e00000, 0x0000000088e00000| Untracked 
| 143|0x0000000088f00000, 0x0000000088f00000, 0x0000000089000000|  0%| F|  |TAMS 0x0000000088f00000, 0x0000000088f00000| Untracked 
| 144|0x0000000089000000, 0x0000000089000000, 0x0000000089100000|  0%| F|  |TAMS 0x0000000089000000, 0x0000000089000000| Untracked 
| 145|0x0000000089100000, 0x0000000089100000, 0x0000000089200000|  0%| F|  |TAMS 0x0000000089100000, 0x0000000089100000| Untracked 
| 146|0x0000000089200000, 0x0000000089200000, 0x0000000089300000|  0%| F|  |TAMS 0x0000000089200000, 0x0000000089200000| Untracked 
| 147|0x0000000089300000, 0x0000000089300000, 0x0000000089400000|  0%| F|  |TAMS 0x0000000089300000, 0x0000000089300000| Untracked 
| 148|0x0000000089400000, 0x0000000089400000, 0x0000000089500000|  0%| F|  |TAMS 0x0000000089400000, 0x0000000089400000| Untracked 
| 149|0x0000000089500000, 0x0000000089500000, 0x0000000089600000|  0%| F|  |TAMS 0x0000000089500000, 0x0000000089500000| Untracked 
| 150|0x0000000089600000, 0x0000000089600000, 0x0000000089700000|  0%| F|  |TAMS 0x0000000089600000, 0x0000000089600000| Untracked 
| 151|0x0000000089700000, 0x0000000089700000, 0x0000000089800000|  0%| F|  |TAMS 0x0000000089700000, 0x0000000089700000| Untracked 
| 152|0x0000000089800000, 0x0000000089800000, 0x0000000089900000|  0%| F|  |TAMS 0x0000000089800000, 0x0000000089800000| Untracked 
| 153|0x0000000089900000, 0x0000000089900000, 0x0000000089a00000|  0%| F|  |TAMS 0x0000000089900000, 0x0000000089900000| Untracked 
| 154|0x0000000089a00000, 0x0000000089a00000, 0x0000000089b00000|  0%| F|  |TAMS 0x0000000089a00000, 0x0000000089a00000| Untracked 
| 155|0x0000000089b00000, 0x0000000089b00000, 0x0000000089c00000|  0%| F|  |TAMS 0x0000000089b00000, 0x0000000089b00000| Untracked 
| 156|0x0000000089c00000, 0x0000000089c00000, 0x0000000089d00000|  0%| F|  |TAMS 0x0000000089c00000, 0x0000000089c00000| Untracked 
| 157|0x0000000089d00000, 0x0000000089d00000, 0x0000000089e00000|  0%| F|  |TAMS 0x0000000089d00000, 0x0000000089d00000| Untracked 
| 158|0x0000000089e00000, 0x0000000089e00000, 0x0000000089f00000|  0%| F|  |TAMS 0x0000000089e00000, 0x0000000089e00000| Untracked 
| 159|0x0000000089f00000, 0x0000000089fb2270, 0x000000008a000000| 69%| S|CS|TAMS 0x0000000089f00000, 0x0000000089f00000| Complete 
| 160|0x000000008a000000, 0x000000008a100000, 0x000000008a100000|100%| S|CS|TAMS 0x000000008a000000, 0x000000008a000000| Complete 
| 161|0x000000008a100000, 0x000000008a200000, 0x000000008a200000|100%| S|CS|TAMS 0x000000008a100000, 0x000000008a100000| Complete 
| 162|0x000000008a200000, 0x000000008a300000, 0x000000008a300000|100%| S|CS|TAMS 0x000000008a200000, 0x000000008a200000| Complete 
| 163|0x000000008a300000, 0x000000008a400000, 0x000000008a400000|100%| S|CS|TAMS 0x000000008a300000, 0x000000008a300000| Complete 
| 164|0x000000008a400000, 0x000000008a500000, 0x000000008a500000|100%| S|CS|TAMS 0x000000008a400000, 0x000000008a400000| Complete 
| 165|0x000000008a500000, 0x000000008a500000, 0x000000008a600000|  0%| F|  |TAMS 0x000000008a500000, 0x000000008a500000| Untracked 
| 166|0x000000008a600000, 0x000000008a600000, 0x000000008a700000|  0%| F|  |TAMS 0x000000008a600000, 0x000000008a600000| Untracked 
| 167|0x000000008a700000, 0x000000008a700000, 0x000000008a800000|  0%| F|  |TAMS 0x000000008a700000, 0x000000008a700000| Untracked 
| 168|0x000000008a800000, 0x000000008a800000, 0x000000008a900000|  0%| F|  |TAMS 0x000000008a800000, 0x000000008a800000| Untracked 
| 169|0x000000008a900000, 0x000000008a900000, 0x000000008aa00000|  0%| F|  |TAMS 0x000000008a900000, 0x000000008a900000| Untracked 
| 170|0x000000008aa00000, 0x000000008aa00000, 0x000000008ab00000|  0%| F|  |TAMS 0x000000008aa00000, 0x000000008aa00000| Untracked 
| 171|0x000000008ab00000, 0x000000008ab00000, 0x000000008ac00000|  0%| F|  |TAMS 0x000000008ab00000, 0x000000008ab00000| Untracked 
| 172|0x000000008ac00000, 0x000000008ac4eb90, 0x000000008ad00000| 30%| E|  |TAMS 0x000000008ac00000, 0x000000008ac00000| Complete 
| 173|0x000000008ad00000, 0x000000008ae00000, 0x000000008ae00000|100%| E|CS|TAMS 0x000000008ad00000, 0x000000008ad00000| Complete 
| 174|0x000000008ae00000, 0x000000008af00000, 0x000000008af00000|100%| E|CS|TAMS 0x000000008ae00000, 0x000000008ae00000| Complete 
| 175|0x000000008af00000, 0x000000008b000000, 0x000000008b000000|100%| E|CS|TAMS 0x000000008af00000, 0x000000008af00000| Complete 
| 176|0x000000008b000000, 0x000000008b100000, 0x000000008b100000|100%| E|CS|TAMS 0x000000008b000000, 0x000000008b000000| Complete 
| 177|0x000000008b100000, 0x000000008b200000, 0x000000008b200000|100%| E|CS|TAMS 0x000000008b100000, 0x000000008b100000| Complete 
| 178|0x000000008b200000, 0x000000008b300000, 0x000000008b300000|100%| E|CS|TAMS 0x000000008b200000, 0x000000008b200000| Complete 
| 179|0x000000008b300000, 0x000000008b400000, 0x000000008b400000|100%| E|  |TAMS 0x000000008b300000, 0x000000008b300000| Complete 
| 180|0x000000008b400000, 0x000000008b500000, 0x000000008b500000|100%| E|CS|TAMS 0x000000008b400000, 0x000000008b400000| Complete 
| 181|0x000000008b500000, 0x000000008b600000, 0x000000008b600000|100%| E|CS|TAMS 0x000000008b500000, 0x000000008b500000| Complete 
| 182|0x000000008b600000, 0x000000008b700000, 0x000000008b700000|100%| E|CS|TAMS 0x000000008b600000, 0x000000008b600000| Complete 
| 183|0x000000008b700000, 0x000000008b800000, 0x000000008b800000|100%| E|CS|TAMS 0x000000008b700000, 0x000000008b700000| Complete 
| 184|0x000000008b800000, 0x000000008b900000, 0x000000008b900000|100%| E|CS|TAMS 0x000000008b800000, 0x000000008b800000| Complete 
| 185|0x000000008b900000, 0x000000008ba00000, 0x000000008ba00000|100%| E|CS|TAMS 0x000000008b900000, 0x000000008b900000| Complete 
| 186|0x000000008ba00000, 0x000000008bb00000, 0x000000008bb00000|100%| E|CS|TAMS 0x000000008ba00000, 0x000000008ba00000| Complete 
| 187|0x000000008bb00000, 0x000000008bc00000, 0x000000008bc00000|100%| E|CS|TAMS 0x000000008bb00000, 0x000000008bb00000| Complete 
| 188|0x000000008bc00000, 0x000000008bd00000, 0x000000008bd00000|100%| E|CS|TAMS 0x000000008bc00000, 0x000000008bc00000| Complete 
| 189|0x000000008bd00000, 0x000000008be00000, 0x000000008be00000|100%| E|CS|TAMS 0x000000008bd00000, 0x000000008bd00000| Complete 
| 190|0x000000008be00000, 0x000000008bf00000, 0x000000008bf00000|100%| E|CS|TAMS 0x000000008be00000, 0x000000008be00000| Complete 
| 191|0x000000008bf00000, 0x000000008c000000, 0x000000008c000000|100%| E|CS|TAMS 0x000000008bf00000, 0x000000008bf00000| Complete 
| 192|0x000000008c000000, 0x000000008c100000, 0x000000008c100000|100%| E|CS|TAMS 0x000000008c000000, 0x000000008c000000| Complete 
| 193|0x000000008c100000, 0x000000008c200000, 0x000000008c200000|100%| E|CS|TAMS 0x000000008c100000, 0x000000008c100000| Complete 
| 194|0x000000008c200000, 0x000000008c300000, 0x000000008c300000|100%| E|CS|TAMS 0x000000008c200000, 0x000000008c200000| Complete 
| 195|0x000000008c300000, 0x000000008c400000, 0x000000008c400000|100%| E|CS|TAMS 0x000000008c300000, 0x000000008c300000| Complete 
| 196|0x000000008c400000, 0x000000008c500000, 0x000000008c500000|100%| E|CS|TAMS 0x000000008c400000, 0x000000008c400000| Complete 
| 197|0x000000008c500000, 0x000000008c600000, 0x000000008c600000|100%| E|CS|TAMS 0x000000008c500000, 0x000000008c500000| Complete 
| 198|0x000000008c600000, 0x000000008c700000, 0x000000008c700000|100%| E|CS|TAMS 0x000000008c600000, 0x000000008c600000| Complete 
| 199|0x000000008c700000, 0x000000008c800000, 0x000000008c800000|100%| E|CS|TAMS 0x000000008c700000, 0x000000008c700000| Complete 
| 200|0x000000008c800000, 0x000000008c900000, 0x000000008c900000|100%| E|CS|TAMS 0x000000008c800000, 0x000000008c800000| Complete 
| 201|0x000000008c900000, 0x000000008ca00000, 0x000000008ca00000|100%| E|CS|TAMS 0x000000008c900000, 0x000000008c900000| Complete 
| 202|0x000000008ca00000, 0x000000008cb00000, 0x000000008cb00000|100%| E|CS|TAMS 0x000000008ca00000, 0x000000008ca00000| Complete 
| 203|0x000000008cb00000, 0x000000008cc00000, 0x000000008cc00000|100%| E|CS|TAMS 0x000000008cb00000, 0x000000008cb00000| Complete 
| 204|0x000000008cc00000, 0x000000008cd00000, 0x000000008cd00000|100%| E|CS|TAMS 0x000000008cc00000, 0x000000008cc00000| Complete 
| 205|0x000000008cd00000, 0x000000008ce00000, 0x000000008ce00000|100%| E|CS|TAMS 0x000000008cd00000, 0x000000008cd00000| Complete 
| 206|0x000000008ce00000, 0x000000008cf00000, 0x000000008cf00000|100%| E|CS|TAMS 0x000000008ce00000, 0x000000008ce00000| Complete 
| 207|0x000000008cf00000, 0x000000008d000000, 0x000000008d000000|100%| E|CS|TAMS 0x000000008cf00000, 0x000000008cf00000| Complete 
| 208|0x000000008d000000, 0x000000008d100000, 0x000000008d100000|100%| E|CS|TAMS 0x000000008d000000, 0x000000008d000000| Complete 
| 209|0x000000008d100000, 0x000000008d200000, 0x000000008d200000|100%| E|CS|TAMS 0x000000008d100000, 0x000000008d100000| Complete 
| 210|0x000000008d200000, 0x000000008d300000, 0x000000008d300000|100%| E|CS|TAMS 0x000000008d200000, 0x000000008d200000| Complete 
| 211|0x000000008d300000, 0x000000008d400000, 0x000000008d400000|100%| E|CS|TAMS 0x000000008d300000, 0x000000008d300000| Complete 
| 212|0x000000008d400000, 0x000000008d500000, 0x000000008d500000|100%| E|CS|TAMS 0x000000008d400000, 0x000000008d400000| Complete 
| 213|0x000000008d500000, 0x000000008d600000, 0x000000008d600000|100%| E|CS|TAMS 0x000000008d500000, 0x000000008d500000| Complete 
| 214|0x000000008d600000, 0x000000008d700000, 0x000000008d700000|100%| E|CS|TAMS 0x000000008d600000, 0x000000008d600000| Complete 
| 215|0x000000008d700000, 0x000000008d800000, 0x000000008d800000|100%| E|CS|TAMS 0x000000008d700000, 0x000000008d700000| Complete 
| 216|0x000000008d800000, 0x000000008d900000, 0x000000008d900000|100%| E|CS|TAMS 0x000000008d800000, 0x000000008d800000| Complete 
| 217|0x000000008d900000, 0x000000008da00000, 0x000000008da00000|100%| E|CS|TAMS 0x000000008d900000, 0x000000008d900000| Complete 
| 218|0x000000008da00000, 0x000000008db00000, 0x000000008db00000|100%| E|CS|TAMS 0x000000008da00000, 0x000000008da00000| Complete 
| 219|0x000000008db00000, 0x000000008dc00000, 0x000000008dc00000|100%| E|CS|TAMS 0x000000008db00000, 0x000000008db00000| Complete 
| 220|0x000000008dc00000, 0x000000008dd00000, 0x000000008dd00000|100%| E|CS|TAMS 0x000000008dc00000, 0x000000008dc00000| Complete 
| 221|0x000000008dd00000, 0x000000008de00000, 0x000000008de00000|100%| E|CS|TAMS 0x000000008dd00000, 0x000000008dd00000| Complete 
| 222|0x000000008de00000, 0x000000008df00000, 0x000000008df00000|100%| E|CS|TAMS 0x000000008de00000, 0x000000008de00000| Complete 
| 223|0x000000008df00000, 0x000000008e000000, 0x000000008e000000|100%| E|CS|TAMS 0x000000008df00000, 0x000000008df00000| Complete 
| 224|0x000000008e000000, 0x000000008e100000, 0x000000008e100000|100%| E|CS|TAMS 0x000000008e000000, 0x000000008e000000| Complete 
| 225|0x000000008e100000, 0x000000008e200000, 0x000000008e200000|100%| E|CS|TAMS 0x000000008e100000, 0x000000008e100000| Complete 
| 226|0x000000008e200000, 0x000000008e300000, 0x000000008e300000|100%| E|CS|TAMS 0x000000008e200000, 0x000000008e200000| Complete 
| 227|0x000000008e300000, 0x000000008e400000, 0x000000008e400000|100%| E|CS|TAMS 0x000000008e300000, 0x000000008e300000| Complete 
| 228|0x000000008e400000, 0x000000008e500000, 0x000000008e500000|100%| E|CS|TAMS 0x000000008e400000, 0x000000008e400000| Complete 
| 229|0x000000008e500000, 0x000000008e600000, 0x000000008e600000|100%| E|CS|TAMS 0x000000008e500000, 0x000000008e500000| Complete 
| 230|0x000000008e600000, 0x000000008e700000, 0x000000008e700000|100%| E|CS|TAMS 0x000000008e600000, 0x000000008e600000| Complete 
| 231|0x000000008e700000, 0x000000008e800000, 0x000000008e800000|100%| E|CS|TAMS 0x000000008e700000, 0x000000008e700000| Complete 
| 232|0x000000008e800000, 0x000000008e900000, 0x000000008e900000|100%| E|CS|TAMS 0x000000008e800000, 0x000000008e800000| Complete 
| 233|0x000000008e900000, 0x000000008ea00000, 0x000000008ea00000|100%| E|CS|TAMS 0x000000008e900000, 0x000000008e900000| Complete 

Card table byte_map: [0x000002a4762f0000,0x000002a4766f0000] _byte_map_base: 0x000002a475ef0000

Marking Bits (Prev, Next): (CMBitMap*) 0x000002a472408d00, (CMBitMap*) 0x000002a472408cc8
 Prev Bits: [0x000002a478af0000, 0x000002a47aaf0000)
 Next Bits: [0x000002a476af0000, 0x000002a478af0000)

Polling page: 0x000002a4702e0000

Metaspace:

Usage:
  Non-class:    117.84 MB capacity,   115.10 MB ( 98%) used,     2.21 MB (  2%) free+waste,   549.06 KB ( <1%) overhead. 
      Class:     18.08 MB capacity,    16.46 MB ( 91%) used,     1.39 MB (  8%) free+waste,   242.56 KB (  1%) overhead. 
       Both:    135.93 MB capacity,   131.56 MB ( 97%) used,     3.59 MB (  3%) free+waste,   791.62 KB ( <1%) overhead. 

Virtual space:
  Non-class space:      120.00 MB reserved,     118.02 MB ( 98%) committed 
      Class space:        1.00 GB reserved,      18.15 MB (  2%) committed 
             Both:        1.12 GB reserved,     136.17 MB ( 12%) committed 

Chunk freelists:
   Non-Class:  0 bytes
       Class:  0 bytes
        Both:  0 bytes

MaxMetaspaceSize: 17179869184.00 GB
CompressedClassSpaceSize: 1.00 GB
Initial GC threshold: 20.80 MB
Current GC threshold: 226.54 MB
CDS: off

CodeHeap 'non-profiled nmethods': size=120064Kb used=14502Kb max_used=14502Kb free=105562Kb
 bounds [0x000002a407ac0000, 0x000002a4088f0000, 0x000002a40f000000]
CodeHeap 'profiled nmethods': size=120000Kb used=52711Kb max_used=52711Kb free=67288Kb
 bounds [0x000002a400590000, 0x000002a403910000, 0x000002a407ac0000]
CodeHeap 'non-nmethods': size=5696Kb used=2481Kb max_used=2545Kb free=3214Kb
 bounds [0x000002a400000000, 0x000002a400280000, 0x000002a400590000]
 total_blobs=25092 nmethods=24068 adapters=935
 compilation: enabled
              stopped_count=0, restarted_count=0
 full_count=0

Compilation events (20 events):
Event: 1048.127 Thread 0x000002a47d022000 nmethod 26769 0x000002a4088de990 code [0x000002a4088dec60, 0x000002a4088e1b48]
Event: 1048.128 Thread 0x000002a47d022000 26772       4       java.lang.Module::allows (60 bytes)
Event: 1048.142 Thread 0x000002a47d022000 nmethod 26772 0x000002a4088e3290 code [0x000002a4088e34c0, 0x000002a4088e3ab0]
Event: 1062.132 Thread 0x000002a47d022000 26775       4       java.util.concurrent.ThreadPoolExecutor$Worker::lock (6 bytes)
Event: 1062.197 Thread 0x000002a47d022000 nmethod 26775 0x000002a4088e3f90 code [0x000002a4088e4160, 0x000002a4088e4998]
Event: 1068.161 Thread 0x000002a47d022000 26776   !   4       java.util.concurrent.ThreadPoolExecutor::getTask (177 bytes)
Event: 1068.527 Thread 0x000002a47d022000 nmethod 26776 0x000002a4088e4b90 code [0x000002a4088e4ee0, 0x000002a4088e7718]
Event: 1075.205 Thread 0x000002a47d022000 26777       4       java.io.File::isDirectory (43 bytes)
Event: 1075.304 Thread 0x000002a47d022000 nmethod 26777 0x000002a4088e8d10 code [0x000002a4088e8ec0, 0x000002a4088e91e8]
Event: 1084.939 Thread 0x000002a47d023000 26778       3       org.gradle.internal.id.RandomLongIdGenerator::generateId (5 bytes)
Event: 1084.984 Thread 0x000002a47d023000 nmethod 26778 0x000002a4038ffe10 code [0x000002a4038fffe0, 0x000002a403900238]
Event: 1084.986 Thread 0x000002a47d023000 26782       3       sun.util.locale.provider.LocaleProviderAdapter::getAdapter (177 bytes)
Event: 1085.065 Thread 0x000002a47d023000 nmethod 26782 0x000002a403900390 code [0x000002a4039006e0, 0x000002a403901ce8]
Event: 1104.929 Thread 0x000002a47d023000 26784   !   3       org.gradle.cache.internal.DefaultFileLockManager$DefaultFileLock$1::stop (188 bytes)
Event: 1105.277 Thread 0x000002a47d023000 nmethod 26784 0x000002a403902310 code [0x000002a403902800, 0x000002a403904c18]
Event: 1105.599 Thread 0x000002a47d023000 26789       1       java.net.InetSocketAddress$InetSocketAddressHolder::getAddress (5 bytes)
Event: 1105.607 Thread 0x000002a47d023000 nmethod 26789 0x000002a4088e9510 code [0x000002a4088e96c0, 0x000002a4088e9778]
Event: 1106.157 Thread 0x000002a47d022000 26790       4       java.util.ComparableTimSort::binarySort (223 bytes)
Event: 1106.935 Thread 0x000002a47d023000 26791       3       java.util.GregorianCalendar::computeFields (1571 bytes)
Event: 1107.012 Thread 0x000002a47d023000 nmethod 26791 0x000002a403905f90 code [0x000002a403906680, 0x000002a40390be78]

GC Heap History (20 events):
Event: 855.187 GC heap before
{Heap before GC invocations=103 (full 0):
 garbage-first heap   total 239616K, used 175658K [0x0000000080000000, 0x0000000100000000)
  region size 1024K, 68 young (69632K), 1 survivors (1024K)
 Metaspace       used 131808K, capacity 135772K, committed 136112K, reserved 1167360K
  class space    used 16530K, capacity 18049K, committed 18328K, reserved 1048576K
}
Event: 855.415 GC heap after
{Heap after GC invocations=104 (full 0):
 garbage-first heap   total 239616K, used 116724K [0x0000000080000000, 0x0000000100000000)
  region size 1024K, 9 young (9216K), 9 survivors (9216K)
 Metaspace       used 131808K, capacity 135772K, committed 136112K, reserved 1167360K
  class space    used 16530K, capacity 18049K, committed 18328K, reserved 1048576K
}
Event: 859.268 GC heap before
{Heap before GC invocations=105 (full 0):
 garbage-first heap   total 239616K, used 183284K [0x0000000080000000, 0x0000000100000000)
  region size 1024K, 73 young (74752K), 9 survivors (9216K)
 Metaspace       used 131962K, capacity 135908K, committed 136368K, reserved 1167360K
  class space    used 16530K, capacity 18049K, committed 18328K, reserved 1048576K
}
Event: 859.361 GC heap after
{Heap after GC invocations=106 (full 0):
 garbage-first heap   total 239616K, used 125863K [0x0000000080000000, 0x0000000100000000)
  region size 1024K, 9 young (9216K), 9 survivors (9216K)
 Metaspace       used 131962K, capacity 135908K, committed 136368K, reserved 1167360K
  class space    used 16530K, capacity 18049K, committed 18328K, reserved 1048576K
}
Event: 859.614 GC heap before
{Heap before GC invocations=106 (full 0):
 garbage-first heap   total 239616K, used 126887K [0x0000000080000000, 0x0000000100000000)
  region size 1024K, 11 young (11264K), 9 survivors (9216K)
 Metaspace       used 131962K, capacity 135908K, committed 136368K, reserved 1167360K
  class space    used 16530K, capacity 18049K, committed 18328K, reserved 1048576K
}
Event: 859.687 GC heap after
{Heap after GC invocations=107 (full 0):
 garbage-first heap   total 239616K, used 123239K [0x0000000080000000, 0x0000000100000000)
  region size 1024K, 2 young (2048K), 2 survivors (2048K)
 Metaspace       used 131962K, capacity 135908K, committed 136368K, reserved 1167360K
  class space    used 16530K, capacity 18049K, committed 18328K, reserved 1048576K
}
Event: 860.967 GC heap before
{Heap before GC invocations=107 (full 0):
 garbage-first heap   total 239616K, used 159079K [0x0000000080000000, 0x0000000100000000)
  region size 1024K, 38 young (38912K), 2 survivors (2048K)
 Metaspace       used 132114K, capacity 136103K, committed 136624K, reserved 1167360K
  class space    used 16530K, capacity 18049K, committed 18328K, reserved 1048576K
}
Event: 861.019 GC heap after
{Heap after GC invocations=108 (full 0):
 garbage-first heap   total 239616K, used 127498K [0x0000000080000000, 0x0000000100000000)
  region size 1024K, 6 young (6144K), 6 survivors (6144K)
 Metaspace       used 132114K, capacity 136103K, committed 136624K, reserved 1167360K
  class space    used 16530K, capacity 18049K, committed 18328K, reserved 1048576K
}
Event: 862.919 GC heap before
{Heap before GC invocations=109 (full 0):
 garbage-first heap   total 239616K, used 189962K [0x0000000080000000, 0x0000000100000000)
  region size 1024K, 66 young (67584K), 6 survivors (6144K)
 Metaspace       used 132392K, capacity 136325K, committed 136624K, reserved 1167360K
  class space    used 16531K, capacity 18051K, committed 18328K, reserved 1048576K
}
Event: 862.962 GC heap after
{Heap after GC invocations=110 (full 0):
 garbage-first heap   total 239616K, used 131740K [0x0000000080000000, 0x0000000100000000)
  region size 1024K, 5 young (5120K), 5 survivors (5120K)
 Metaspace       used 132392K, capacity 136325K, committed 136624K, reserved 1167360K
  class space    used 16531K, capacity 18051K, committed 18328K, reserved 1048576K
}
Event: 863.157 GC heap before
{Heap before GC invocations=110 (full 0):
 garbage-first heap   total 239616K, used 137884K [0x0000000080000000, 0x0000000100000000)
  region size 1024K, 11 young (11264K), 5 survivors (5120K)
 Metaspace       used 132428K, capacity 136391K, committed 136880K, reserved 1167360K
  class space    used 16531K, capacity 18051K, committed 18328K, reserved 1048576K
}
Event: 863.215 GC heap after
{Heap after GC invocations=111 (full 0):
 garbage-first heap   total 239616K, used 124250K [0x0000000080000000, 0x0000000100000000)
  region size 1024K, 2 young (2048K), 2 survivors (2048K)
 Metaspace       used 132428K, capacity 136391K, committed 136880K, reserved 1167360K
  class space    used 16531K, capacity 18051K, committed 18328K, reserved 1048576K
}
Event: 863.981 GC heap before
{Heap before GC invocations=111 (full 0):
 garbage-first heap   total 239616K, used 143706K [0x0000000080000000, 0x0000000100000000)
  region size 1024K, 23 young (23552K), 2 survivors (2048K)
 Metaspace       used 132466K, capacity 136392K, committed 136880K, reserved 1167360K
  class space    used 16531K, capacity 18051K, committed 18328K, reserved 1048576K
}
Event: 864.036 GC heap after
{Heap after GC invocations=112 (full 0):
 garbage-first heap   total 239616K, used 127656K [0x0000000080000000, 0x0000000100000000)
  region size 1024K, 7 young (7168K), 7 survivors (7168K)
 Metaspace       used 132466K, capacity 136392K, committed 136880K, reserved 1167360K
  class space    used 16531K, capacity 18051K, committed 18328K, reserved 1048576K
}
Event: 1030.550 GC heap before
{Heap before GC invocations=113 (full 0):
 garbage-first heap   total 239616K, used 228008K [0x0000000080000000, 0x0000000100000000)
  region size 1024K, 68 young (69632K), 7 survivors (7168K)
 Metaspace       used 133262K, capacity 137484K, committed 137648K, reserved 1169408K
  class space    used 16653K, capacity 18260K, committed 18328K, reserved 1048576K
}
Event: 1030.708 GC heap after
{Heap after GC invocations=114 (full 0):
 garbage-first heap   total 239616K, used 126106K [0x0000000080000000, 0x0000000100000000)
  region size 1024K, 6 young (6144K), 6 survivors (6144K)
 Metaspace       used 133262K, capacity 137484K, committed 137648K, reserved 1169408K
  class space    used 16653K, capacity 18260K, committed 18328K, reserved 1048576K
}
Event: 1031.398 GC heap before
{Heap before GC invocations=114 (full 0):
 garbage-first heap   total 239616K, used 130202K [0x0000000080000000, 0x0000000100000000)
  region size 1024K, 11 young (11264K), 6 survivors (6144K)
 Metaspace       used 133738K, capacity 138012K, committed 138288K, reserved 1169408K
  class space    used 16719K, capacity 18330K, committed 18456K, reserved 1048576K
}
Event: 1031.519 GC heap after
{Heap after GC invocations=115 (full 0):
 garbage-first heap   total 239616K, used 120275K [0x0000000080000000, 0x0000000100000000)
  region size 1024K, 1 young (1024K), 1 survivors (1024K)
 Metaspace       used 133738K, capacity 138012K, committed 138288K, reserved 1169408K
  class space    used 16719K, capacity 18330K, committed 18456K, reserved 1048576K
}
Event: 1042.480 GC heap before
{Heap before GC invocations=115 (full 0):
 garbage-first heap   total 239616K, used 187859K [0x0000000080000000, 0x0000000100000000)
  region size 1024K, 69 young (70656K), 1 survivors (1024K)
 Metaspace       used 134543K, capacity 138899K, committed 139184K, reserved 1169408K
  class space    used 16830K, capacity 18470K, committed 18584K, reserved 1048576K
}
Event: 1042.678 GC heap after
{Heap after GC invocations=116 (full 0):
 garbage-first heap   total 239616K, used 125168K [0x0000000080000000, 0x0000000100000000)
  region size 1024K, 6 young (6144K), 6 survivors (6144K)
 Metaspace       used 134543K, capacity 138899K, committed 139184K, reserved 1169408K
  class space    used 16830K, capacity 18470K, committed 18584K, reserved 1048576K
}

Deoptimization events (20 events):
Event: 1047.144 Thread 0x000002a41b398000 DEOPT PACKING pc=0x000002a401a8eaeb sp=0x000000e4d0ffd3d0
Event: 1047.146 Thread 0x000002a41b398000 DEOPT UNPACKING pc=0x000002a40004a95e sp=0x000000e4d0ffc898 mode 0
Event: 1047.391 Thread 0x000002a40ff50800 Uncommon trap: trap_request=0xffffff4d fr.pc=0x000002a407f22b20 relative=0x0000000000000540
Event: 1047.391 Thread 0x000002a40ff50800 Uncommon trap: reason=unstable_if action=reinterpret pc=0x000002a407f22b20 method=java.util.zip.DeflaterOutputStream.deflate()V @ 19 c2
Event: 1047.391 Thread 0x000002a40ff50800 DEOPT PACKING pc=0x000002a407f22b20 sp=0x000000e4d12fe8c0
Event: 1047.392 Thread 0x000002a40ff50800 DEOPT UNPACKING pc=0x000002a40004a1af sp=0x000000e4d12fe898 mode 2
Event: 1047.540 Thread 0x000002a41b398000 DEOPT PACKING pc=0x000002a4038f5b3c sp=0x000000e4d0ffcfa0
Event: 1047.541 Thread 0x000002a41b398000 DEOPT UNPACKING pc=0x000002a40004a95e sp=0x000000e4d0ffc428 mode 0
Event: 1047.542 Thread 0x000002a41b398000 DEOPT PACKING pc=0x000002a4038f5b3c sp=0x000000e4d0ffcfa0
Event: 1047.543 Thread 0x000002a41b398000 DEOPT UNPACKING pc=0x000002a40004a95e sp=0x000000e4d0ffc428 mode 0
Event: 1047.544 Thread 0x000002a41b398000 DEOPT PACKING pc=0x000002a4038f5b3c sp=0x000000e4d0ffcf50
Event: 1047.544 Thread 0x000002a41b398000 DEOPT UNPACKING pc=0x000002a40004a95e sp=0x000000e4d0ffc3c8 mode 0
Event: 1047.545 Thread 0x000002a41b398000 DEOPT PACKING pc=0x000002a4025f696d sp=0x000000e4d0ffcf20
Event: 1047.546 Thread 0x000002a41b398000 DEOPT UNPACKING pc=0x000002a40004a95e sp=0x000000e4d0ffc398 mode 0
Event: 1047.546 Thread 0x000002a41b398000 DEOPT PACKING pc=0x000002a4038f5b3c sp=0x000000e4d0ffcf10
Event: 1047.546 Thread 0x000002a41b398000 DEOPT UNPACKING pc=0x000002a40004a95e sp=0x000000e4d0ffc398 mode 0
Event: 1047.755 Thread 0x000002a410250800 Uncommon trap: trap_request=0xffffff7e fr.pc=0x000002a408887508 relative=0x0000000000000428
Event: 1047.755 Thread 0x000002a410250800 Uncommon trap: reason=predicate action=maybe_recompile pc=0x000002a408887508 method=com.google.common.collect.ImmutableList.copyIntoArray([Ljava/lang/Object;I)I @ 11 c2
Event: 1047.755 Thread 0x000002a410250800 DEOPT PACKING pc=0x000002a408887508 sp=0x000000e4cbefb3d0
Event: 1047.755 Thread 0x000002a410250800 DEOPT UNPACKING pc=0x000002a40004a1af sp=0x000000e4cbefb380 mode 2

Classes redefined (0 events):
No events

Internal exceptions (20 events):
Event: 1044.490 Thread 0x000002a41529d000 Exception <a 'sun/nio/fs/WindowsException'{0x000000008cbd94e0}> (0x000000008cbd94e0) thrown at [src/hotspot/share/prims/jni.cpp, line 617]
Event: 1044.490 Thread 0x000002a41529d000 Exception <a 'sun/nio/fs/WindowsException'{0x000000008cbd9648}> (0x000000008cbd9648) thrown at [src/hotspot/share/prims/jni.cpp, line 617]
Event: 1044.495 Thread 0x000002a41529d000 Exception <a 'sun/nio/fs/WindowsException'{0x000000008ca0d3d0}> (0x000000008ca0d3d0) thrown at [src/hotspot/share/prims/jni.cpp, line 617]
Event: 1044.495 Thread 0x000002a41529d000 Exception <a 'sun/nio/fs/WindowsException'{0x000000008ca0d558}> (0x000000008ca0d558) thrown at [src/hotspot/share/prims/jni.cpp, line 617]
Event: 1044.548 Thread 0x000002a41529d000 Exception <a 'sun/nio/fs/WindowsException'{0x000000008c9047e8}> (0x000000008c9047e8) thrown at [src/hotspot/share/prims/jni.cpp, line 617]
Event: 1044.548 Thread 0x000002a41529d000 Exception <a 'sun/nio/fs/WindowsException'{0x000000008c904948}> (0x000000008c904948) thrown at [src/hotspot/share/prims/jni.cpp, line 617]
Event: 1044.563 Thread 0x000002a41529d000 Exception <a 'sun/nio/fs/WindowsException'{0x000000008c97f110}> (0x000000008c97f110) thrown at [src/hotspot/share/prims/jni.cpp, line 617]
Event: 1044.563 Thread 0x000002a41529d000 Exception <a 'sun/nio/fs/WindowsException'{0x000000008c97f298}> (0x000000008c97f298) thrown at [src/hotspot/share/prims/jni.cpp, line 617]
Event: 1044.620 Thread 0x000002a41529d000 Exception <a 'sun/nio/fs/WindowsException'{0x000000008c7728c0}> (0x000000008c7728c0) thrown at [src/hotspot/share/prims/jni.cpp, line 617]
Event: 1044.638 Thread 0x000002a41529d000 Exception <a 'sun/nio/fs/WindowsException'{0x000000008c782298}> (0x000000008c782298) thrown at [src/hotspot/share/prims/jni.cpp, line 617]
Event: 1044.666 Thread 0x000002a41529d000 Exception <a 'sun/nio/fs/WindowsException'{0x000000008c643678}> (0x000000008c643678) thrown at [src/hotspot/share/prims/jni.cpp, line 617]
Event: 1044.666 Thread 0x000002a41529d000 Exception <a 'sun/nio/fs/WindowsException'{0x000000008c6437e0}> (0x000000008c6437e0) thrown at [src/hotspot/share/prims/jni.cpp, line 617]
Event: 1044.683 Thread 0x000002a41529d000 Exception <a 'sun/nio/fs/WindowsException'{0x000000008c5d60b0}> (0x000000008c5d60b0) thrown at [src/hotspot/share/prims/jni.cpp, line 617]
Event: 1046.157 Thread 0x000002a415299000 Exception <a 'sun/nio/fs/WindowsException'{0x000000008bf275a8}> (0x000000008bf275a8) thrown at [src/hotspot/share/prims/jni.cpp, line 617]
Event: 1046.675 Thread 0x000002a415299000 Exception <a 'sun/nio/fs/WindowsException'{0x000000008bda5748}> (0x000000008bda5748) thrown at [src/hotspot/share/prims/jni.cpp, line 617]
Event: 1046.816 Thread 0x000002a41529e000 Exception <a 'sun/nio/fs/WindowsException'{0x000000008bc88430}> (0x000000008bc88430) thrown at [src/hotspot/share/prims/jni.cpp, line 617]
Event: 1046.892 Thread 0x000002a41529e000 Exception <a 'sun/nio/fs/WindowsException'{0x000000008bbd8278}> (0x000000008bbd8278) thrown at [src/hotspot/share/prims/jni.cpp, line 617]
Event: 1047.747 Thread 0x000002a410250800 Exception <a 'sun/nio/fs/WindowsException'{0x000000008b2ecf28}> (0x000000008b2ecf28) thrown at [src/hotspot/share/prims/jni.cpp, line 617]
Event: 1047.747 Thread 0x000002a410250800 Exception <a 'sun/nio/fs/WindowsException'{0x000000008b2ecfb0}> (0x000000008b2ecfb0) thrown at [src/hotspot/share/prims/jni.cpp, line 617]
Event: 1047.748 Thread 0x000002a410250800 Exception <a 'sun/nio/fs/WindowsException'{0x000000008b2ee910}> (0x000000008b2ee910) thrown at [src/hotspot/share/prims/jni.cpp, line 617]

Events (20 events):
Event: 1047.996 Thread 0x000002a415291000 Thread exited: 0x000002a415291000
Event: 1047.997 Thread 0x000002a40f19b000 Thread exited: 0x000002a40f19b000
Event: 1047.997 Thread 0x000002a40f192000 Thread exited: 0x000002a40f192000
Event: 1047.999 Thread 0x000002a40f0db800 Thread exited: 0x000002a40f0db800
Event: 1047.999 Thread 0x000002a415293800 Thread exited: 0x000002a415293800
Event: 1047.999 Thread 0x000002a40f19e800 Thread exited: 0x000002a40f19e800
Event: 1048.000 Thread 0x000002a415296800 Thread exited: 0x000002a415296800
Event: 1048.006 Thread 0x000002a410254800 Thread exited: 0x000002a410254800
Event: 1048.016 Thread 0x000002a410254000 Thread exited: 0x000002a410254000
Event: 1048.023 Executing VM operation: RevokeBias
Event: 1048.024 Executing VM operation: RevokeBias done
Event: 1048.024 Thread 0x000002a410255800 Thread exited: 0x000002a410255800
Event: 1048.051 Thread 0x000002a410253000 Thread exited: 0x000002a410253000
Event: 1048.060 Executing VM operation: RevokeBias
Event: 1048.061 Executing VM operation: RevokeBias done
Event: 1048.064 Executing VM operation: RevokeBias
Event: 1048.064 Executing VM operation: RevokeBias done
Event: 1048.065 Thread 0x000002a410251800 Thread exited: 0x000002a410251800
Event: 1106.058 Thread 0x000002a41b398000 Thread added: 0x000002a41b398000
Event: 1106.565 Thread 0x000002a41b39c000 Thread added: 0x000002a41b39c000


Dynamic libraries:
0x00007ff6b40c0000 - 0x00007ff6b40ca000 	C:\Program Files\Android\Android Studio\jbr\bin\java.exe
0x00007ffa676b0000 - 0x00007ffa678a8000 	C:\WINDOWS\SYSTEM32\ntdll.dll
0x00007ffa66c80000 - 0x00007ffa66d3f000 	C:\WINDOWS\System32\KERNEL32.DLL
0x00007ffa651a0000 - 0x00007ffa65472000 	C:\WINDOWS\System32\KERNELBASE.dll
0x00007ffa64e10000 - 0x00007ffa64f10000 	C:\WINDOWS\System32\ucrtbase.dll
0x00007ffa49ce0000 - 0x00007ffa49cfb000 	C:\Program Files\Android\Android Studio\jbr\bin\VCRUNTIME140.dll
0x00007ffa444e0000 - 0x00007ffa444f7000 	C:\Program Files\Android\Android Studio\jbr\bin\jli.dll
0x00007ffa65940000 - 0x00007ffa65ae1000 	C:\WINDOWS\System32\USER32.dll
0x00007ffa65670000 - 0x00007ffa65692000 	C:\WINDOWS\System32\win32u.dll
0x00007ffa67590000 - 0x00007ffa675bb000 	C:\WINDOWS\System32\GDI32.dll
0x00007ffa64f10000 - 0x00007ffa6501f000 	C:\WINDOWS\System32\gdi32full.dll
0x00007ffa65020000 - 0x00007ffa650bd000 	C:\WINDOWS\System32\msvcp_win.dll
0x00007ffa51a20000 - 0x00007ffa51cba000 	C:\WINDOWS\WinSxS\amd64_microsoft.windows.common-controls_6595b64144ccf1df_6.0.19041.1110_none_60b5254171f9507e\COMCTL32.dll
0x00007ffa656f0000 - 0x00007ffa6578e000 	C:\WINDOWS\System32\msvcrt.dll
0x00007ffa66c30000 - 0x00007ffa66c62000 	C:\WINDOWS\System32\IMM32.DLL
0x00007ffa44450000 - 0x00007ffa444dd000 	C:\Program Files\Android\Android Studio\jbr\bin\msvcp140.dll
0x00007ffa46f60000 - 0x00007ffa46f6c000 	C:\WINDOWS\SYSTEM32\VCRUNTIME140_1.dll
0x00007ffa22e80000 - 0x00007ffa23a3c000 	C:\Program Files\Android\Android Studio\jbr\bin\server\jvm.dll
0x00007ffa67270000 - 0x00007ffa6731e000 	C:\WINDOWS\System32\ADVAPI32.dll
0x00007ffa675c0000 - 0x00007ffa6765c000 	C:\WINDOWS\System32\sechost.dll
0x00007ffa66b00000 - 0x00007ffa66c25000 	C:\WINDOWS\System32\RPCRT4.dll
0x00007ffa4d5e0000 - 0x00007ffa4d607000 	C:\WINDOWS\SYSTEM32\WINMM.dll
0x00007ffa5bce0000 - 0x00007ffa5bcea000 	C:\WINDOWS\SYSTEM32\VERSION.dll
0x00007ffa65930000 - 0x00007ffa65938000 	C:\WINDOWS\System32\PSAPI.DLL
0x00007ffa478b0000 - 0x00007ffa478b9000 	C:\WINDOWS\SYSTEM32\WSOCK32.dll
0x00007ffa669e0000 - 0x00007ffa66a4b000 	C:\WINDOWS\System32\ws2_32.DLL
0x00007ffa635f0000 - 0x00007ffa63602000 	C:\WINDOWS\SYSTEM32\kernel.appcore.dll
0x00007ffa60460000 - 0x00007ffa60470000 	C:\Program Files\Android\Android Studio\jbr\bin\verify.dll
0x00007ffa62b60000 - 0x00007ffa62d44000 	C:\WINDOWS\SYSTEM32\DBGHELP.DLL
0x00007ffa4a000000 - 0x00007ffa4a035000 	C:\WINDOWS\SYSTEM32\dbgcore.DLL
0x00007ffa65480000 - 0x00007ffa65502000 	C:\WINDOWS\System32\bcryptPrimitives.dll
0x00007ffa5e150000 - 0x00007ffa5e178000 	C:\Program Files\Android\Android Studio\jbr\bin\java.dll
0x00007ffa60450000 - 0x00007ffa6045a000 	C:\Program Files\Android\Android Studio\jbr\bin\jimage.dll
0x00007ffa603d0000 - 0x00007ffa603e8000 	C:\Program Files\Android\Android Studio\jbr\bin\zip.dll
0x00007ffa65cd0000 - 0x00007ffa66414000 	C:\WINDOWS\System32\SHELL32.dll
0x00007ffa62d50000 - 0x00007ffa634e2000 	C:\WINDOWS\SYSTEM32\windows.storage.dll
0x00007ffa66e80000 - 0x00007ffa671d5000 	C:\WINDOWS\System32\combase.dll
0x00007ffa64800000 - 0x00007ffa64830000 	C:\WINDOWS\SYSTEM32\Wldp.dll
0x00007ffa65c20000 - 0x00007ffa65ccd000 	C:\WINDOWS\System32\SHCORE.dll
0x00007ffa65790000 - 0x00007ffa657e5000 	C:\WINDOWS\System32\shlwapi.dll
0x00007ffa64ce0000 - 0x00007ffa64cff000 	C:\WINDOWS\SYSTEM32\profapi.dll
0x00007ffa5e130000 - 0x00007ffa5e149000 	C:\Program Files\Android\Android Studio\jbr\bin\net.dll
0x00007ffa55210000 - 0x00007ffa5531c000 	C:\WINDOWS\SYSTEM32\WINHTTP.dll
0x00007ffa64560000 - 0x00007ffa645ca000 	C:\WINDOWS\system32\mswsock.dll
0x00007ffa4b660000 - 0x00007ffa4b673000 	C:\Program Files\Android\Android Studio\jbr\bin\nio.dll
0x00007ffa44500000 - 0x00007ffa44527000 	C:\Users\ankas\.gradle\native\e1d6ef7f7dcc3fd88c89a11ec53ec762bb8ba0a96d01ffa2cd45eb1d1d8dd5c5\windows-amd64\native-platform.dll
0x00007ffa3c640000 - 0x00007ffa3c784000 	C:\Users\ankas\.gradle\native\0d407fdbe67a94daf76414ababcb853783967236a71b16ec16e742cd7a986fd3\windows-amd64\native-platform-file-events.dll
0x00007ffa60440000 - 0x00007ffa6044a000 	C:\Program Files\Android\Android Studio\jbr\bin\management.dll
0x00007ffa60080000 - 0x00007ffa6008b000 	C:\Program Files\Android\Android Studio\jbr\bin\management_ext.dll
0x00007ffa64760000 - 0x00007ffa64778000 	C:\WINDOWS\SYSTEM32\CRYPTSP.dll
0x00007ffa63e10000 - 0x00007ffa63e44000 	C:\WINDOWS\system32\rsaenh.dll
0x00007ffa650c0000 - 0x00007ffa650e7000 	C:\WINDOWS\System32\bcrypt.dll
0x00007ffa64ca0000 - 0x00007ffa64cce000 	C:\WINDOWS\SYSTEM32\USERENV.dll
0x00007ffa64750000 - 0x00007ffa6475c000 	C:\WINDOWS\SYSTEM32\CRYPTBASE.dll
0x00007ffa64200000 - 0x00007ffa6423b000 	C:\WINDOWS\SYSTEM32\IPHLPAPI.DLL
0x00007ffa67660000 - 0x00007ffa67668000 	C:\WINDOWS\System32\NSI.dll
0x00007ffa5b8d0000 - 0x00007ffa5b8e7000 	C:\WINDOWS\SYSTEM32\dhcpcsvc6.DLL
0x00007ffa5b8b0000 - 0x00007ffa5b8cd000 	C:\WINDOWS\SYSTEM32\dhcpcsvc.DLL
0x00007ffa64250000 - 0x00007ffa6431a000 	C:\WINDOWS\SYSTEM32\DNSAPI.dll
0x00007ffa604f0000 - 0x00007ffa60517000 	C:\Program Files\Android\Android Studio\jbr\bin\sunec.dll
0x00007ffa516f0000 - 0x00007ffa516fa000 	C:\Windows\System32\rasadhlp.dll
0x00007ffa50cb0000 - 0x00007ffa50d30000 	C:\WINDOWS\System32\fwpuclnt.dll
0x00007ffa63f30000 - 0x00007ffa63f63000 	C:\WINDOWS\SYSTEM32\ntmarta.dll

dbghelp: loaded successfully - version: 4.0.5 - missing functions: none
symbol engine: initialized successfully - sym options: 0x614 - pdb path: .;C:\Program Files\Android\Android Studio\jbr\bin;C:\WINDOWS\SYSTEM32;C:\WINDOWS\WinSxS\amd64_microsoft.windows.common-controls_6595b64144ccf1df_6.0.19041.1110_none_60b5254171f9507e;C:\Program Files\Android\Android Studio\jbr\bin\server;C:\Users\ankas\.gradle\native\e1d6ef7f7dcc3fd88c89a11ec53ec762bb8ba0a96d01ffa2cd45eb1d1d8dd5c5\windows-amd64;C:\Users\ankas\.gradle\native\0d407fdbe67a94daf76414ababcb853783967236a71b16ec16e742cd7a986fd3\windows-amd64

VM Arguments:
jvm_args: --add-opens=java.base/java.util=ALL-UNNAMED --add-opens=java.base/java.lang=ALL-UNNAMED --add-opens=java.base/java.lang.invoke=ALL-UNNAMED --add-opens=java.base/java.util=ALL-UNNAMED --add-opens=java.prefs/java.util.prefs=ALL-UNNAMED --add-opens=java.prefs/java.util.prefs=ALL-UNNAMED --add-opens=java.base/java.nio.charset=ALL-UNNAMED --add-opens=java.base/java.net=ALL-UNNAMED --add-opens=java.base/java.util.concurrent.atomic=ALL-UNNAMED -Xmx2048m -Dfile.encoding=UTF-8 -Duser.country=US -Duser.language=en -Duser.variant 
java_command: org.gradle.launcher.daemon.bootstrap.GradleDaemon 7.5
java_class_path (initial): C:\Users\ankas\.gradle\wrapper\dists\gradle-7.5-bin\f1w0cc9nuo0eivz97x2xlu9sv\gradle-7.5\lib\gradle-launcher-7.5.jar
Launcher Type: SUN_STANDARD

[Global flags]
     intx CICompilerCount                          = 3                                         {product} {ergonomic}
     uint ConcGCThreads                            = 1                                         {product} {ergonomic}
     uint G1ConcRefinementThreads                  = 4                                         {product} {ergonomic}
   size_t G1HeapRegionSize                         = 1048576                                   {product} {ergonomic}
    uintx GCDrainStackTargetSize                   = 64                                        {product} {ergonomic}
   size_t InitialHeapSize                          = 67108864                                  {product} {ergonomic}
   size_t MarkStackSize                            = 4194304                                   {product} {ergonomic}
   size_t MaxHeapSize                              = 2147483648                                {product} {command line}
   size_t MaxNewSize                               = 1287651328                                {product} {ergonomic}
   size_t MinHeapDeltaBytes                        = 1048576                                   {product} {ergonomic}
    uintx NonNMethodCodeHeapSize                   = 5830732                                {pd product} {ergonomic}
    uintx NonProfiledCodeHeapSize                  = 122913754                              {pd product} {ergonomic}
    uintx ProfiledCodeHeapSize                     = 122913754                              {pd product} {ergonomic}
    uintx ReservedCodeCacheSize                    = 251658240                              {pd product} {ergonomic}
     bool SegmentedCodeCache                       = true                                      {product} {ergonomic}
     bool UseCompressedClassPointers               = true                                 {lp64_product} {ergonomic}
     bool UseCompressedOops                        = true                                 {lp64_product} {ergonomic}
     bool UseG1GC                                  = true                                      {product} {ergonomic}
     bool UseLargePagesIndividualAllocation        = false                                  {pd product} {ergonomic}

Logging:
Log output configuration:
 #0: stdout all=warning uptime,level,tags
 #1: stderr all=off uptime,level,tags

Environment Variables:
PATH=C:\Python\Python37\Scripts\;C:\Python\Python37\;C:\Program Files\Python37\Scripts\;C:\Program Files\Python37\;C:\python\Python39\Scripts\;C:\python\Python39\;C:\Program Files (x86)\Common Files\Oracle\Java\javapath;C:\WINDOWS\system32;C:\WINDOWS;C:\WINDOWS\System32\Wbem;C:\WINDOWS\System32\WindowsPowerShell\v1.0\;C:\WINDOWS\System32\OpenSSH\;C:\Program Files\MATLAB\R2021b\bin;C:\Program Files\Microsoft SQL Server\130\Tools\Binn\;C:\Program Files\Microsoft SQL Server\Client SDK\ODBC\170\Tools\Binn\;C:\Program Files (x86)\IVI Foundation\VISA\WinNT\Bin\;C:\Program Files\IVI Foundation\VISA\Win64\Bin\;C:\Program Files (x86)\IVI Foundation\VISA\WinNT\Bin;C:\Program Files\dotnet\;C:\Program Files\NVIDIA Corporation\Nsight Compute 2022.3.0\;C:\Program Files (x86)\NVIDIA Corporation\PhysX\Common;C:\Program Files\NVIDIA Corporation\NVIDIA NvDLISR;C:\Program Files\Microsoft SQL Server\150\Tools\Binn\;C:\Program Files\Git\cmd;C:\Program Files\MySQL\MySQL Shell 8.0\bin\;C:\Users\ankas\AppData\Local\Microsoft\WindowsApps;C:\Users\ankas\.dotnet\tools;C:\Users\ankas\AppData\Local\Programs\Microsoft VS Code\bin;C:\Users\ankas\AppData\Local\GitHubDesktop\bin
USERNAME=ankas
OS=Windows_NT
PROCESSOR_IDENTIFIER=Intel64 Family 6 Model 142 Stepping 9, GenuineIntel



---------------  S Y S T E M  ---------------

OS: Windows 10 , 64 bit Build 19041 (10.0.19041.2364)
OS uptime: 0 days 4:00 hours

CPU:total 4 (initial active 4) (2 cores per cpu, 2 threads per core) family 6 model 142 stepping 9 microcode 0xb4, cmov, cx8, fxsr, mmx, sse, sse2, sse3, ssse3, sse4.1, sse4.2, popcnt, avx, avx2, aes, clmul, erms, 3dnowpref, lzcnt, ht, tsc, tscinvbit, bmi1, bmi2, adx, fma

Memory: 4k page, system-wide physical 3975M (98M free)
TotalPageFile size 9543M (AvailPageFile size 0M)
current process WorkingSet (physical memory assigned to process): 56M, peak: 462M
current process commit charge ("private bytes"): 614M, peak: 624M

vm_info: OpenJDK 64-Bit Server VM (11.0.15+0-b2043.56-8887301) for windows-amd64 JRE (11.0.15+0-b2043.56-8887301), built on Jul 29 2022 23:19:47 by "builduser" with unknown MS VC++:1929

END.
